#
# There is insufficient memory for the Java Runtime Environment to continue.
# Native memory allocation (mmap) failed to map 134217728 bytes. Error detail: G1 virtual space
# Possible reasons:
#   The system is out of physical RAM or swap space
#   This process is running with CompressedOops enabled, and the Java Heap may be blocking the growth of the native heap
# Possible solutions:
#   Reduce memory load on the system
#   Increase physical memory or swap space
#   Check if swap backing store is full
#   Decrease Java heap size (-Xmx/-Xms)
#   Decrease number of Java threads
#   Decrease Java thread stack sizes (-Xss)
#   Set larger code cache with -XX:ReservedCodeCacheSize=
#   JVM is running with Unscaled Compressed Oops mode in which the Java heap is
#     placed in the first 4GB address space. The Java Heap base address is the
#     maximum limit for the native heap growth. Please use -XX:HeapBaseMinAddress
#     to set the Java Heap base and to place the Java Heap above 4GB virtual address.
# This output file may be truncated or incomplete.
#
#  Out of Memory Error (os_windows.cpp:3825), pid=14592, tid=14432
#
# JRE version:  (17.0.11) (build )
# Java VM: OpenJDK 64-Bit Server VM (17.0.11+0--11852314, mixed mode, sharing, tiered, compressed oops, compressed class ptrs, g1 gc, windows-amd64)
# No core dump will be written. Minidumps are not enabled by default on client versions of Windows
#

---------------  S U M M A R Y ------------

Command Line: git4idea.http.GitAskPassApp Username for 'https://github.com': 

Host: Intel(R) Core(TM) i5-5350U CPU @ 1.80GHz, 4 cores, 7G,  Windows 10 , 64 bit Build 19041 (10.0.19041.5198)
Time: Mon Feb  3 20:03:04 2025 Egypt Standard Time elapsed time: 0.056889 seconds (0d 0h 0m 0s)

---------------  T H R E A D  ---------------

Current thread (0x00000226fec82450):  JavaThread "Unknown thread" [_thread_in_vm, id=14432, stack(0x0000004f44e00000,0x0000004f44f00000)]

Stack: [0x0000004f44e00000,0x0000004f44f00000]
Native frames: (J=compiled Java code, j=interpreted, Vv=VM code, C=native code)
V  [jvm.dll+0x687bb9]
V  [jvm.dll+0x84142a]
V  [jvm.dll+0x8430ae]
V  [jvm.dll+0x843713]
V  [jvm.dll+0x24a35f]
V  [jvm.dll+0x684989]
V  [jvm.dll+0x67923a]
V  [jvm.dll+0x30af0b]
V  [jvm.dll+0x3123b6]
V  [jvm.dll+0x361dfe]
V  [jvm.dll+0x36202f]
V  [jvm.dll+0x2e0d38]
V  [jvm.dll+0x2e1ca4]
V  [jvm.dll+0x811f21]
V  [jvm.dll+0x36fb68]
V  [jvm.dll+0x7f0896]
V  [jvm.dll+0x3f3d2f]
V  [jvm.dll+0x3f58e1]
C  [jli.dll+0x528f]
C  [ucrtbase.dll+0x21bb2]
C  [KERNEL32.DLL+0x17374]
C  [ntdll.dll+0x4cc91]


---------------  P R O C E S S  ---------------

Threads class SMR info:
_java_thread_list=0x00007ffc8310efd8, length=0, elements={
}

Java Threads: ( => current thread )

Other Threads:
  0x00000226fecdbbd0 GCTaskThread "GC Thread#0" [stack: 0x0000004f44f00000,0x0000004f45000000] [id=10652]
  0x00000226fececfc0 ConcurrentGCThread "G1 Main Marker" [stack: 0x0000004f45000000,0x0000004f45100000] [id=14832]
  0x00000226feced9e0 ConcurrentGCThread "G1 Conc#0" [stack: 0x0000004f45100000,0x0000004f45200000] [id=2364]

[error occurred during error reporting (printing all threads), id 0xc0000005, EXCEPTION_ACCESS_VIOLATION (0xc0000005) at pc=0x00007ffc828c1907]

VM state: not at safepoint (not fully initialized)

VM Mutex/Monitor currently owned by a thread:  ([mutex/lock_event])
[0x00000226fec7d560] Heap_lock - owner thread: 0x00000226fec82450

Heap address: 0x0000000081800000, size: 2024 MB, Compressed Oops mode: 32-bit

CDS archive(s) mapped at: [0x0000000000000000-0x0000000000000000-0x0000000000000000), size 0, SharedBaseAddress: 0x0000000800000000, ArchiveRelocationMode: 1.
Narrow klass base: 0x0000000000000000, Narrow klass shift: 0, Narrow klass range: 0x0

GC Precious Log:
<Empty>

Heap:
 garbage-first heap   total 0K, used 0K [0x0000000081800000, 0x0000000100000000)
  region size 1024K, 0 young (0K), 0 survivors (0K)
 Metaspace       used 0K, committed 0K, reserved 0K
  class space    used 0K, committed 0K, reserved 0K

Heap Regions: E=young(eden), S=young(survivor), O=old, HS=humongous(starts), HC=humongous(continues), CS=collection set, F=free, OA=open archive, CA=closed archive, TAMS=top-at-mark-start (previous, next)

Card table byte_map: [0x00000226ffb30000,0x00000226fff30000] _byte_map_base: 0x00000226ff724000

Marking Bits (Prev, Next): (CMBitMap*) 0x00000226fecdc1f0, (CMBitMap*) 0x00000226fecdc230
 Prev Bits: [0x0000022693c30000, 0x0000022695bd0000)
 Next Bits: [0x0000022695bd0000, 0x0000022697b70000)

GC Heap History (0 events):
No events

Dll operation events (1 events):
Event: 0.030 Loaded shared library C:\Program Files\Android\Android Studio\jbr\bin\java.dll

Deoptimization events (0 events):
No events

Classes unloaded (0 events):
No events

Classes redefined (0 events):
No events

Internal exceptions (0 events):
No events

VM Operations (0 events):
No events

Events (0 events):
No events


Dynamic libraries:
0x00007ff60e590000 - 0x00007ff60e59a000 	C:\Program Files\Android\Android Studio\jbr\bin\java.exe
0x00007ffce6050000 - 0x00007ffce6248000 	C:\Windows\SYSTEM32\ntdll.dll
0x00007ffce5290000 - 0x00007ffce5352000 	C:\Windows\System32\KERNEL32.DLL
0x00007ffce3cc0000 - 0x00007ffce3fbf000 	C:\Windows\System32\KERNELBASE.dll
0x00007ffce3ae0000 - 0x00007ffce3be0000 	C:\Windows\System32\ucrtbase.dll
0x00007ffcdd6c0000 - 0x00007ffcdd6d7000 	C:\Program Files\Android\Android Studio\jbr\bin\jli.dll
0x00007ffcde5d0000 - 0x00007ffcde5eb000 	C:\Program Files\Android\Android Studio\jbr\bin\VCRUNTIME140.dll
0x00007ffce53e0000 - 0x00007ffce557d000 	C:\Windows\System32\USER32.dll
0x00007ffce3fc0000 - 0x00007ffce3fe2000 	C:\Windows\System32\win32u.dll
0x00007ffce4810000 - 0x00007ffce483b000 	C:\Windows\System32\GDI32.dll
0x00007ffce3990000 - 0x00007ffce3aa7000 	C:\Windows\System32\gdi32full.dll
0x00007ffce36e0000 - 0x00007ffce377d000 	C:\Windows\System32\msvcp_win.dll
0x00007ffccf400000 - 0x00007ffccf69a000 	C:\Windows\WinSxS\amd64_microsoft.windows.common-controls_6595b64144ccf1df_6.0.19041.4355_none_60b8b9eb71f62e16\COMCTL32.dll
0x00007ffce5a00000 - 0x00007ffce5a9e000 	C:\Windows\System32\msvcrt.dll
0x00007ffce5c70000 - 0x00007ffce5c9f000 	C:\Windows\System32\IMM32.DLL
0x00007ffcde5c0000 - 0x00007ffcde5cc000 	C:\Program Files\Android\Android Studio\jbr\bin\vcruntime140_1.dll
0x00007ffcd3320000 - 0x00007ffcd33ad000 	C:\Program Files\Android\Android Studio\jbr\bin\msvcp140.dll
0x00007ffc825d0000 - 0x00007ffc83253000 	C:\Program Files\Android\Android Studio\jbr\bin\server\jvm.dll
0x00007ffce41c0000 - 0x00007ffce4271000 	C:\Windows\System32\ADVAPI32.dll
0x00007ffce5bd0000 - 0x00007ffce5c6f000 	C:\Windows\System32\sechost.dll
0x00007ffce5aa0000 - 0x00007ffce5bc3000 	C:\Windows\System32\RPCRT4.dll
0x00007ffce3ab0000 - 0x00007ffce3ad7000 	C:\Windows\System32\bcrypt.dll
0x00007ffce3540000 - 0x00007ffce358b000 	C:\Windows\SYSTEM32\POWRPROF.dll
0x00007ffcd3440000 - 0x00007ffcd3449000 	C:\Windows\SYSTEM32\WSOCK32.dll
0x00007ffce5010000 - 0x00007ffce507b000 	C:\Windows\System32\WS2_32.dll
0x00007ffcd0b30000 - 0x00007ffcd0b57000 	C:\Windows\SYSTEM32\WINMM.dll
0x00007ffcd7160000 - 0x00007ffcd716a000 	C:\Windows\SYSTEM32\VERSION.dll
0x00007ffce3520000 - 0x00007ffce3532000 	C:\Windows\SYSTEM32\UMPDC.dll
0x00007ffce1540000 - 0x00007ffce1552000 	C:\Windows\SYSTEM32\kernel.appcore.dll
0x00007ffce0d10000 - 0x00007ffce0d1a000 	C:\Program Files\Android\Android Studio\jbr\bin\jimage.dll
0x00007ffcd0bc0000 - 0x00007ffcd0da4000 	C:\Windows\SYSTEM32\DBGHELP.DLL
0x00007ffcd0a10000 - 0x00007ffcd0a44000 	C:\Windows\SYSTEM32\dbgcore.DLL
0x00007ffce3c30000 - 0x00007ffce3cb2000 	C:\Windows\System32\bcryptPrimitives.dll
0x00007ffcde710000 - 0x00007ffcde735000 	C:\Program Files\Android\Android Studio\jbr\bin\java.dll

dbghelp: loaded successfully - version: 4.0.5 - missing functions: none
symbol engine: initialized successfully - sym options: 0x614 - pdb path: .;C:\Program Files\Android\Android Studio\jbr\bin;C:\Windows\SYSTEM32;C:\Windows\WinSxS\amd64_microsoft.windows.common-controls_6595b64144ccf1df_6.0.19041.4355_none_60b8b9eb71f62e16;C:\Program Files\Android\Android Studio\jbr\bin\server

VM Arguments:
java_command: git4idea.http.GitAskPassApp Username for 'https://github.com': 
java_class_path (initial): C:/Program Files/Android/Android Studio/plugins/vcs-git/lib/git4idea-rt.jar;C:/Program Files/Android/Android Studio/lib/externalProcess-rt.jar
Launcher Type: SUN_STANDARD

[Global flags]
     intx CICompilerCount                          = 3                                         {product} {ergonomic}
     uint ConcGCThreads                            = 1                                         {product} {ergonomic}
     uint G1ConcRefinementThreads                  = 4                                         {product} {ergonomic}
   size_t G1HeapRegionSize                         = 1048576                                   {product} {ergonomic}
    uintx GCDrainStackTargetSize                   = 64                                        {product} {ergonomic}
   size_t InitialHeapSize                          = 134217728                                 {product} {ergonomic}
   size_t MarkStackSize                            = 4194304                                   {product} {ergonomic}
   size_t MaxHeapSize                              = 2122317824                                {product} {ergonomic}
   size_t MinHeapDeltaBytes                        = 1048576                                   {product} {ergonomic}
   size_t MinHeapSize                              = 8388608                                   {product} {ergonomic}
    uintx NonNMethodCodeHeapSize                   = 5832780                                {pd product} {ergonomic}
    uintx NonProfiledCodeHeapSize                  = 122912730                              {pd product} {ergonomic}
    uintx ProfiledCodeHeapSize                     = 122912730                              {pd product} {ergonomic}
    uintx ReservedCodeCacheSize                    = 251658240                              {pd product} {ergonomic}
     bool SegmentedCodeCache                       = true                                      {product} {ergonomic}
   size_t SoftMaxHeapSize                          = 2122317824                             {manageable} {ergonomic}
     bool UseCompressedClassPointers               = true                           {product lp64_product} {ergonomic}
     bool UseCompressedOops                        = true                           {product lp64_product} {ergonomic}
     bool UseG1GC                                  = true                                      {product} {ergonomic}
     bool UseLargePagesIndividualAllocation        = false                                  {pd product} {ergonomic}

Logging:
Log output configuration:
 #0: stdout all=warning uptime,level,tags
 #1: stderr all=off uptime,level,tags

Environment Variables:
JAVA_HOME=C:\Program Files\Java\jdk-17.0.4.1
PATH=C:\Program Files\Git\mingw64\libexec\git-core;C:\Program Files\Git\mingw64\libexec\git-core;C:\Program Files\Git\mingw64\bin;C:\Program Files\Git\usr\bin;C:\Users\Mohamed Yasser\bin;C:\Program Files\Microsoft SDKs\Azure\CLI2\wbin;C:\Program Files\Python312\Scripts;C:\Program Files\Python312;C:\Program Files\Common Files\Oracle\Java\javapath;C:\Windows\system32;C:\Windows;C:\Windows\System32\Wbem;C:\Windows\System32\WindowsPowerShell\v1.0;C:\Windows\System32\OpenSSH;C:\src\flutter\bin;C:\Program Files\scarpy\scrcpy-win64-v2.3.1;C:\Program Files\node js;C:\New folder\Scripts;C:\Program Files\MySQL\MySQL Shell 8.0\bin\mysql.exe;C:\Program Files\MySQL\MySQL Server 8.0\bin;C:\Users\Mohamed Yasser\AppData\Local\Pub\Cache\bin\flutterfire;C:\Users\Mohamed Yasser\AppData\Local\Pub\Cache\bi;C:\Users\Mohamed Yasser\AppData\Roaming\npm;C:\MinGW\bin;C:\Program Files\Git\cmd;C:\Program Files\dart-sdk\bin;C:\Program Files\Microsoft SDKs\Azure\CLI2\wbin;C:\Program Files\Python312\Scripts;C:\Program Files\Python312;C:\Program Files\Common Files\Oracle\Java\javapath;C:\Windows\system32;C:\Windows;C:\Windows\System32\Wbem;C:\Windows\System32\WindowsPowerShell\v1.0;C:\Windows\System32\OpenSSH;C:\src\flutter\bin;C:\Program Files\Git\cmd;C:\Program Files\scarpy\scrcpy-win64-v2.3.1;C:\Program Files\node js;C:\New folder\Scripts;C:\Program Files\Docker\Docker\resources\bin;C:\Program Files\MySQL\MySQL Shell 8.0\bin\mysql.exe;C:\Program Files\MySQL\MySQL Server 8.0\bin;C:\Program Files\MySQL\MySQL Shell 8.0\bin;C:\New folder;C:\New folder\Library\mingw-w64\bin;C:\New folder\Library\usr\bin;C:\New folder\Library\bin;C:\New folder\Scripts;C:\Users\Mohamed Yasser\AppData\Local\Microsoft\WindowsApps;C:\Users\Mohamed Yasser\AppData\Local\Programs\Microsoft VS Code\bin;C:\Program Files\dart-sdk\bin;C:\src\flutter\bin;C:\src\Android\Sdk;D:\Programming_languages\Flutter\My_project\android\gradle;D:\Programming_languages\F;C:\Users\Mohamed Yasser\AppData\Local\Pub\Cache\bin\flutterfire;C:\Users\Mo
USERNAME=Mohamed Yasser
DISPLAY=:0.0
LC_ALL=en_US.UTF-8
TERM=xterm-256color
TMPDIR=C:\Users\MOHAME~1\AppData\Local\Temp
OS=Windows_NT
PROCESSOR_IDENTIFIER=Intel64 Family 6 Model 61 Stepping 4, GenuineIntel
TMP=C:\Users\MOHAME~1\AppData\Local\Temp
TEMP=C:\Users\MOHAME~1\AppData\Local\Temp



Periodic native trim disabled

JNI global refs:
JNI global refs: 0, weak refs: 0

JNI global refs memory usage: 0, weak refs: 0

Process memory usage:
Resident Set Size: 10792K (0% of 8288700K total physical memory with 442528K free physical memory)

OOME stack traces (most recent first):
Classloader memory used:


---------------  S Y S T E M  ---------------

OS:
 Windows 10 , 64 bit Build 19041 (10.0.19041.5198)
OS uptime: 0 days 5:54 hours

CPU: total 4 (initial active 4) (2 cores per cpu, 2 threads per core) family 6 model 61 stepping 4 microcode 0x2f, cx8, cmov, fxsr, ht, mmx, 3dnowpref, sse, sse2, sse3, ssse3, sse4.1, sse4.2, popcnt, lzcnt, tsc, tscinvbit, avx, avx2, aes, erms, clmul, bmi1, bmi2, rtm, adx, fma, vzeroupper, clflush
Processor Information for all 4 processors :
  Max Mhz: 1801, Current Mhz: 1801, Mhz Limit: 1801

Memory: 4k page, system-wide physical 8094M (432M free)
TotalPageFile size 13062M (AvailPageFile size 148M)
current process WorkingSet (physical memory assigned to process): 10M, peak: 10M
current process commit charge ("private bytes"): 51M, peak: 179M

vm_info: OpenJDK 64-Bit Server VM (17.0.11+0--11852314) for windows-amd64 JRE (17.0.11+0--11852314), built on May 16 2024 21:29:20 by "androidbuild" with MS VC++ 16.10 / 16.11 (VS2019)

END.
