#
# There is insufficient memory for the Java Runtime Environment to continue.
# Native memory allocation (mmap) failed to map 16777216 bytes. Error detail: G1 virtual space
# Possible reasons:
#   The system is out of physical RAM or swap space
#   This process is running with CompressedOops enabled, and the Java Heap may be blocking the growth of the native heap
# Possible solutions:
#   Reduce memory load on the system
#   Increase physical memory or swap space
#   Check if swap backing store is full
#   Decrease Java heap size (-Xmx/-Xms)
#   Decrease number of Java threads
#   Decrease Java thread stack sizes (-Xss)
#   Set larger code cache with -XX:ReservedCodeCacheSize=
#   JVM is running with Zero Based Compressed Oops mode in which the Java heap is
#     placed in the first 32GB address space. The Java Heap base address is the
#     maximum limit for the native heap growth. Please use -XX:HeapBaseMinAddress
#     to set the Java Heap base and to place the Java Heap above 32GB virtual address.
# This output file may be truncated or incomplete.
#
#  Out of Memory Error (os_windows.cpp:3825), pid=13608, tid=12024
#
# JRE version: OpenJDK Runtime Environment (17.0.11) (build 17.0.11+0--11852314)
# Java VM: OpenJDK 64-Bit Server VM (17.0.11+0--11852314, mixed mode, tiered, compressed oops, compressed class ptrs, g1 gc, windows-amd64)
# No core dump will be written. Minidumps are not enabled by default on client versions of Windows
#

---------------  S U M M A R Y ------------

Command Line: -XX:MaxMetaspaceSize=2G -XX:+HeapDumpOnOutOfMemoryError --add-opens=java.base/java.util=ALL-UNNAMED --add-opens=java.base/java.lang=ALL-UNNAMED --add-opens=java.base/java.lang.invoke=ALL-UNNAMED --add-opens=java.prefs/java.util.prefs=ALL-UNNAMED --add-opens=java.base/java.nio.charset=ALL-UNNAMED --add-opens=java.base/java.net=ALL-UNNAMED --add-opens=java.base/java.util.concurrent.atomic=ALL-UNNAMED -Xmx4G -Dfile.encoding=windows-1252 -Duser.country=US -Duser.language=en -Duser.variant -javaagent:C:\Users\Mohamed Yasser\.gradle\wrapper\dists\gradle-8.3-all\6en3ugtfdg5xnpx44z4qbwgas\gradle-8.3\lib\agents\gradle-instrumentation-agent-8.3.jar org.gradle.launcher.daemon.bootstrap.GradleDaemon 8.3

Host: Intel(R) Core(TM) i5-5350U CPU @ 1.80GHz, 4 cores, 7G,  Windows 10 , 64 bit Build 19041 (10.0.19041.5198)
Time: Sun Feb  2 22:57:33 2025 Egypt Standard Time elapsed time: 27.216732 seconds (0d 0h 0m 27s)

---------------  T H R E A D  ---------------

Current thread (0x000001acbc1603c0):  VMThread "VM Thread" [stack: 0x00000001f6900000,0x00000001f6a00000] [id=12024]

Stack: [0x00000001f6900000,0x00000001f6a00000]
Native frames: (J=compiled Java code, j=interpreted, Vv=VM code, C=native code)
V  [jvm.dll+0x687bb9]
V  [jvm.dll+0x84142a]
V  [jvm.dll+0x8430ae]
V  [jvm.dll+0x843713]
V  [jvm.dll+0x24a35f]
V  [jvm.dll+0x684989]
V  [jvm.dll+0x67923a]
V  [jvm.dll+0x30af0b]
V  [jvm.dll+0x3123b6]
V  [jvm.dll+0x361dfe]
V  [jvm.dll+0x36202f]
V  [jvm.dll+0x2e0d38]
V  [jvm.dll+0x2e3e26]
V  [jvm.dll+0x2ee63a]
V  [jvm.dll+0x323270]
V  [jvm.dll+0x847e0b]
V  [jvm.dll+0x848b42]
V  [jvm.dll+0x84905d]
V  [jvm.dll+0x849434]
V  [jvm.dll+0x849500]
V  [jvm.dll+0x7efa4a]
V  [jvm.dll+0x686a35]
C  [ucrtbase.dll+0x21bb2]
C  [KERNEL32.DLL+0x17374]
C  [ntdll.dll+0x4cc91]

VM_Operation (0x00000001f65ff380): G1PauseRemark, mode: safepoint, requested by thread 0x000001ac9c062d50


---------------  P R O C E S S  ---------------

Threads class SMR info:
_java_thread_list=0x000001acc4e41b30, length=56, elements={
0x000001ac9bfe51a0, 0x000001acbc2d3140, 0x000001acbc145c60, 0x000001acbc300830,
0x000001acbc301200, 0x000001acbc301ad0, 0x000001acbc3023a0, 0x000001acbc2f86a0,
0x000001acbc30f0f0, 0x000001acbc31a1e0, 0x000001acbc16e250, 0x000001acbc5f0f40,
0x000001acc2a23240, 0x000001acc1297760, 0x000001acc1c4c310, 0x000001acc2774810,
0x000001acc146b1b0, 0x000001acc1d7df90, 0x000001acc1d7fdf0, 0x000001acc1d7f3d0,
0x000001acc1d7d570, 0x000001acc1d80810, 0x000001acc1d80300, 0x000001acc1d7d060,
0x000001acc1d7da80, 0x000001acc1d7e4a0, 0x000001acc1d7eec0, 0x000001acc1d7f8e0,
0x000001acc1d9a4a0, 0x000001acc1d9c300, 0x000001acc1da1400, 0x000001acc1d9cd20,
0x000001acc1d9e670, 0x000001acc1d99f90, 0x000001acc1d9e160, 0x000001acc1da1910,
0x000001acc1d9f090, 0x000001acc1da09e0, 0x000001acc1d9b8e0, 0x000001acc1da0ef0,
0x000001acc1d9aec0, 0x000001acc1d9c810, 0x000001acc1d9fab0, 0x000001acc33ba010,
0x000001acc33bb960, 0x000001acc33be1e0, 0x000001acc33b9b00, 0x000001acc33b86c0,
0x000001acc33bec00, 0x000001acc33bc890, 0x000001acc33b8bd0, 0x000001acc33b90e0,
0x000001acc33bcda0, 0x000001acc33baf40, 0x000001acc33bc380, 0x000001acc33bd7c0
}

Java Threads: ( => current thread )
  0x000001ac9bfe51a0 JavaThread "main" [_thread_blocked, id=3052, stack(0x00000001f6300000,0x00000001f6400000)]
  0x000001acbc2d3140 JavaThread "Reference Handler" daemon [_thread_blocked, id=3392, stack(0x00000001f6a00000,0x00000001f6b00000)]
  0x000001acbc145c60 JavaThread "Finalizer" daemon [_thread_blocked, id=4524, stack(0x00000001f6b00000,0x00000001f6c00000)]
  0x000001acbc300830 JavaThread "Signal Dispatcher" daemon [_thread_blocked, id=9844, stack(0x00000001f6c00000,0x00000001f6d00000)]
  0x000001acbc301200 JavaThread "Attach Listener" daemon [_thread_blocked, id=12520, stack(0x00000001f6d00000,0x00000001f6e00000)]
  0x000001acbc301ad0 JavaThread "Service Thread" daemon [_thread_blocked, id=1056, stack(0x00000001f6e00000,0x00000001f6f00000)]
  0x000001acbc3023a0 JavaThread "Monitor Deflation Thread" daemon [_thread_blocked, id=12392, stack(0x00000001f6f00000,0x00000001f7000000)]
  0x000001acbc2f86a0 JavaThread "C2 CompilerThread0" daemon [_thread_blocked, id=11992, stack(0x00000001f7000000,0x00000001f7100000)]
  0x000001acbc30f0f0 JavaThread "C1 CompilerThread0" daemon [_thread_blocked, id=7436, stack(0x00000001f7100000,0x00000001f7200000)]
  0x000001acbc31a1e0 JavaThread "Sweeper thread" daemon [_thread_blocked, id=2976, stack(0x00000001f7200000,0x00000001f7300000)]
  0x000001acbc16e250 JavaThread "Common-Cleaner" daemon [_thread_blocked, id=12396, stack(0x00000001f7300000,0x00000001f7400000)]
  0x000001acbc5f0f40 JavaThread "Notification Thread" daemon [_thread_blocked, id=12220, stack(0x00000001f7400000,0x00000001f7500000)]
  0x000001acc2a23240 JavaThread "Daemon health stats" [_thread_blocked, id=10008, stack(0x00000001f7a00000,0x00000001f7b00000)]
  0x000001acc1297760 JavaThread "Incoming local TCP Connector on port 52295" [_thread_in_native, id=13288, stack(0x00000001f7b00000,0x00000001f7c00000)]
  0x000001acc1c4c310 JavaThread "Daemon periodic checks" [_thread_blocked, id=5896, stack(0x00000001f7c00000,0x00000001f7d00000)]
  0x000001acc2774810 JavaThread "Daemon" [_thread_blocked, id=3412, stack(0x00000001f7d00000,0x00000001f7e00000)]
  0x000001acc146b1b0 JavaThread "Handler for socket connection from /127.0.0.1:52295 to /127.0.0.1:52296" [_thread_in_native, id=13620, stack(0x00000001f7e00000,0x00000001f7f00000)]
  0x000001acc1d7df90 JavaThread "Cancel handler" [_thread_blocked, id=12600, stack(0x00000001f7f00000,0x00000001f8000000)]
  0x000001acc1d7fdf0 JavaThread "Daemon worker" [_thread_blocked, id=7096, stack(0x00000001f8000000,0x00000001f8100000)]
  0x000001acc1d7f3d0 JavaThread "Asynchronous log dispatcher for DefaultDaemonConnection: socket connection from /127.0.0.1:52295 to /127.0.0.1:52296" [_thread_blocked, id=3300, stack(0x00000001f8100000,0x00000001f8200000)]
  0x000001acc1d7d570 JavaThread "Stdin handler" [_thread_blocked, id=12176, stack(0x00000001f8200000,0x00000001f8300000)]
  0x000001acc1d80810 JavaThread "Daemon client event forwarder" [_thread_blocked, id=1348, stack(0x00000001f8300000,0x00000001f8400000)]
  0x000001acc1d80300 JavaThread "Cache worker for journal cache (C:\Users\Mohamed Yasser\.gradle\caches\journal-1)" [_thread_blocked, id=8392, stack(0x00000001f7600000,0x00000001f7700000)]
  0x000001acc1d7d060 JavaThread "File lock request listener" [_thread_in_native, id=13840, stack(0x00000001f8400000,0x00000001f8500000)]
  0x000001acc1d7da80 JavaThread "Cache worker for file hash cache (C:\Users\Mohamed Yasser\.gradle\caches\8.3\fileHashes)" [_thread_blocked, id=12748, stack(0x00000001f8500000,0x00000001f8600000)]
  0x000001acc1d7e4a0 JavaThread "File watcher server" daemon [_thread_in_native, id=13784, stack(0x00000001f8700000,0x00000001f8800000)]
  0x000001acc1d7eec0 JavaThread "File watcher consumer" daemon [_thread_blocked, id=3312, stack(0x00000001f8800000,0x00000001f8900000)]
  0x000001acc1d7f8e0 JavaThread "Cache worker for checksums cache (D:\Flutter_block_version_one\trend_bloc\trend\android\.gradle\8.3\checksums)" [_thread_blocked, id=3724, stack(0x00000001f8900000,0x00000001f8a00000)]
  0x000001acc1d9a4a0 JavaThread "Cache worker for file hash cache (D:\Flutter_block_version_one\trend_bloc\trend\android\.gradle\8.3\fileHashes)" [_thread_blocked, id=13388, stack(0x00000001f8a00000,0x00000001f8b00000)]
  0x000001acc1d9c300 JavaThread "Cache worker for cache directory md-supplier (C:\Users\Mohamed Yasser\.gradle\caches\8.3\md-supplier)" [_thread_blocked, id=3600, stack(0x00000001f8b00000,0x00000001f8c00000)]
  0x000001acc1da1400 JavaThread "Cache worker for file content cache (C:\Users\Mohamed Yasser\.gradle\caches\8.3\fileContent)" [_thread_blocked, id=12948, stack(0x00000001f8c00000,0x00000001f8d00000)]
  0x000001acc1d9cd20 JavaThread "Cache worker for cache directory md-rule (C:\Users\Mohamed Yasser\.gradle\caches\8.3\md-rule)" [_thread_blocked, id=10276, stack(0x00000001f8d00000,0x00000001f8e00000)]
  0x000001acc1d9e670 JavaThread "Cache worker for execution history cache (C:\Users\Mohamed Yasser\.gradle\caches\8.3\executionHistory)" [_thread_blocked, id=7808, stack(0x00000001f8e00000,0x00000001f8f00000)]
  0x000001acc1d99f90 JavaThread "jar transforms" [_thread_blocked, id=13136, stack(0x00000001f9000000,0x00000001f9100000)]
  0x000001acc1d9e160 JavaThread "Cache worker for kotlin-dsl (C:\Users\Mohamed Yasser\.gradle\caches\8.3\kotlin-dsl)" [_thread_blocked, id=6536, stack(0x00000001f9100000,0x00000001f9200000)]
  0x000001acc1da1910 JavaThread "jar transforms Thread 2" [_thread_blocked, id=2944, stack(0x00000001f9200000,0x00000001f9300000)]
  0x000001acc1d9f090 JavaThread "jar transforms Thread 3" [_thread_blocked, id=12112, stack(0x00000001f9300000,0x00000001f9400000)]
  0x000001acc1da09e0 JavaThread "Cache worker for dependencies-accessors (D:\Flutter_block_version_one\trend_bloc\trend\android\.gradle\8.3\dependencies-accessors)" [_thread_blocked, id=9672, stack(0x00000001f9400000,0x00000001f9500000)]
  0x000001acc1d9b8e0 JavaThread "Cache worker for Build Output Cleanup Cache (C:\src\flutter\packages\flutter_tools\gradle\.gradle\buildOutputCleanup)" [_thread_blocked, id=5556, stack(0x00000001f9500000,0x00000001f9600000)]
  0x000001acc1da0ef0 JavaThread "jar transforms Thread 4" [_thread_blocked, id=13328, stack(0x00000001f9600000,0x00000001f9700000)]
  0x000001acc1d9aec0 JavaThread "Memory manager" [_thread_blocked, id=5516, stack(0x00000001f9700000,0x00000001f9800000)]
  0x000001acc1d9c810 JavaThread "included builds" [_thread_blocked, id=5448, stack(0x00000001f9800000,0x00000001f9900000)]
  0x000001acc1d9fab0 JavaThread "Execution worker" [_thread_blocked, id=10724, stack(0x00000001f9900000,0x00000001f9a00000)]
  0x000001acc33ba010 JavaThread "Execution worker Thread 2" [_thread_blocked, id=13704, stack(0x00000001f9a00000,0x00000001f9b00000)]
  0x000001acc33bb960 JavaThread "Execution worker Thread 3" [_thread_blocked, id=10416, stack(0x00000001f9b00000,0x00000001f9c00000)]
  0x000001acc33be1e0 JavaThread "Cache worker for execution history cache (C:\src\flutter\packages\flutter_tools\gradle\.gradle\8.3\executionHistory)" [_thread_blocked, id=13228, stack(0x00000001f9c00000,0x00000001f9d00000)]
  0x000001acc33b9b00 JavaThread "Unconstrained build operations" [_thread_blocked, id=5868, stack(0x00000001f9d00000,0x00000001f9e00000)]
  0x000001acc33b86c0 JavaThread "Unconstrained build operations Thread 2" [_thread_blocked, id=5628, stack(0x00000001f9e00000,0x00000001f9f00000)]
  0x000001acc33bec00 JavaThread "Unconstrained build operations Thread 3" [_thread_blocked, id=6016, stack(0x00000001f9f00000,0x00000001fa000000)]
  0x000001acc33bc890 JavaThread "Unconstrained build operations Thread 4" [_thread_blocked, id=9304, stack(0x00000001fa000000,0x00000001fa100000)]
  0x000001acc33b8bd0 JavaThread "Unconstrained build operations Thread 5" [_thread_blocked, id=3660, stack(0x00000001fa100000,0x00000001fa200000)]
  0x000001acc33b90e0 JavaThread "Unconstrained build operations Thread 6" [_thread_blocked, id=8328, stack(0x00000001fa200000,0x00000001fa300000)]
  0x000001acc33bcda0 JavaThread "Cache worker for Build Output Cleanup Cache (D:\Flutter_block_version_one\trend_bloc\trend\android\.gradle\buildOutputCleanup)" [_thread_blocked, id=5360, stack(0x00000001f8600000,0x00000001f8700000)]
  0x000001acc33baf40 JavaThread "Unconstrained build operations Thread 7" [_thread_blocked, id=14116, stack(0x00000001fa400000,0x00000001fa500000)]
  0x000001acc33bc380 JavaThread "Unconstrained build operations Thread 8" [_thread_blocked, id=10560, stack(0x00000001fa500000,0x00000001fa600000)]
  0x000001acc33bd7c0 JavaThread "Unconstrained build operations Thread 9" [_thread_blocked, id=13848, stack(0x00000001fa600000,0x00000001fa700000)]

Other Threads:
=>0x000001acbc1603c0 VMThread "VM Thread" [stack: 0x00000001f6900000,0x00000001f6a00000] [id=12024]
  0x000001acbc5a1680 WatcherThread [stack: 0x00000001f7500000,0x00000001f7600000] [id=13080]
  0x000001ac9c051ef0 GCTaskThread "GC Thread#0" [stack: 0x00000001f6400000,0x00000001f6500000] [id=2176]
  0x000001acbc7f2ac0 GCTaskThread "GC Thread#1" [stack: 0x00000001f7700000,0x00000001f7800000] [id=13452]
  0x000001acbc7f2d80 GCTaskThread "GC Thread#2" [stack: 0x00000001f7800000,0x00000001f7900000] [id=8076]
  0x000001acc10cb620 GCTaskThread "GC Thread#3" [stack: 0x00000001f7900000,0x00000001f7a00000] [id=13460]
  0x000001ac9c062d50 ConcurrentGCThread "G1 Main Marker" [stack: 0x00000001f6500000,0x00000001f6600000] [id=8528]
  0x000001ac9c063e20 ConcurrentGCThread "G1 Conc#0" [stack: 0x00000001f6600000,0x00000001f6700000] [id=12676]
  0x000001ac9c09d590 ConcurrentGCThread "G1 Refine#0" [stack: 0x00000001f6700000,0x00000001f6800000] [id=2464]
  0x000001acc3ab5030 ConcurrentGCThread "G1 Refine#1" [stack: 0x00000001f8f00000,0x00000001f9000000] [id=13276]
  0x000001ac9c09ded0 ConcurrentGCThread "G1 Service" [stack: 0x00000001f6800000,0x00000001f6900000] [id=12332]

Threads with active compile tasks:
C2 CompilerThread0    27279 9360   !   4       jdk.internal.loader.URLClassPath$JarLoader::getResource (354 bytes)

VM state: at safepoint (normal execution)

VM Mutex/Monitor currently owned by a thread:  ([mutex/lock_event])
[0x000001ac9bfe1000] Threads_lock - owner thread: 0x000001acbc1603c0
[0x000001ac9bfe0670] Heap_lock - owner thread: 0x000001ac9c062d50

Heap address: 0x0000000700000000, size: 4096 MB, Compressed Oops mode: Zero based, Oop shift amount: 3

CDS archive(s) not mapped
Compressed class space mapped at: 0x0000000800000000-0x0000000840000000, reserved size: 1073741824
Narrow klass base: 0x0000000800000000, Narrow klass shift: 0, Narrow klass range: 0x40000000

GC Precious Log:
 CPUs: 4 total, 4 available
 Memory: 8094M
 Large Page Support: Disabled
 NUMA Support: Disabled
 Compressed Oops: Enabled (Zero based)
 Heap Region Size: 2M
 Heap Min Capacity: 8M
 Heap Initial Capacity: 128M
 Heap Max Capacity: 4G
 Pre-touch: Disabled
 Parallel Workers: 4
 Concurrent Workers: 1
 Concurrent Refinement Workers: 4
 Periodic GC: Disabled

Heap:
 garbage-first heap   total 157696K, used 100352K [0x0000000700000000, 0x0000000800000000)
  region size 2048K, 7 young (14336K), 3 survivors (6144K)
 Metaspace       used 84811K, committed 85504K, reserved 1179648K
  class space    used 11488K, committed 11776K, reserved 1048576K

Heap Regions: E=young(eden), S=young(survivor), O=old, HS=humongous(starts), HC=humongous(continues), CS=collection set, F=free, OA=open archive, CA=closed archive, TAMS=top-at-mark-start (previous, next)
|   0|0x0000000700000000, 0x0000000700200000, 0x0000000700200000|100%| O|  |TAMS 0x0000000700200000, 0x0000000700000000| Untracked 
|   1|0x0000000700200000, 0x0000000700400000, 0x0000000700400000|100%|HS|  |TAMS 0x0000000700400000, 0x0000000700200000| Complete 
|   2|0x0000000700400000, 0x0000000700600000, 0x0000000700600000|100%|HC|  |TAMS 0x0000000700600000, 0x0000000700400000| Complete 
|   3|0x0000000700600000, 0x0000000700800000, 0x0000000700800000|100%| O|  |TAMS 0x0000000700800000, 0x0000000700600000| Untracked 
|   4|0x0000000700800000, 0x0000000700a00000, 0x0000000700a00000|100%| O|  |TAMS 0x0000000700a00000, 0x0000000700800000| Untracked 
|   5|0x0000000700a00000, 0x0000000700c00000, 0x0000000700c00000|100%| O|  |TAMS 0x0000000700c00000, 0x0000000700a00000| Untracked 
|   6|0x0000000700c00000, 0x0000000700e00000, 0x0000000700e00000|100%| O|  |TAMS 0x0000000700e00000, 0x0000000700c00000| Untracked 
|   7|0x0000000700e00000, 0x0000000701000000, 0x0000000701000000|100%| O|  |TAMS 0x0000000701000000, 0x0000000700e00000| Untracked 
|   8|0x0000000701000000, 0x0000000701200000, 0x0000000701200000|100%| O|  |TAMS 0x0000000701200000, 0x0000000701000000| Untracked 
|   9|0x0000000701200000, 0x0000000701400000, 0x0000000701400000|100%| O|  |TAMS 0x0000000701400000, 0x0000000701200000| Untracked 
|  10|0x0000000701400000, 0x0000000701600000, 0x0000000701600000|100%| O|  |TAMS 0x0000000701600000, 0x0000000701400000| Updating 
|  11|0x0000000701600000, 0x0000000701800000, 0x0000000701800000|100%| O|  |TAMS 0x0000000701800000, 0x0000000701600000| Updating 
|  12|0x0000000701800000, 0x0000000701a00000, 0x0000000701a00000|100%| O|  |TAMS 0x0000000701a00000, 0x0000000701800000| Updating 
|  13|0x0000000701a00000, 0x0000000701c00000, 0x0000000701c00000|100%| O|  |TAMS 0x0000000701c00000, 0x0000000701a00000| Untracked 
|  14|0x0000000701c00000, 0x0000000701e00000, 0x0000000701e00000|100%| O|  |TAMS 0x0000000701e00000, 0x0000000701c00000| Untracked 
|  15|0x0000000701e00000, 0x0000000702000000, 0x0000000702000000|100%| O|  |TAMS 0x0000000702000000, 0x0000000701e00000| Untracked 
|  16|0x0000000702000000, 0x0000000702200000, 0x0000000702200000|100%| O|  |TAMS 0x0000000702200000, 0x0000000702000000| Untracked 
|  17|0x0000000702200000, 0x0000000702400000, 0x0000000702400000|100%| O|  |TAMS 0x0000000702400000, 0x0000000702200000| Untracked 
|  18|0x0000000702400000, 0x0000000702600000, 0x0000000702600000|100%| O|  |TAMS 0x0000000702600000, 0x0000000702400000| Untracked 
|  19|0x0000000702600000, 0x0000000702800000, 0x0000000702800000|100%| O|  |TAMS 0x0000000702800000, 0x0000000702600000| Untracked 
|  20|0x0000000702800000, 0x0000000702a00000, 0x0000000702a00000|100%| O|  |TAMS 0x0000000702a00000, 0x0000000702800000| Untracked 
|  21|0x0000000702a00000, 0x0000000702c00000, 0x0000000702c00000|100%| O|  |TAMS 0x0000000702c00000, 0x0000000702a00000| Updating 
|  22|0x0000000702c00000, 0x0000000702e00000, 0x0000000702e00000|100%|HS|  |TAMS 0x0000000702e00000, 0x0000000702c00000| Complete 
|  23|0x0000000702e00000, 0x0000000703000000, 0x0000000703000000|100%|HS|  |TAMS 0x0000000703000000, 0x0000000702e00000| Complete 
|  24|0x0000000703000000, 0x0000000703200000, 0x0000000703200000|100%|HC|  |TAMS 0x0000000703200000, 0x0000000703000000| Complete 
|  25|0x0000000703200000, 0x0000000703400000, 0x0000000703400000|100%| O|  |TAMS 0x0000000703400000, 0x0000000703200000| Untracked 
|  26|0x0000000703400000, 0x0000000703600000, 0x0000000703600000|100%| O|  |TAMS 0x0000000703600000, 0x0000000703400000| Untracked 
|  27|0x0000000703600000, 0x0000000703800000, 0x0000000703800000|100%| O|  |TAMS 0x0000000703800000, 0x0000000703600000| Untracked 
|  28|0x0000000703800000, 0x0000000703a00000, 0x0000000703a00000|100%| O|  |TAMS 0x0000000703a00000, 0x0000000703800000| Untracked 
|  29|0x0000000703a00000, 0x0000000703c00000, 0x0000000703c00000|100%|HS|  |TAMS 0x0000000703c00000, 0x0000000703a00000| Complete 
|  30|0x0000000703c00000, 0x0000000703e00000, 0x0000000703e00000|100%| O|  |TAMS 0x0000000703e00000, 0x0000000703c00000| Untracked 
|  31|0x0000000703e00000, 0x0000000704000000, 0x0000000704000000|100%| O|  |TAMS 0x0000000704000000, 0x0000000703e00000| Untracked 
|  32|0x0000000704000000, 0x0000000704200000, 0x0000000704200000|100%| O|  |TAMS 0x0000000704200000, 0x0000000704000000| Untracked 
|  33|0x0000000704200000, 0x0000000704400000, 0x0000000704400000|100%| O|  |TAMS 0x0000000704400000, 0x0000000704200000| Untracked 
|  34|0x0000000704400000, 0x0000000704600000, 0x0000000704600000|100%| O|  |TAMS 0x0000000704600000, 0x0000000704400000| Untracked 
|  35|0x0000000704600000, 0x0000000704800000, 0x0000000704800000|100%| O|  |TAMS 0x0000000704800000, 0x0000000704600000| Untracked 
|  36|0x0000000704800000, 0x0000000704a00000, 0x0000000704a00000|100%|HS|  |TAMS 0x0000000704a00000, 0x0000000704800000| Complete 
|  37|0x0000000704a00000, 0x0000000704c00000, 0x0000000704c00000|100%|HC|  |TAMS 0x0000000704c00000, 0x0000000704a00000| Complete 
|  38|0x0000000704c00000, 0x0000000704e00000, 0x0000000704e00000|100%| O|  |TAMS 0x0000000704e00000, 0x0000000704c00000| Untracked 
|  39|0x0000000704e00000, 0x0000000705000000, 0x0000000705000000|100%| O|  |TAMS 0x0000000705000000, 0x0000000704e00000| Untracked 
|  40|0x0000000705000000, 0x0000000705200000, 0x0000000705200000|100%| O|  |TAMS 0x0000000705073e00, 0x0000000705000000| Untracked 
|  41|0x0000000705200000, 0x0000000705400000, 0x0000000705400000|100%|HS|  |TAMS 0x0000000705200000, 0x0000000705200000| Complete 
|  42|0x0000000705400000, 0x0000000705600000, 0x0000000705600000|100%|HC|  |TAMS 0x0000000705400000, 0x0000000705400000| Complete 
|  43|0x0000000705600000, 0x0000000705800000, 0x0000000705800000|100%|HS|  |TAMS 0x0000000705600000, 0x0000000705600000| Complete 
|  44|0x0000000705800000, 0x0000000705800000, 0x0000000705a00000|  0%| F|  |TAMS 0x0000000705800000, 0x0000000705800000| Untracked 
|  45|0x0000000705a00000, 0x0000000705a00000, 0x0000000705c00000|  0%| F|  |TAMS 0x0000000705a00000, 0x0000000705a00000| Untracked 
|  46|0x0000000705c00000, 0x0000000705c00000, 0x0000000705e00000|  0%| F|  |TAMS 0x0000000705c00000, 0x0000000705c00000| Untracked 
|  47|0x0000000705e00000, 0x0000000705e00000, 0x0000000706000000|  0%| F|  |TAMS 0x0000000705e00000, 0x0000000705e00000| Untracked 
|  48|0x0000000706000000, 0x0000000706000000, 0x0000000706200000|  0%| F|  |TAMS 0x0000000706000000, 0x0000000706000000| Untracked 
|  49|0x0000000706200000, 0x0000000706200000, 0x0000000706400000|  0%| F|  |TAMS 0x0000000706200000, 0x0000000706200000| Untracked 
|  50|0x0000000706400000, 0x0000000706400000, 0x0000000706600000|  0%| F|  |TAMS 0x0000000706400000, 0x0000000706400000| Untracked 
|  51|0x0000000706600000, 0x0000000706600000, 0x0000000706800000|  0%| F|  |TAMS 0x0000000706600000, 0x0000000706600000| Untracked 
|  52|0x0000000706800000, 0x0000000706800000, 0x0000000706a00000|  0%| F|  |TAMS 0x0000000706800000, 0x0000000706800000| Untracked 
|  53|0x0000000706a00000, 0x0000000706a00000, 0x0000000706c00000|  0%| F|  |TAMS 0x0000000706a00000, 0x0000000706a00000| Untracked 
|  54|0x0000000706c00000, 0x0000000706c00000, 0x0000000706e00000|  0%| F|  |TAMS 0x0000000706c00000, 0x0000000706c00000| Untracked 
|  55|0x0000000706e00000, 0x0000000706e00000, 0x0000000707000000|  0%| F|  |TAMS 0x0000000706e00000, 0x0000000706e00000| Untracked 
|  56|0x0000000707000000, 0x0000000707000000, 0x0000000707200000|  0%| F|  |TAMS 0x0000000707000000, 0x0000000707000000| Untracked 
|  57|0x0000000707200000, 0x0000000707200000, 0x0000000707400000|  0%| F|  |TAMS 0x0000000707200000, 0x0000000707200000| Untracked 
|  58|0x0000000707400000, 0x0000000707400000, 0x0000000707600000|  0%| F|  |TAMS 0x0000000707400000, 0x0000000707400000| Untracked 
|  59|0x0000000707600000, 0x0000000707600000, 0x0000000707800000|  0%| F|  |TAMS 0x0000000707600000, 0x0000000707600000| Untracked 
|  60|0x0000000707800000, 0x0000000707800000, 0x0000000707a00000|  0%| F|  |TAMS 0x0000000707800000, 0x0000000707800000| Untracked 
|  61|0x0000000707a00000, 0x0000000707a00000, 0x0000000707c00000|  0%| F|  |TAMS 0x0000000707a00000, 0x0000000707a00000| Untracked 
|  62|0x0000000707c00000, 0x0000000707c00000, 0x0000000707e00000|  0%| F|  |TAMS 0x0000000707c00000, 0x0000000707c00000| Untracked 
|  63|0x0000000707e00000, 0x0000000707e00000, 0x0000000708000000|  0%| F|  |TAMS 0x0000000707e00000, 0x0000000707e00000| Untracked 
|  64|0x0000000708000000, 0x0000000708000000, 0x0000000708200000|  0%| F|  |TAMS 0x0000000708000000, 0x0000000708000000| Untracked 
|  65|0x0000000708200000, 0x0000000708200000, 0x0000000708400000|  0%| F|  |TAMS 0x0000000708200000, 0x0000000708200000| Untracked 
|  66|0x0000000708400000, 0x0000000708600000, 0x0000000708600000|100%| S|CS|TAMS 0x0000000708400000, 0x0000000708400000| Complete 
|  67|0x0000000708600000, 0x0000000708800000, 0x0000000708800000|100%| S|CS|TAMS 0x0000000708600000, 0x0000000708600000| Complete 
|  68|0x0000000708800000, 0x0000000708800000, 0x0000000708a00000|  0%| F|  |TAMS 0x0000000708800000, 0x0000000708800000| Untracked 
|  69|0x0000000708a00000, 0x0000000708a00000, 0x0000000708c00000|  0%| F|  |TAMS 0x0000000708a00000, 0x0000000708a00000| Untracked 
|  70|0x0000000708c00000, 0x0000000708c00000, 0x0000000708e00000|  0%| F|  |TAMS 0x0000000708c00000, 0x0000000708c00000| Untracked 
|  71|0x0000000708e00000, 0x0000000709000000, 0x0000000709000000|100%| S|CS|TAMS 0x0000000708e00000, 0x0000000708e00000| Complete 
|  72|0x0000000709000000, 0x0000000709000000, 0x0000000709200000|  0%| F|  |TAMS 0x0000000709000000, 0x0000000709000000| Untracked 
|  73|0x0000000709200000, 0x00000007093ce598, 0x0000000709400000| 90%| E|  |TAMS 0x0000000709200000, 0x0000000709200000| Complete 
|  74|0x0000000709400000, 0x0000000709600000, 0x0000000709600000|100%| E|CS|TAMS 0x0000000709400000, 0x0000000709400000| Complete 
|  75|0x0000000709600000, 0x0000000709800000, 0x0000000709800000|100%| E|CS|TAMS 0x0000000709600000, 0x0000000709600000| Complete 
|  76|0x0000000709800000, 0x0000000709a00000, 0x0000000709a00000|100%| E|  |TAMS 0x0000000709800000, 0x0000000709800000| Complete 

Card table byte_map: [0x000001acb0ae0000,0x000001acb12e0000] _byte_map_base: 0x000001acad2e0000

Marking Bits (Prev, Next): (CMBitMap*) 0x000001ac9c052460, (CMBitMap*) 0x000001ac9c052420
 Prev Bits: [0x000001acb5ae0000, 0x000001acb9ae0000)
 Next Bits: [0x000001acb1ae0000, 0x000001acb5ae0000)

Polling page: 0x000001ac9c0a0000

Metaspace:

Usage:
  Non-class:     71.60 MB used.
      Class:     11.22 MB used.
       Both:     82.82 MB used.

Virtual space:
  Non-class space:      128.00 MB reserved,      72.00 MB ( 56%) committed,  2 nodes.
      Class space:        1.00 GB reserved,      11.50 MB (  1%) committed,  1 nodes.
             Both:        1.12 GB reserved,      83.50 MB (  7%) committed. 

Chunk freelists:
   Non-Class:  7.78 MB
       Class:  4.50 MB
        Both:  12.28 MB

MaxMetaspaceSize: 2.00 GB
CompressedClassSpaceSize: 1.00 GB
Initial GC threshold: 21.00 MB
Current GC threshold: 138.69 MB
CDS: off
MetaspaceReclaimPolicy: balanced
 - commit_granule_bytes: 65536.
 - commit_granule_words: 8192.
 - virtual_space_node_default_size: 8388608.
 - enlarge_chunks_in_place: 1.
 - new_chunks_are_fully_committed: 0.
 - uncommit_free_chunks: 1.
 - use_allocation_guard: 0.
 - handle_deallocations: 1.


Internal statistics:

num_allocs_failed_limit: 9.
num_arena_births: 844.
num_arena_deaths: 0.
num_vsnodes_births: 3.
num_vsnodes_deaths: 0.
num_space_committed: 1336.
num_space_uncommitted: 0.
num_chunks_returned_to_freelist: 9.
num_chunks_taken_from_freelist: 3905.
num_chunk_merges: 6.
num_chunk_splits: 2609.
num_chunks_enlarged: 1755.
num_inconsistent_stats: 0.

CodeHeap 'non-profiled nmethods': size=120000Kb used=4602Kb max_used=5192Kb free=115397Kb
 bounds [0x000001aca8760000, 0x000001aca8c80000, 0x000001acafc90000]
CodeHeap 'profiled nmethods': size=120000Kb used=15656Kb max_used=15983Kb free=104344Kb
 bounds [0x000001aca0c90000, 0x000001aca1c30000, 0x000001aca81c0000]
CodeHeap 'non-nmethods': size=5760Kb used=2372Kb max_used=2434Kb free=3387Kb
 bounds [0x000001aca81c0000, 0x000001aca8430000, 0x000001aca8760000]
 total_blobs=8873 nmethods=7971 adapters=814
 compilation: enabled
              stopped_count=0, restarted_count=0
 full_count=0

Compilation events (20 events):
Event: 27.176 Thread 0x000001acbc30f0f0 nmethod 9351 0x000001aca1021410 code [0x000001aca10215a0, 0x000001aca1021698]
Event: 27.176 Thread 0x000001acbc30f0f0 9353       3       kotlin.reflect.jvm.internal.impl.protobuf.CodedOutputStream::computeRawVarint32Size (39 bytes)
Event: 27.176 Thread 0x000001acbc30f0f0 nmethod 9353 0x000001aca1068390 code [0x000001aca1068540, 0x000001aca10687f8]
Event: 27.176 Thread 0x000001acbc30f0f0 9354       3       kotlin.reflect.jvm.internal.impl.protobuf.CodedOutputStream::writeRawVarint32 (33 bytes)
Event: 27.176 Thread 0x000001acbc30f0f0 nmethod 9354 0x000001aca1067d90 code [0x000001aca1067f60, 0x000001aca1068258]
Event: 27.177 Thread 0x000001acbc30f0f0 9352       1       kotlin.reflect.jvm.internal.impl.protobuf.GeneratedMessageLite$ExtensionDescriptor::isRepeated (5 bytes)
Event: 27.177 Thread 0x000001acbc30f0f0 nmethod 9352 0x000001aca8aa3710 code [0x000001aca8aa38a0, 0x000001aca8aa3978]
Event: 27.177 Thread 0x000001acbc30f0f0 9355       3       kotlin.reflect.jvm.internal.impl.name.FqName::topLevel (21 bytes)
Event: 27.177 Thread 0x000001acbc30f0f0 nmethod 9355 0x000001aca1067690 code [0x000001aca1067860, 0x000001aca1067c08]
Event: 27.177 Thread 0x000001acbc30f0f0 9356       3       kotlin.reflect.jvm.internal.impl.name.FqNameUnsafe::topLevel (28 bytes)
Event: 27.178 Thread 0x000001acbc30f0f0 nmethod 9356 0x000001aca1066c10 code [0x000001aca1066e20, 0x000001aca1067438]
Event: 27.178 Thread 0x000001acbc30f0f0 9357       3       kotlin.reflect.jvm.internal.impl.name.ClassId::<init> (27 bytes)
Event: 27.178 Thread 0x000001acbc30f0f0 nmethod 9357 0x000001aca1066290 code [0x000001aca10664a0, 0x000001aca10669f8]
Event: 27.178 Thread 0x000001acbc30f0f0 9359       1       kotlin.reflect.jvm.internal.impl.serialization.deserialization.DeserializationComponents::getStorageManager (5 bytes)
Event: 27.178 Thread 0x000001acbc30f0f0 nmethod 9359 0x000001aca8aa3410 code [0x000001aca8aa35a0, 0x000001aca8aa3678]
Event: 27.178 Thread 0x000001acbc30f0f0 9358       1       kotlin.reflect.jvm.internal.impl.protobuf.GeneratedMessageLite$ExtensionDescriptor::getLiteType (5 bytes)
Event: 27.178 Thread 0x000001acbc30f0f0 nmethod 9358 0x000001aca8aa3110 code [0x000001aca8aa32a0, 0x000001aca8aa3378]
Event: 27.184 Thread 0x000001acbc2f86a0 9360   !   4       jdk.internal.loader.URLClassPath$JarLoader::getResource (354 bytes)
Event: 27.190 Thread 0x000001acbc30f0f0 9361       1       kotlin.reflect.jvm.internal.impl.load.java.lazy.JavaResolverComponents::getFinder (5 bytes)
Event: 27.190 Thread 0x000001acbc30f0f0 nmethod 9361 0x000001aca8aa2d10 code [0x000001aca8aa2ea0, 0x000001aca8aa2f78]

GC Heap History (20 events):
Event: 20.950 GC heap before
{Heap before GC invocations=37 (full 0):
 garbage-first heap   total 116736K, used 83236K [0x0000000700000000, 0x0000000800000000)
  region size 2048K, 10 young (20480K), 1 survivors (2048K)
 Metaspace       used 70980K, committed 71616K, reserved 1114112K
  class space    used 9809K, committed 10112K, reserved 1048576K
}
Event: 20.952 GC heap after
{Heap after GC invocations=38 (full 0):
 garbage-first heap   total 116736K, used 66257K [0x0000000700000000, 0x0000000800000000)
  region size 2048K, 2 young (4096K), 2 survivors (4096K)
 Metaspace       used 70980K, committed 71616K, reserved 1114112K
  class space    used 9809K, committed 10112K, reserved 1048576K
}
Event: 21.426 GC heap before
{Heap before GC invocations=39 (full 0):
 garbage-first heap   total 120832K, used 82641K [0x0000000700000000, 0x0000000800000000)
  region size 2048K, 11 young (22528K), 2 survivors (4096K)
 Metaspace       used 72891K, committed 73472K, reserved 1114112K
  class space    used 9988K, committed 10240K, reserved 1048576K
}
Event: 21.429 GC heap after
{Heap after GC invocations=40 (full 0):
 garbage-first heap   total 120832K, used 66566K [0x0000000700000000, 0x0000000800000000)
  region size 2048K, 1 young (2048K), 1 survivors (2048K)
 Metaspace       used 72891K, committed 73472K, reserved 1114112K
  class space    used 9988K, committed 10240K, reserved 1048576K
}
Event: 22.005 GC heap before
{Heap before GC invocations=40 (full 0):
 garbage-first heap   total 120832K, used 89094K [0x0000000700000000, 0x0000000800000000)
  region size 2048K, 12 young (24576K), 1 survivors (2048K)
 Metaspace       used 75015K, committed 75648K, reserved 1114112K
  class space    used 10228K, committed 10560K, reserved 1048576K
}
Event: 22.010 GC heap after
{Heap after GC invocations=41 (full 0):
 garbage-first heap   total 145408K, used 67440K [0x0000000700000000, 0x0000000800000000)
  region size 2048K, 2 young (4096K), 2 survivors (4096K)
 Metaspace       used 75015K, committed 75648K, reserved 1114112K
  class space    used 10228K, committed 10560K, reserved 1048576K
}
Event: 22.998 GC heap before
{Heap before GC invocations=42 (full 0):
 garbage-first heap   total 145408K, used 102256K [0x0000000700000000, 0x0000000800000000)
  region size 2048K, 20 young (40960K), 2 survivors (4096K)
 Metaspace       used 77564K, committed 78272K, reserved 1179648K
  class space    used 10548K, committed 10880K, reserved 1048576K
}
Event: 23.006 GC heap after
{Heap after GC invocations=43 (full 0):
 garbage-first heap   total 145408K, used 71549K [0x0000000700000000, 0x0000000800000000)
  region size 2048K, 3 young (6144K), 3 survivors (6144K)
 Metaspace       used 77564K, committed 78272K, reserved 1179648K
  class space    used 10548K, committed 10880K, reserved 1048576K
}
Event: 23.871 GC heap before
{Heap before GC invocations=43 (full 0):
 garbage-first heap   total 145408K, used 108413K [0x0000000700000000, 0x0000000800000000)
  region size 2048K, 21 young (43008K), 3 survivors (6144K)
 Metaspace       used 80141K, committed 80832K, reserved 1179648K
  class space    used 10884K, committed 11200K, reserved 1048576K
}
Event: 23.879 GC heap after
{Heap after GC invocations=44 (full 0):
 garbage-first heap   total 145408K, used 73504K [0x0000000700000000, 0x0000000800000000)
  region size 2048K, 2 young (4096K), 2 survivors (4096K)
 Metaspace       used 80141K, committed 80832K, reserved 1179648K
  class space    used 10884K, committed 11200K, reserved 1048576K
}
Event: 24.961 GC heap before
{Heap before GC invocations=45 (full 0):
 garbage-first heap   total 145408K, used 108320K [0x0000000700000000, 0x0000000800000000)
  region size 2048K, 19 young (38912K), 2 survivors (4096K)
 Metaspace       used 82754K, committed 83392K, reserved 1179648K
  class space    used 11235K, committed 11520K, reserved 1048576K
}
Event: 24.967 GC heap after
{Heap after GC invocations=46 (full 0):
 garbage-first heap   total 145408K, used 74486K [0x0000000700000000, 0x0000000800000000)
  region size 2048K, 2 young (4096K), 2 survivors (4096K)
 Metaspace       used 82754K, committed 83392K, reserved 1179648K
  class space    used 11235K, committed 11520K, reserved 1048576K
}
Event: 24.969 GC heap before
{Heap before GC invocations=46 (full 0):
 garbage-first heap   total 145408K, used 74486K [0x0000000700000000, 0x0000000800000000)
  region size 2048K, 3 young (6144K), 2 survivors (4096K)
 Metaspace       used 82756K, committed 83392K, reserved 1179648K
  class space    used 11236K, committed 11520K, reserved 1048576K
}
Event: 24.974 GC heap after
{Heap after GC invocations=47 (full 0):
 garbage-first heap   total 145408K, used 74669K [0x0000000700000000, 0x0000000800000000)
  region size 2048K, 1 young (2048K), 1 survivors (2048K)
 Metaspace       used 82756K, committed 83392K, reserved 1179648K
  class space    used 11236K, committed 11520K, reserved 1048576K
}
Event: 25.885 GC heap before
{Heap before GC invocations=48 (full 0):
 garbage-first heap   total 145408K, used 117677K [0x0000000700000000, 0x0000000800000000)
  region size 2048K, 20 young (40960K), 1 survivors (2048K)
 Metaspace       used 83974K, committed 84672K, reserved 1179648K
  class space    used 11409K, committed 11712K, reserved 1048576K
}
Event: 25.895 GC heap after
{Heap after GC invocations=49 (full 0):
 garbage-first heap   total 145408K, used 82465K [0x0000000700000000, 0x0000000800000000)
  region size 2048K, 3 young (6144K), 3 survivors (6144K)
 Metaspace       used 83974K, committed 84672K, reserved 1179648K
  class space    used 11409K, committed 11712K, reserved 1048576K
}
Event: 26.603 GC heap before
{Heap before GC invocations=49 (full 0):
 garbage-first heap   total 145408K, used 115233K [0x0000000700000000, 0x0000000800000000)
  region size 2048K, 19 young (38912K), 3 survivors (6144K)
 Metaspace       used 84383K, committed 85056K, reserved 1179648K
  class space    used 11436K, committed 11776K, reserved 1048576K
}
Event: 26.617 GC heap after
{Heap after GC invocations=50 (full 0):
 garbage-first heap   total 145408K, used 84838K [0x0000000700000000, 0x0000000800000000)
  region size 2048K, 2 young (4096K), 2 survivors (4096K)
 Metaspace       used 84383K, committed 85056K, reserved 1179648K
  class space    used 11436K, committed 11776K, reserved 1048576K
}
Event: 27.013 GC heap before
{Heap before GC invocations=51 (full 0):
 garbage-first heap   total 157696K, used 97126K [0x0000000700000000, 0x0000000800000000)
  region size 2048K, 10 young (20480K), 2 survivors (4096K)
 Metaspace       used 84427K, committed 85184K, reserved 1179648K
  class space    used 11436K, committed 11776K, reserved 1048576K
}
Event: 27.019 GC heap after
{Heap after GC invocations=52 (full 0):
 garbage-first heap   total 157696K, used 90112K [0x0000000700000000, 0x0000000800000000)
  region size 2048K, 3 young (6144K), 3 survivors (6144K)
 Metaspace       used 84427K, committed 85184K, reserved 1179648K
  class space    used 11436K, committed 11776K, reserved 1048576K
}

Dll operation events (3 events):
Event: 0.019 Loaded shared library C:\Program Files\Android\Android Studio\jbr\bin\java.dll
Event: 0.219 Loaded shared library C:\Program Files\Android\Android Studio\jbr\bin\zip.dll
Event: 0.925 Loaded shared library C:\Program Files\Android\Android Studio\jbr\bin\verify.dll

Deoptimization events (20 events):
Event: 26.130 Thread 0x000001acc1d7fdf0 DEOPT PACKING pc=0x000001aca8ace234 sp=0x00000001f80f27f0
Event: 26.130 Thread 0x000001acc1d7fdf0 DEOPT UNPACKING pc=0x000001aca82169a3 sp=0x00000001f80f27b8 mode 2
Event: 26.130 Thread 0x000001acc1d7fdf0 Uncommon trap: trap_request=0xffffff45 fr.pc=0x000001aca8acf18c relative=0x000000000000072c
Event: 26.130 Thread 0x000001acc1d7fdf0 Uncommon trap: reason=unstable_if action=reinterpret pc=0x000001aca8acf18c method=org.gradle.util.internal.SimpleMapInterner.intern(Ljava/lang/String;)Ljava/lang/String; @ 1 c2
Event: 26.130 Thread 0x000001acc1d7fdf0 DEOPT PACKING pc=0x000001aca8acf18c sp=0x00000001f80f2780
Event: 26.130 Thread 0x000001acc1d7fdf0 DEOPT UNPACKING pc=0x000001aca82169a3 sp=0x00000001f80f2748 mode 2
Event: 26.155 Thread 0x000001acc1d7fdf0 DEOPT PACKING pc=0x000001aca15b6b79 sp=0x00000001f80f1300
Event: 26.155 Thread 0x000001acc1d7fdf0 DEOPT UNPACKING pc=0x000001aca8217143 sp=0x00000001f80f07f8 mode 0
Event: 26.157 Thread 0x000001acc1d7fdf0 DEOPT PACKING pc=0x000001aca196128b sp=0x00000001f80f0ea0
Event: 26.157 Thread 0x000001acc1d7fdf0 DEOPT UNPACKING pc=0x000001aca8217143 sp=0x00000001f80f03c0 mode 0
Event: 26.198 Thread 0x000001acc1d7fdf0 DEOPT PACKING pc=0x000001aca195ec70 sp=0x00000001f80f12f0
Event: 26.198 Thread 0x000001acc1d7fdf0 DEOPT UNPACKING pc=0x000001aca8217143 sp=0x00000001f80f07f8 mode 0
Event: 26.253 Thread 0x000001acc1d7fdf0 DEOPT PACKING pc=0x000001aca195ec70 sp=0x00000001f80f1210
Event: 26.253 Thread 0x000001acc1d7fdf0 DEOPT UNPACKING pc=0x000001aca8217143 sp=0x00000001f80f0718 mode 0
Event: 26.303 Thread 0x000001acc1d7fdf0 DEOPT PACKING pc=0x000001aca195ec70 sp=0x00000001f80f1210
Event: 26.303 Thread 0x000001acc1d7fdf0 DEOPT UNPACKING pc=0x000001aca8217143 sp=0x00000001f80f0718 mode 0
Event: 26.804 Thread 0x000001acc1d7fdf0 DEOPT PACKING pc=0x000001aca15b6b79 sp=0x00000001f80f2300
Event: 26.804 Thread 0x000001acc1d7fdf0 DEOPT UNPACKING pc=0x000001aca8217143 sp=0x00000001f80f17f8 mode 0
Event: 26.809 Thread 0x000001acc1d7fdf0 DEOPT PACKING pc=0x000001aca15b6b79 sp=0x00000001f80f2300
Event: 26.809 Thread 0x000001acc1d7fdf0 DEOPT UNPACKING pc=0x000001aca8217143 sp=0x00000001f80f17f8 mode 0

Classes unloaded (0 events):
No events

Classes redefined (0 events):
No events

Internal exceptions (20 events):
Event: 25.837 Thread 0x000001acc1d7fdf0 Exception <a 'java/lang/ClassNotFoundException'{0x0000000706654788}: [Ljava/lang/String;Customizer> (0x0000000706654788) 
thrown [s\src\hotspot\share\prims\jni.cpp, line 550]
Event: 25.837 Thread 0x000001acc1d7fdf0 Exception <a 'java/lang/ClassNotFoundException'{0x0000000706656530}: [Ljava/lang/String;Customizer> (0x0000000706656530) 
thrown [s\src\hotspot\share\prims\jni.cpp, line 550]
Event: 25.855 Thread 0x000001acc1d7fdf0 Exception <a 'java/lang/ClassNotFoundException'{0x00000007066c24f0}: java/util/LinkedHashMapBeanInfo> (0x00000007066c24f0) 
thrown [s\src\hotspot\share\classfile\systemDictionary.cpp, line 256]
Event: 25.855 Thread 0x000001acc1d7fdf0 Exception <a 'java/lang/ClassNotFoundException'{0x00000007066cd278}: java/util/HashMapBeanInfo> (0x00000007066cd278) 
thrown [s\src\hotspot\share\classfile\systemDictionary.cpp, line 256]
Event: 25.856 Thread 0x000001acc1d7fdf0 Exception <a 'java/lang/ClassNotFoundException'{0x00000007066d7fd0}: java/util/HashMapCustomizer> (0x00000007066d7fd0) 
thrown [s\src\hotspot\share\classfile\systemDictionary.cpp, line 256]
Event: 25.859 Thread 0x000001acc1d7fdf0 Exception <a 'java/lang/ClassNotFoundException'{0x00000007066f9f60}: java/util/LinkedHashMapCustomizer> (0x00000007066f9f60) 
thrown [s\src\hotspot\share\classfile\systemDictionary.cpp, line 256]
Event: 25.901 Thread 0x000001acc1d7fdf0 Exception <a 'java/lang/ClassNotFoundException'{0x0000000708a740e0}: org/codehaus/groovy/runtime/MethodClosureBeanInfo> (0x0000000708a740e0) 
thrown [s\src\hotspot\share\classfile\systemDictionary.cpp, line 256]
Event: 25.915 Thread 0x000001acc1d7fdf0 Exception <a 'java/lang/ClassNotFoundException'{0x000000070891daa0}: org/codehaus/groovy/runtime/MethodClosureCustomizer> (0x000000070891daa0) 
thrown [s\src\hotspot\share\classfile\systemDictionary.cpp, line 256]
Event: 25.926 Thread 0x000001acc1d7fdf0 Exception <a 'java/lang/ClassNotFoundException'{0x00000007089a5ac0}: org/gradle/api/internal/artifacts/dsl/dependencies/DefaultDependencyHandler_DecoratedBeanInfo> (0x00000007089a5ac0) 
thrown [s\src\hotspot\share\classfile\systemDictionary.cpp, line 256]
Event: 25.931 Thread 0x000001acc1d7fdf0 Exception <a 'java/lang/ClassNotFoundException'{0x00000007089c8240}: org/gradle/api/internal/artifacts/dsl/dependencies/DefaultDependencyHandlerBeanInfo> (0x00000007089c8240) 
thrown [s\src\hotspot\share\classfile\systemDictionary.cpp, line 256]
Event: 25.933 Thread 0x000001acc1d7fdf0 Exception <a 'java/lang/ClassNotFoundException'{0x00000007089eac48}: org/gradle/api/internal/artifacts/dsl/dependencies/DefaultDependencyHandlerCustomizer> (0x00000007089eac48) 
thrown [s\src\hotspot\share\classfile\systemDictionary.cpp, line 256]
Event: 25.937 Thread 0x000001acc1d7fdf0 Exception <a 'java/lang/ClassNotFoundException'{0x0000000708634c08}: org/gradle/api/internal/artifacts/dsl/dependencies/DefaultDependencyHandler_DecoratedCustomizer> (0x0000000708634c08) 
thrown [s\src\hotspot\share\classfile\systemDictionary.cpp, line 256]
Event: 25.965 Thread 0x000001acc1d7fdf0 Exception <a 'java/lang/ClassNotFoundException'{0x00000007086da310}: org/gradle/configuration/internal/DefaultListenerBuildOperationDecorator$BuildOperationEmittingClosureBeanInfo> (0x00000007086da310) 
thrown [s\src\hotspot\share\classfile\systemDictionary.cpp, line 256]
Event: 25.966 Thread 0x000001acc1d7fdf0 Exception <a 'java/lang/ClassNotFoundException'{0x00000007086f89a0}: org/gradle/configuration/internal/DefaultListenerBuildOperationDecorator$BuildOperationEmittingClosureCustomizer> (0x00000007086f89a0) 
thrown [s\src\hotspot\share\classfile\systemDictionary.cpp, line 256]
Event: 25.990 Thread 0x000001acc1d7fdf0 Implicit null exception at 0x000001aca8983210 to 0x000001aca8985e10
Event: 25.995 Thread 0x000001acc1d7fdf0 Exception <a 'java/lang/ClassNotFoundException'{0x00000007087e34a8}: org/apache/tools/ant/taskdefs/condition/OsBeanInfo> (0x00000007087e34a8) 
thrown [s\src\hotspot\share\classfile\systemDictionary.cpp, line 256]
Event: 26.003 Thread 0x000001acc1d7fdf0 Exception <a 'java/lang/ClassNotFoundException'{0x00000007084150b0}: org/apache/tools/ant/taskdefs/condition/OsCustomizer> (0x00000007084150b0) 
thrown [s\src\hotspot\share\classfile\systemDictionary.cpp, line 256]
Event: 26.070 Thread 0x000001acc1d7fdf0 Implicit null exception at 0x000001aca8c55c3b to 0x000001aca8c56157
Event: 26.130 Thread 0x000001acc1d7fdf0 Implicit null exception at 0x000001aca8acdb8f to 0x000001aca8ace224
Event: 26.130 Thread 0x000001acc1d7fdf0 Implicit null exception at 0x000001aca8acea94 to 0x000001aca8acf174

VM Operations (20 events):
Event: 25.202 Executing VM operation: G1PauseCleanup done
Event: 25.393 Executing VM operation: HandshakeAllThreads
Event: 25.393 Executing VM operation: HandshakeAllThreads done
Event: 25.410 Executing VM operation: HandshakeAllThreads
Event: 25.411 Executing VM operation: HandshakeAllThreads done
Event: 25.508 Executing VM operation: HandshakeAllThreads
Event: 25.508 Executing VM operation: HandshakeAllThreads done
Event: 25.885 Executing VM operation: G1CollectForAllocation
Event: 25.895 Executing VM operation: G1CollectForAllocation done
Event: 26.469 Executing VM operation: ICBufferFull
Event: 26.469 Executing VM operation: ICBufferFull done
Event: 26.603 Executing VM operation: G1CollectForAllocation
Event: 26.618 Executing VM operation: G1CollectForAllocation done
Event: 26.792 Executing VM operation: G1PauseRemark
Event: 26.796 Executing VM operation: G1PauseRemark done
Event: 26.876 Executing VM operation: G1PauseCleanup
Event: 26.876 Executing VM operation: G1PauseCleanup done
Event: 27.013 Executing VM operation: G1TryInitiateConcMark
Event: 27.019 Executing VM operation: G1TryInitiateConcMark done
Event: 27.205 Executing VM operation: G1PauseRemark

Events (20 events):
Event: 25.855 loading class java/util/HashMapBeanInfo
Event: 25.855 loading class java/util/HashMapBeanInfo done
Event: 25.856 loading class java/util/HashMapCustomizer
Event: 25.856 loading class java/util/HashMapCustomizer done
Event: 25.856 loading class java/util/HashMapCustomizer
Event: 25.856 loading class java/util/HashMapCustomizer done
Event: 25.858 loading class java/util/LinkedHashMapCustomizer
Event: 25.858 loading class java/util/LinkedHashMapCustomizer done
Event: 25.858 loading class java/util/LinkedHashMapCustomizer
Event: 25.858 loading class java/util/LinkedHashMapCustomizer done
Event: 25.990 loading class jdk/internal/loader/URLClassPath$JarLoader$3
Event: 25.991 loading class jdk/internal/loader/URLClassPath$JarLoader$3 done
Event: 26.358 loading class java/util/Collections$ReverseComparator
Event: 26.358 loading class java/util/Collections$ReverseComparator done
Event: 26.358 loading class java/util/Collections$ReverseComparator2
Event: 26.358 loading class java/util/Collections$ReverseComparator2 done
Event: 26.501 Thread 0x000001acc33baf40 Thread added: 0x000001acc33baf40
Event: 26.501 Thread 0x000001acc33bc380 Thread added: 0x000001acc33bc380
Event: 26.502 Thread 0x000001acc33bd7c0 Thread added: 0x000001acc33bd7c0
Event: 27.006 Thread 0x000001acc5085bb0 Thread exited: 0x000001acc5085bb0


Dynamic libraries:
0x00007ff6e2320000 - 0x00007ff6e232a000 	C:\Program Files\Android\Android Studio\jbr\bin\java.exe
0x00007ffdf17f0000 - 0x00007ffdf19e8000 	C:\Windows\SYSTEM32\ntdll.dll
0x00007ffdefc50000 - 0x00007ffdefd12000 	C:\Windows\System32\KERNEL32.DLL
0x00007ffdef490000 - 0x00007ffdef78f000 	C:\Windows\System32\KERNELBASE.dll
0x00007ffdef000000 - 0x00007ffdef100000 	C:\Windows\System32\ucrtbase.dll
0x00007ffdcdfd0000 - 0x00007ffdcdfe7000 	C:\Program Files\Android\Android Studio\jbr\bin\jli.dll
0x00007ffde6910000 - 0x00007ffde692b000 	C:\Program Files\Android\Android Studio\jbr\bin\VCRUNTIME140.dll
0x00007ffdf0280000 - 0x00007ffdf041d000 	C:\Windows\System32\USER32.dll
0x00007ffdeefd0000 - 0x00007ffdeeff2000 	C:\Windows\System32\win32u.dll
0x00007ffdd76c0000 - 0x00007ffdd795a000 	C:\Windows\WinSxS\amd64_microsoft.windows.common-controls_6595b64144ccf1df_6.0.19041.4355_none_60b8b9eb71f62e16\COMCTL32.dll
0x00007ffdf0430000 - 0x00007ffdf045b000 	C:\Windows\System32\GDI32.dll
0x00007ffdefb50000 - 0x00007ffdefbee000 	C:\Windows\System32\msvcrt.dll
0x00007ffdeeeb0000 - 0x00007ffdeefc7000 	C:\Windows\System32\gdi32full.dll
0x00007ffdef340000 - 0x00007ffdef3dd000 	C:\Windows\System32\msvcp_win.dll
0x00007ffdf12d0000 - 0x00007ffdf12ff000 	C:\Windows\System32\IMM32.DLL
0x00007ffde6a80000 - 0x00007ffde6a8c000 	C:\Program Files\Android\Android Studio\jbr\bin\vcruntime140_1.dll
0x00007ffdcb700000 - 0x00007ffdcb78d000 	C:\Program Files\Android\Android Studio\jbr\bin\msvcp140.dll
0x00007ffdb5700000 - 0x00007ffdb6383000 	C:\Program Files\Android\Android Studio\jbr\bin\server\jvm.dll
0x00007ffdf13a0000 - 0x00007ffdf1451000 	C:\Windows\System32\ADVAPI32.dll
0x00007ffdf1300000 - 0x00007ffdf139f000 	C:\Windows\System32\sechost.dll
0x00007ffdf15f0000 - 0x00007ffdf1713000 	C:\Windows\System32\RPCRT4.dll
0x00007ffdeee80000 - 0x00007ffdeeea7000 	C:\Windows\System32\bcrypt.dll
0x00007ffdea0c0000 - 0x00007ffdea0c9000 	C:\Windows\SYSTEM32\WSOCK32.dll
0x00007ffddbd60000 - 0x00007ffddbd87000 	C:\Windows\SYSTEM32\WINMM.dll
0x00007ffdeece0000 - 0x00007ffdeed2b000 	C:\Windows\SYSTEM32\POWRPROF.dll
0x00007ffdf1580000 - 0x00007ffdf15eb000 	C:\Windows\System32\WS2_32.dll
0x00007ffde29f0000 - 0x00007ffde29fa000 	C:\Windows\SYSTEM32\VERSION.dll
0x00007ffdeecc0000 - 0x00007ffdeecd2000 	C:\Windows\SYSTEM32\UMPDC.dll
0x00007ffded680000 - 0x00007ffded692000 	C:\Windows\SYSTEM32\kernel.appcore.dll
0x00007ffde7720000 - 0x00007ffde772a000 	C:\Program Files\Android\Android Studio\jbr\bin\jimage.dll
0x00007ffdec4b0000 - 0x00007ffdec694000 	C:\Windows\SYSTEM32\DBGHELP.DLL
0x00007ffde3c40000 - 0x00007ffde3c74000 	C:\Windows\SYSTEM32\dbgcore.DLL
0x00007ffdef150000 - 0x00007ffdef1d2000 	C:\Windows\System32\bcryptPrimitives.dll
0x00007ffdddb60000 - 0x00007ffdddb6e000 	C:\Program Files\Android\Android Studio\jbr\bin\instrument.dll
0x00007ffdddc00000 - 0x00007ffdddc25000 	C:\Program Files\Android\Android Studio\jbr\bin\java.dll
0x00007ffde70f0000 - 0x00007ffde7108000 	C:\Program Files\Android\Android Studio\jbr\bin\zip.dll
0x00007ffdf0540000 - 0x00007ffdf0cae000 	C:\Windows\System32\SHELL32.dll
0x00007ffdecda0000 - 0x00007ffded544000 	C:\Windows\SYSTEM32\windows.storage.dll
0x00007ffdeff00000 - 0x00007ffdf0255000 	C:\Windows\System32\combase.dll
0x00007ffdee7e0000 - 0x00007ffdee80f000 	C:\Windows\SYSTEM32\Wldp.dll
0x00007ffdefd20000 - 0x00007ffdefded000 	C:\Windows\System32\OLEAUT32.dll
0x00007ffdefdf0000 - 0x00007ffdefe9d000 	C:\Windows\System32\SHCORE.dll
0x00007ffdefea0000 - 0x00007ffdefef5000 	C:\Windows\System32\shlwapi.dll
0x00007ffdeedb0000 - 0x00007ffdeedd4000 	C:\Windows\SYSTEM32\profapi.dll
0x00007ffdddbe0000 - 0x00007ffdddbf9000 	C:\Program Files\Android\Android Studio\jbr\bin\net.dll
0x00007ffde4f40000 - 0x00007ffde504d000 	C:\Windows\SYSTEM32\WINHTTP.dll
0x00007ffdee540000 - 0x00007ffdee5aa000 	C:\Windows\system32\mswsock.dll
0x00007ffdddbc0000 - 0x00007ffdddbd6000 	C:\Program Files\Android\Android Studio\jbr\bin\nio.dll
0x00007ffdddba0000 - 0x00007ffdddbb0000 	C:\Program Files\Android\Android Studio\jbr\bin\verify.dll
0x00007ffde68e0000 - 0x00007ffde6907000 	C:\Users\Mohamed Yasser\.gradle\native\68d5fa5c4cc2d200863cafc0d521ce42e7d3e7ee720ec0a83991735586a16f82\windows-amd64\native-platform.dll
0x00007ffdcb5b0000 - 0x00007ffdcb6f4000 	C:\Users\Mohamed Yasser\.gradle\native\e376f236ea51e6404a007f0833ffe2c6e607c4080706a723a18a27aeea778392\windows-amd64\native-platform-file-events.dll
0x00007ffde04e0000 - 0x00007ffde04e9000 	C:\Program Files\Android\Android Studio\jbr\bin\management.dll
0x00007ffdddbb0000 - 0x00007ffdddbbb000 	C:\Program Files\Android\Android Studio\jbr\bin\management_ext.dll
0x00007ffdef930000 - 0x00007ffdef938000 	C:\Windows\System32\PSAPI.DLL
0x00007ffdee730000 - 0x00007ffdee748000 	C:\Windows\SYSTEM32\CRYPTSP.dll
0x00007ffdede60000 - 0x00007ffdede94000 	C:\Windows\system32\rsaenh.dll
0x00007ffdeed70000 - 0x00007ffdeed9e000 	C:\Windows\SYSTEM32\USERENV.dll
0x00007ffdee750000 - 0x00007ffdee75c000 	C:\Windows\SYSTEM32\CRYPTBASE.dll
0x00007ffdee220000 - 0x00007ffdee25b000 	C:\Windows\SYSTEM32\IPHLPAPI.DLL
0x00007ffdf0cb0000 - 0x00007ffdf0cb8000 	C:\Windows\System32\NSI.dll
0x00007ffde6ea0000 - 0x00007ffde6eb7000 	C:\Windows\SYSTEM32\dhcpcsvc6.DLL
0x00007ffde6ca0000 - 0x00007ffde6cbd000 	C:\Windows\SYSTEM32\dhcpcsvc.DLL
0x00007ffdee2b0000 - 0x00007ffdee37a000 	C:\Windows\SYSTEM32\DNSAPI.dll
0x00007ffde12e0000 - 0x00007ffde12e9000 	C:\Program Files\Android\Android Studio\jbr\bin\extnet.dll
0x00007ffde7710000 - 0x00007ffde7717000 	C:\Windows\system32\wshunix.dll

dbghelp: loaded successfully - version: 4.0.5 - missing functions: none
symbol engine: initialized successfully - sym options: 0x614 - pdb path: .;C:\Program Files\Android\Android Studio\jbr\bin;C:\Windows\SYSTEM32;C:\Windows\WinSxS\amd64_microsoft.windows.common-controls_6595b64144ccf1df_6.0.19041.4355_none_60b8b9eb71f62e16;C:\Program Files\Android\Android Studio\jbr\bin\server;C:\Users\Mohamed Yasser\.gradle\native\68d5fa5c4cc2d200863cafc0d521ce42e7d3e7ee720ec0a83991735586a16f82\windows-amd64;C:\Users\Mohamed Yasser\.gradle\native\e376f236ea51e6404a007f0833ffe2c6e607c4080706a723a18a27aeea778392\windows-amd64

VM Arguments:
jvm_args: -XX:MaxMetaspaceSize=2G -XX:+HeapDumpOnOutOfMemoryError --add-opens=java.base/java.util=ALL-UNNAMED --add-opens=java.base/java.lang=ALL-UNNAMED --add-opens=java.base/java.lang.invoke=ALL-UNNAMED --add-opens=java.prefs/java.util.prefs=ALL-UNNAMED --add-opens=java.base/java.nio.charset=ALL-UNNAMED --add-opens=java.base/java.net=ALL-UNNAMED --add-opens=java.base/java.util.concurrent.atomic=ALL-UNNAMED -Xmx4G -Dfile.encoding=windows-1252 -Duser.country=US -Duser.language=en -Duser.variant -javaagent:C:\Users\Mohamed Yasser\.gradle\wrapper\dists\gradle-8.3-all\6en3ugtfdg5xnpx44z4qbwgas\gradle-8.3\lib\agents\gradle-instrumentation-agent-8.3.jar 
java_command: org.gradle.launcher.daemon.bootstrap.GradleDaemon 8.3
java_class_path (initial): C:\Users\Mohamed Yasser\.gradle\wrapper\dists\gradle-8.3-all\6en3ugtfdg5xnpx44z4qbwgas\gradle-8.3\lib\gradle-launcher-8.3.jar
Launcher Type: SUN_STANDARD

[Global flags]
     intx CICompilerCount                          = 3                                         {product} {ergonomic}
     uint ConcGCThreads                            = 1                                         {product} {ergonomic}
     uint G1ConcRefinementThreads                  = 4                                         {product} {ergonomic}
   size_t G1HeapRegionSize                         = 2097152                                   {product} {ergonomic}
    uintx GCDrainStackTargetSize                   = 64                                        {product} {ergonomic}
     bool HeapDumpOnOutOfMemoryError               = true                                   {manageable} {command line}
   size_t InitialHeapSize                          = 134217728                                 {product} {ergonomic}
   size_t MarkStackSize                            = 4194304                                   {product} {ergonomic}
   size_t MaxHeapSize                              = 4294967296                                {product} {command line}
   size_t MaxMetaspaceSize                         = 2147483648                                {product} {command line}
   size_t MaxNewSize                               = 2575302656                                {product} {ergonomic}
   size_t MinHeapDeltaBytes                        = 2097152                                   {product} {ergonomic}
   size_t MinHeapSize                              = 8388608                                   {product} {ergonomic}
    uintx NonNMethodCodeHeapSize                   = 5832780                                {pd product} {ergonomic}
    uintx NonProfiledCodeHeapSize                  = 122912730                              {pd product} {ergonomic}
    uintx ProfiledCodeHeapSize                     = 122912730                              {pd product} {ergonomic}
    uintx ReservedCodeCacheSize                    = 251658240                              {pd product} {ergonomic}
     bool SegmentedCodeCache                       = true                                      {product} {ergonomic}
   size_t SoftMaxHeapSize                          = 4294967296                             {manageable} {ergonomic}
     bool UseCompressedClassPointers               = true                           {product lp64_product} {ergonomic}
     bool UseCompressedOops                        = true                           {product lp64_product} {ergonomic}
     bool UseG1GC                                  = true                                      {product} {ergonomic}
     bool UseLargePagesIndividualAllocation        = false                                  {pd product} {ergonomic}

Logging:
Log output configuration:
 #0: stdout all=warning uptime,level,tags
 #1: stderr all=off uptime,level,tags

Environment Variables:
JAVA_HOME=C:\Program Files\Android\Android Studio\jbr
CLASSPATH=D:\Flutter_block_version_one\trend_bloc\trend\android\\gradle\wrapper\gradle-wrapper.jar
PATH=C:\Program Files\Android\Android Studio\jbr\bin;C:\Program Files\Microsoft SDKs\Azure\CLI2\wbin;C:\Program Files\Python312\Scripts\;C:\Program Files\Python312\;C:\Program Files\Common Files\Oracle\Java\javapath;C:\Windows\system32;C:\Windows;C:\Windows\System32\Wbem;C:\Windows\System32\WindowsPowerShell\v1.0\;C:\Windows\System32\OpenSSH\;C:\src\flutter\bin;C:\Program Files\scarpy\scrcpy-win64-v2.3.1;C:\Program Files\node js\;C:\New folder\Scripts;C:\Program Files\MySQL\MySQL Shell 8.0\bin\mysql.exe;C:\Program Files\MySQL\MySQL Server 8.0\bin;C:\Users\Mohamed Yasser\AppData\Local\Pub\Cache\bin\flutterfire;C:\Users\Mohamed Yasser\AppData\Local\Pub\Cache\bi;C:\Users\Mohamed Yasser\AppData\Roaming\npm;C:\MinGW\bin;C:\Program Files\Git\cmd;C:\Program Files\dart-sdk\bin;C:\Program Files\Microsoft SDKs\Azure\CLI2\wbin;C:\Program Files\Python312\Scripts\;C:\Program Files\Python312\;C:\Program Files\Common Files\Oracle\Java\javapath;C:\Windows\system32;C:\Windows;C:\Windows\System32\Wbem;C:\Windows\System32\WindowsPowerShell\v1.0\;C:\Windows\System32\OpenSSH\;C:\src\flutter\bin;C:\Program Files\Git\cmd;C:\Program Files\scarpy\scrcpy-win64-v2.3.1;C:\Program Files\node js\;C:\New folder\Scripts;C:\Program Files\Docker\Docker\resources\bin;C:\Program Files\MySQL\MySQL Shell 8.0\bin\mysql.exe;C:\Program Files\MySQL\MySQL Server 8.0\bin;C:\Program Files\MySQL\MySQL Shell 8.0\bin\;C:\New folder;C:\New folder\Library\mingw-w64\bin;C:\New folder\Library\usr\bin;C:\New folder\Library\bin;C:\New folder\Scripts;C:\Users\Mohamed Yasser\AppData\Local\Microsoft\WindowsApps;C:\Users\Mohamed Yasser\AppData\Local\Programs\Microsoft VS Code\bin;C:\Program Files\dart-sdk\bin;C:\src\flutter\bin;C:\src\Android\Sdk;D:\Programming_languages\Flutter\My_project\android\gradle;D:\Programming_languages\F;C:\Users\Mohamed Yasser\AppData\Local\Pub\Cache\bin\flutterfire;C:\Users\Mohamed Yasser\AppData\Local\Pub\Cache\bin;C:\MinGW\bin;C:\Program Files\dart-sdk\bin;C:\src\dart-sdk\bin;C:\src\flutter\bin;
USERNAME=Mohamed Yasser
OS=Windows_NT
PROCESSOR_IDENTIFIER=Intel64 Family 6 Model 61 Stepping 4, GenuineIntel
TMP=C:\Users\MOHAME~1\AppData\Local\Temp
TEMP=C:\Users\MOHAME~1\AppData\Local\Temp



Periodic native trim disabled

JNI global refs:
JNI global refs: 25, weak refs: 0

JNI global refs memory usage: 843, weak refs: 841

Process memory usage:
Resident Set Size: 394648K (4% of 8288700K total physical memory with 2016024K free physical memory)

OOME stack traces (most recent first):
Classloader memory used:
Loader org.gradle.internal.classloader.VisitableURLClassLoader                         : 4711K
Loader bootstrap                                                                       : 2859K
Loader org.gradle.internal.classloader.VisitableURLClassLoader$InstrumentingVisitableURLClassLoader: 1485K
Loader org.gradle.initialization.MixInLegacyTypesClassLoader                           : 1391K
Loader jdk.internal.loader.ClassLoaders$PlatformClassLoader                            : 65556B
Loader jdk.internal.reflect.DelegatingClassLoader                                      : 33813B
Loader jdk.internal.loader.ClassLoaders$AppClassLoader                                 : 28458B
Loader org.gradle.groovy.scripts.internal.DefaultScriptCompilationHandler$ScriptClassLoader: 16604B
Loader org.codehaus.groovy.runtime.callsite.CallSiteClassLoader                        : 12628B
Loader sun.reflect.misc.MethodUtil                                                     : 373B

Classes loaded by more than one classloader:
Class Program                                                                         : loaded 5 times (x 70B)
Class com.google.common.collect.Iterators$MergingIterator                             : loaded 2 times (x 79B)
Class org.objectweb.asm.ModuleVisitor                                                 : loaded 2 times (x 78B)
Class [Lcom.google.common.collect.AbstractMapEntry;                                   : loaded 2 times (x 67B)
Class com.google.common.collect.SingletonImmutableList                                : loaded 2 times (x 167B)
Class com.google.common.cache.CacheLoader$SupplierToCacheLoader                       : loaded 2 times (x 73B)
Class org.gradle.internal.classpath.ClassPath                                         : loaded 2 times (x 68B)
Class com.google.common.cache.RemovalListener                                         : loaded 2 times (x 68B)
Class org.gradle.api.internal.classpath.DefaultModuleRegistry                         : loaded 2 times (x 84B)
Class com.google.common.collect.ImmutableEnumSet                                      : loaded 2 times (x 144B)
Class com.google.common.collect.ListMultimap                                          : loaded 2 times (x 68B)
Class com.google.common.base.CharMatcher$JavaDigit                                    : loaded 2 times (x 109B)
Class com.google.common.base.CharMatcher$Digit                                        : loaded 2 times (x 110B)
Class com.google.common.collect.AbstractMultimap                                      : loaded 2 times (x 121B)
Class com.google.common.cache.CacheBuilder$OneWeigher                                 : loaded 2 times (x 80B)
Class org.gradle.api.Action                                                           : loaded 2 times (x 68B)
Class com.google.common.collect.ImmutableEntry                                        : loaded 2 times (x 80B)
Class com.google.common.collect.Lists$StringAsImmutableList                           : loaded 2 times (x 167B)
Class com.google.common.cache.LocalCache$StrongEntry                                  : loaded 2 times (x 106B)
Class org.objectweb.asm.FieldWriter                                                   : loaded 2 times (x 75B)
Class com.google.common.base.CharMatcher                                              : loaded 2 times (x 109B)
Class com.google.common.base.CharMatcher$IsNot                                        : loaded 2 times (x 109B)
Class com.google.common.base.Splitter                                                 : loaded 2 times (x 70B)
Class [Lcom.google.common.cache.Weigher;                                              : loaded 2 times (x 67B)
Class com.google.common.collect.Iterators$ArrayItr                                    : loaded 2 times (x 95B)
Class com.google.common.cache.LocalCache$Segment                                      : loaded 2 times (x 152B)
Class org.gradle.api.internal.DefaultClassPathProvider                                : loaded 2 times (x 74B)
Class org.gradle.internal.installation.GradleInstallation$1                           : loaded 2 times (x 73B)
Class com.google.common.cache.LocalCache$AbstractReferenceEntry                       : loaded 2 times (x 105B)
Class org.objectweb.asm.Type                                                          : loaded 2 times (x 70B)
Class com.google.common.util.concurrent.AbstractFuture$Failure                        : loaded 2 times (x 70B)
Class com.google.common.base.CharMatcher$BitSetMatcher                                : loaded 2 times (x 110B)
Class com.google.common.collect.ImmutableMap$IteratorBasedImmutableMap                : loaded 2 times (x 123B)
Class com.google.common.collect.ImmutableMap                                          : loaded 2 times (x 118B)
Class com.google.common.base.Converter                                                : loaded 2 times (x 88B)
Class com.google.common.collect.ImmutableSet$EmptySetBuilderImpl                      : loaded 2 times (x 74B)
Class settings_2alvhs7gmtnutagd129f8h88l                                              : loaded 2 times (x 177B)
Class com.google.common.base.Equivalence                                              : loaded 2 times (x 80B)
Class com.google.common.primitives.Ints                                               : loaded 2 times (x 69B)
Class com.google.common.cache.LocalCache$EntryFactory$1                               : loaded 2 times (x 81B)
Class com.google.common.cache.LocalCache$EntryFactory$2                               : loaded 2 times (x 81B)
Class com.google.common.cache.LocalCache$EntryFactory$3                               : loaded 2 times (x 81B)
Class com.google.common.cache.LocalCache$EntryFactory$4                               : loaded 2 times (x 81B)
Class com.google.common.cache.LocalCache$EntryFactory$5                               : loaded 2 times (x 81B)
Class com.google.common.cache.LocalCache$EntryFactory$6                               : loaded 2 times (x 81B)
Class com.google.common.cache.LocalCache$EntryFactory$7                               : loaded 2 times (x 81B)
Class com.google.common.cache.LocalCache$EntryFactory$8                               : loaded 2 times (x 81B)
Class com.google.common.base.Predicate                                                : loaded 2 times (x 68B)
Class com.google.common.cache.LocalCache$StrongValueReference                         : loaded 2 times (x 88B)
Class org.gradle.internal.classloader.FilteringClassLoader                            : loaded 2 times (x 103B)
Class com.google.common.collect.RegularImmutableSet                                   : loaded 2 times (x 146B)
Class [Lcom.google.common.cache.LocalCache$Strength;                                  : loaded 2 times (x 67B)
Class org.gradle.internal.classpath.DefaultClassPath$ImmutableUniqueList$Builder      : loaded 2 times (x 73B)
Class com.google.common.collect.Maps$8                                                : loaded 2 times (x 80B)
Class com.google.common.base.PatternCompiler                                          : loaded 2 times (x 68B)
Class [Lcom.google.common.cache.CacheBuilder$NullListener;                            : loaded 2 times (x 67B)
Class com.google.common.base.CharMatcher$InRange                                      : loaded 2 times (x 109B)
Class com.google.common.collect.Sets$SetView                                          : loaded 2 times (x 136B)
Class com.google.common.collect.BiMap                                                 : loaded 2 times (x 68B)
Class com.google.common.collect.Lists                                                 : loaded 2 times (x 69B)
Class org.objectweb.asm.AnnotationWriter                                              : loaded 2 times (x 76B)
Class com.google.common.math.IntMath$1                                                : loaded 2 times (x 69B)
Class org.gradle.internal.classloader.ClassLoaderVisitor                              : loaded 2 times (x 74B)
Class org.objectweb.asm.Label                                                         : loaded 2 times (x 71B)
Class com.google.common.cache.CacheBuilder$NullListener                               : loaded 2 times (x 80B)
Class com.google.common.math.MathPreconditions                                        : loaded 2 times (x 69B)
Class org.gradle.internal.service.DefaultServiceLocator                               : loaded 2 times (x 81B)
Class org.gradle.internal.service.UnknownServiceException                             : loaded 2 times (x 81B)
Class com.google.common.util.concurrent.AbstractFuture$SynchronizedHelper             : loaded 2 times (x 76B)
Class com.google.common.collect.ArrayListMultimap                                     : loaded 2 times (x 170B)
Class com.google.common.base.Strings                                                  : loaded 2 times (x 69B)
Class com.google.common.cache.CacheLoader$InvalidCacheLoadException                   : loaded 2 times (x 80B)
Class org.gradle.internal.classloader.DefaultClassLoaderFactory                       : loaded 2 times (x 80B)
Class com.google.common.collect.UnmodifiableIterator                                  : loaded 2 times (x 78B)
Class com.google.common.base.Stopwatch                                                : loaded 2 times (x 70B)
Class com.google.common.base.Platform$JdkPatternCompiler                              : loaded 2 times (x 73B)
Class com.google.common.cache.LocalCache$LoadingValueReference                        : loaded 2 times (x 94B)
Class com.google.common.base.CharMatcher$SingleWidth                                  : loaded 2 times (x 110B)
Class com.google.common.collect.Hashing                                               : loaded 2 times (x 69B)
Class com.google.common.base.JdkPattern                                               : loaded 2 times (x 73B)
Class com.google.common.collect.Multimap                                              : loaded 2 times (x 68B)
Class com.google.common.base.FunctionalEquivalence                                    : loaded 2 times (x 81B)
Class org.objectweb.asm.AnnotationVisitor                                             : loaded 2 times (x 75B)
Class org.objectweb.asm.RecordComponentWriter                                         : loaded 2 times (x 76B)
Class com.google.common.cache.LocalCache$1                                            : loaded 2 times (x 87B)
Class com.google.common.cache.LocalCache$2                                            : loaded 2 times (x 140B)
Class org.gradle.internal.classloader.VisitableURLClassLoader$Spec                    : loaded 2 times (x 72B)
Class org.gradle.api.GradleException                                                  : loaded 2 times (x 80B)
Class com.google.common.base.CharMatcher$JavaLetterOrDigit                            : loaded 2 times (x 109B)
Class org.gradle.api.internal.classpath.ModuleRegistry                                : loaded 2 times (x 68B)
Class com.google.common.cache.CacheBuilder                                            : loaded 2 times (x 70B)
Class org.objectweb.asm.ByteVector                                                    : loaded 2 times (x 76B)
Class com.google.common.collect.ImmutableCollection                                   : loaded 2 times (x 123B)
Class com.google.common.base.PairwiseEquivalence                                      : loaded 2 times (x 81B)
Class com.google.common.base.Ticker                                                   : loaded 2 times (x 70B)
Class org.gradle.api.internal.ClassPathProvider                                       : loaded 2 times (x 68B)
Class com.google.common.base.Ascii                                                    : loaded 2 times (x 69B)
Class com.google.common.collect.RegularImmutableMap$Values                            : loaded 2 times (x 167B)
Class org.objectweb.asm.ModuleWriter                                                  : loaded 2 times (x 79B)
Class org.gradle.internal.classloader.ClasspathUtil$1                                 : loaded 2 times (x 74B)
Class com.google.common.collect.ImmutableEnumMap                                      : loaded 2 times (x 123B)
Class com.google.common.collect.ImmutableList$ReverseImmutableList                    : loaded 2 times (x 168B)
Class [Lorg.jetbrains.kotlin.utils.DescriptionAware;                                  : loaded 2 times (x 67B)
Class com.google.common.cache.AbstractCache$StatsCounter                              : loaded 2 times (x 68B)
Class org.objectweb.asm.FieldVisitor                                                  : loaded 2 times (x 74B)
Class org.objectweb.asm.Symbol                                                        : loaded 2 times (x 71B)
Class com.google.common.cache.LocalCache$Strength$1                                   : loaded 2 times (x 79B)
Class com.google.common.cache.LocalCache$Strength$2                                   : loaded 2 times (x 79B)
Class com.google.common.cache.LocalCache$Strength$3                                   : loaded 2 times (x 79B)
Class org.gradle.internal.classloader.ClassLoaderFactory                              : loaded 2 times (x 68B)
Class com.google.common.collect.ObjectArrays                                          : loaded 2 times (x 69B)
Class com.google.common.util.concurrent.AbstractFuture$Waiter                         : loaded 2 times (x 70B)
Class com.google.common.util.concurrent.Uninterruptibles                              : loaded 2 times (x 69B)
Class com.google.common.collect.Iterators$10                                          : loaded 2 times (x 79B)
Class com.google.common.collect.ImmutableList                                         : loaded 2 times (x 166B)
Class org.gradle.api.internal.classpath.ManifestUtil                                  : loaded 2 times (x 69B)
Class org.gradle.api.specs.Spec                                                       : loaded 2 times (x 68B)
Class com.google.common.cache.CacheLoader$UnsupportedLoadingOperationException        : loaded 2 times (x 80B)
Class com.google.common.base.CharMatcher$Whitespace                                   : loaded 2 times (x 110B)
Class com.google.common.util.concurrent.ListenableFuture                              : loaded 2 times (x 68B)
Class com.google.common.collect.Iterators$1                                           : loaded 2 times (x 79B)
Class com.google.common.collect.Iterators$4                                           : loaded 2 times (x 80B)
Class com.google.common.collect.RegularImmutableMap$BucketOverflowException           : loaded 2 times (x 80B)
Class com.google.common.collect.Iterators$5                                           : loaded 2 times (x 80B)
Class com.google.common.util.concurrent.AbstractFuture$UnsafeAtomicHelper             : loaded 2 times (x 76B)
Class com.google.common.base.Joiner                                                   : loaded 2 times (x 77B)
Class com.google.common.base.Equivalence$Equals                                       : loaded 2 times (x 80B)
Class com.google.common.base.Preconditions                                            : loaded 2 times (x 69B)
Class com.google.common.base.Function                                                 : loaded 2 times (x 68B)
Class com.google.common.collect.Iterators$9                                           : loaded 2 times (x 79B)
Class org.gradle.internal.IoActions                                                   : loaded 2 times (x 69B)
Class com.google.common.cache.ReferenceEntry                                          : loaded 2 times (x 68B)
Class com.google.common.collect.RegularImmutableMap$KeySet                            : loaded 2 times (x 148B)
Class com.google.common.collect.CollectPreconditions                                  : loaded 2 times (x 69B)
Class com.google.common.primitives.IntsMethodsForWeb                                  : loaded 2 times (x 69B)
Class com.google.common.collect.Maps                                                  : loaded 2 times (x 69B)
Class com.google.common.collect.RegularImmutableMap                                   : loaded 2 times (x 119B)
Class com.google.common.collect.AbstractIndexedListIterator                           : loaded 2 times (x 94B)
Class com.google.common.base.CharMatcher$None                                         : loaded 2 times (x 110B)
Class org.gradle.api.internal.classpath.EffectiveClassPath                            : loaded 2 times (x 88B)
Class com.google.common.collect.UnmodifiableListIterator                              : loaded 2 times (x 93B)
Class com.google.common.cache.CacheLoader$FunctionToCacheLoader                       : loaded 2 times (x 73B)
Class com.google.common.cache.CacheBuilder$1                                          : loaded 2 times (x 83B)
Class com.google.common.cache.CacheBuilder$2                                          : loaded 2 times (x 77B)
Class com.google.common.collect.ImmutableList$1                                       : loaded 2 times (x 95B)
Class com.google.common.base.Splitter$Strategy                                        : loaded 2 times (x 68B)
Class com.google.common.cache.CacheBuilder$3                                          : loaded 2 times (x 70B)
Class com.google.common.collect.ImmutableMapEntrySet$RegularEntrySet                  : loaded 2 times (x 149B)
Class [Lcom.google.common.cache.RemovalListener;                                      : loaded 2 times (x 67B)
Class [Lcom.google.common.collect.ImmutableMapEntry;                                  : loaded 2 times (x 67B)
Class org.gradle.internal.installation.CurrentGradleInstallation                      : loaded 2 times (x 71B)
Class org.gradle.internal.agents.InstrumentingClassLoader                             : loaded 2 times (x 68B)
Class org.gradle.internal.installation.CurrentGradleInstallationLocator               : loaded 2 times (x 69B)
Class [Lcom.google.common.cache.LocalCache$Segment;                                   : loaded 2 times (x 67B)
Class org.gradle.api.internal.classpath.Module                                        : loaded 2 times (x 68B)
Class com.google.common.base.Splitter$1$1                                             : loaded 2 times (x 84B)
Class com.google.common.collect.ImmutableSet$JdkBackedSetBuilderImpl                  : loaded 2 times (x 74B)
Class Dependency_version_checker_gradle                                               : loaded 2 times (x 128B)
Class [Lorg.jetbrains.kotlin.config.LanguageOrApiVersion;                             : loaded 2 times (x 67B)
Class com.google.common.collect.ImmutableSet$RegularSetBuilderImpl                    : loaded 2 times (x 75B)
Class [Lorg.objectweb.asm.AnnotationWriter;                                           : loaded 2 times (x 67B)
Class org.gradle.internal.service.CachingServiceLocator                               : loaded 2 times (x 80B)
Class [Lcom.google.common.collect.ImmutableEntry;                                     : loaded 2 times (x 67B)
Class org.gradle.internal.classpath.DefaultClassPath                                  : loaded 2 times (x 88B)
Class com.google.common.util.concurrent.AbstractFuture$SetFuture                      : loaded 2 times (x 73B)
Class com.google.common.base.Splitter$SplittingIterator                               : loaded 2 times (x 82B)
Class com.google.common.cache.LocalCache$LocalManualCache$1                           : loaded 2 times (x 73B)
Class Build_gradle$1                                                                  : loaded 2 times (x 72B)
Class org.objectweb.asm.SymbolTable$Entry                                             : loaded 2 times (x 72B)
Class [Lcom.google.common.cache.LocalCache$EntryFactory;                              : loaded 2 times (x 67B)
Class com.google.common.base.CharMatcher$Is                                           : loaded 2 times (x 109B)
Class com.google.common.base.Platform                                                 : loaded 2 times (x 69B)
Class com.google.common.collect.RegularImmutableAsList                                : loaded 2 times (x 176B)
Class com.google.common.collect.PeekingIterator                                       : loaded 2 times (x 68B)
Class com.google.common.collect.ImmutableMapEntrySet                                  : loaded 2 times (x 149B)
Class com.google.common.cache.CacheLoader                                             : loaded 2 times (x 72B)
Class com.google.common.collect.ImmutableBiMapFauxverideShim                          : loaded 2 times (x 118B)
Class org.objectweb.asm.MethodTooLargeException                                       : loaded 2 times (x 81B)
Class NativePluginLoader$getDependenciesMetadata$0                                    : loaded 2 times (x 150B)
Class com.google.common.cache.Cache                                                   : loaded 2 times (x 68B)
Class org.gradle.internal.classloader.SystemClassLoaderSpec                           : loaded 2 times (x 69B)
Class com.google.common.util.concurrent.internal.InternalFutureFailureAccess          : loaded 2 times (x 70B)
Class com.google.common.base.Charsets                                                 : loaded 2 times (x 69B)
Class org.jetbrains.kotlin.utils.DescriptionAware                                     : loaded 2 times (x 68B)
Class com.google.common.primitives.Ints$IntConverter                                  : loaded 2 times (x 88B)
Class com.google.common.collect.SingletonImmutableSet                                 : loaded 2 times (x 144B)
Class [Lcom.google.common.base.AbstractIterator$State;                                : loaded 2 times (x 67B)
Class com.google.common.collect.ImmutableMap$Builder                                  : loaded 2 times (x 80B)
Class com.google.common.base.AbstractIterator                                         : loaded 2 times (x 78B)
Class org.objectweb.asm.ClassWriter                                                   : loaded 2 times (x 102B)
Class org.jetbrains.kotlin.config.LanguageVersion                                     : loaded 2 times (x 88B)
Class com.google.common.base.AbstractIterator$1                                       : loaded 2 times (x 69B)
Class [Lcom.google.common.cache.CacheBuilder$OneWeigher;                              : loaded 2 times (x 67B)
Class com.google.common.collect.Iterators                                             : loaded 2 times (x 69B)
Class com.google.common.base.CharMatcher$1                                            : loaded 2 times (x 111B)
Class com.google.common.base.CharMatcher$Ascii                                        : loaded 2 times (x 110B)
Class com.google.common.cache.LocalCache$ComputingValueReference                      : loaded 2 times (x 94B)
Class org.gradle.api.UncheckedIOException                                             : loaded 2 times (x 80B)
Class com.google.common.base.CharMatcher$And                                          : loaded 2 times (x 110B)
Class com.google.common.collect.IndexedImmutableSet                                   : loaded 2 times (x 148B)
Class native_plugin_loader_7dik9rqpj677pep4bin0xqtrk                                  : loaded 2 times (x 175B)
Class com.google.common.collect.IndexedImmutableSet$1                                 : loaded 2 times (x 172B)
Class com.google.common.collect.AbstractListMultimap                                  : loaded 2 times (x 170B)
Class com.google.common.base.CharMatcher$Any                                          : loaded 2 times (x 110B)
Class org.gradle.internal.installation.GradleInstallation                             : loaded 2 times (x 73B)
Class com.google.common.cache.LocalCache$Strength                                     : loaded 2 times (x 79B)
Class com.google.common.collect.ArrayListMultimapGwtSerializationDependencies         : loaded 2 times (x 170B)
Class com.google.common.base.CharMatcher$RangesMatcher                                : loaded 2 times (x 110B)
Class org.objectweb.asm.Handler                                                       : loaded 2 times (x 70B)
Class com.google.common.collect.ImmutableList$SubList                                 : loaded 2 times (x 168B)
Class com.google.common.cache.LocalCache$ValueReference                               : loaded 2 times (x 68B)
Class org.gradle.internal.classloader.ClasspathUtil                                   : loaded 2 times (x 69B)
Class org.objectweb.asm.CurrentFrame                                                  : loaded 2 times (x 71B)
Class com.google.common.util.concurrent.AbstractFuture                                : loaded 2 times (x 93B)
Class com.google.common.base.Splitter$1                                               : loaded 2 times (x 75B)
Class com.google.common.base.Ticker$1                                                 : loaded 2 times (x 70B)
Class com.google.common.collect.Maps$BiMapConverter                                   : loaded 2 times (x 88B)
Class org.gradle.api.internal.DefaultClassPathRegistry                                : loaded 2 times (x 74B)
Class org.jetbrains.kotlin.config.LanguageOrApiVersion                                : loaded 2 times (x 68B)
Class [Lorg.objectweb.asm.Symbol;                                                     : loaded 2 times (x 67B)
Class com.google.common.util.concurrent.AbstractFuture$Cancellation                   : loaded 2 times (x 70B)
Class com.google.common.collect.ImmutableSet$SetBuilderImpl                           : loaded 2 times (x 74B)
Class org.gradle.api.internal.classpath.DefaultModuleRegistry$DefaultModule           : loaded 2 times (x 84B)
Class com.google.common.base.CharMatcher$JavaIsoControl                               : loaded 2 times (x 110B)
Class com.google.common.collect.ImmutableMap$1                                        : loaded 2 times (x 79B)
Class com.google.common.base.CharMatcher$Or                                           : loaded 2 times (x 110B)
Class com.google.common.base.Suppliers$SupplierOfInstance                             : loaded 2 times (x 77B)
Class org.objectweb.asm.RecordComponentVisitor                                        : loaded 2 times (x 75B)
Class com.google.common.collect.Iterables                                             : loaded 2 times (x 69B)
Class com.google.common.base.CharMatcher$JavaLowerCase                                : loaded 2 times (x 109B)
Class org.objectweb.asm.ClassTooLargeException                                        : loaded 2 times (x 81B)
Class org.jetbrains.kotlin.config.LanguageVersion$Companion                           : loaded 2 times (x 69B)
Class org.gradle.api.internal.classpath.UnknownModuleException                        : loaded 2 times (x 80B)
Class com.google.common.util.concurrent.AbstractFuture$Listener                       : loaded 2 times (x 70B)
Class org.objectweb.asm.Edge                                                          : loaded 2 times (x 70B)
Class com.google.common.collect.Maps$EntryTransformer                                 : loaded 2 times (x 68B)
Class com.google.common.collect.ImmutableCollection$Builder                           : loaded 2 times (x 74B)
Class native_plugin_loader_7dik9rqpj677pep4bin0xqtrk$_run_closure1                    : loaded 2 times (x 134B)
Class [Lorg.objectweb.asm.SymbolTable$Entry;                                          : loaded 2 times (x 67B)
Class com.google.common.base.CommonPattern                                            : loaded 2 times (x 72B)
Class com.google.common.base.Suppliers                                                : loaded 2 times (x 69B)
Class org.objectweb.asm.ClassVisitor                                                  : loaded 2 times (x 85B)
Class com.google.common.cache.LoadingCache                                            : loaded 2 times (x 68B)
Class org.gradle.internal.service.ServiceLookupException                              : loaded 2 times (x 80B)
Class org.gradle.cache.GlobalCache                                                    : loaded 2 times (x 68B)
Class NativePluginLoader                                                              : loaded 2 times (x 91B)
Class com.google.common.base.CharMatcher$NegatedFastMatcher                           : loaded 2 times (x 111B)
Class [Lorg.gradle.api.internal.ClassPathProvider;                                    : loaded 2 times (x 67B)
Class com.google.common.util.concurrent.AbstractFuture$SafeAtomicHelper               : loaded 2 times (x 77B)
Class org.gradle.util.internal.GUtil                                                  : loaded 2 times (x 69B)
Class com.google.common.math.IntMath                                                  : loaded 2 times (x 69B)
Class com.google.common.collect.AbstractIterator                                      : loaded 2 times (x 80B)
Class org.gradle.internal.classloader.ClassLoaderSpec                                 : loaded 2 times (x 69B)
Class NativePluginLoader$_getPlugins_closure1                                         : loaded 2 times (x 134B)
Class com.google.common.base.NullnessCasts                                            : loaded 2 times (x 69B)
Class org.objectweb.asm.Frame                                                         : loaded 2 times (x 71B)
Class com.google.common.cache.LocalCache$LocalManualCache                             : loaded 2 times (x 97B)
Class com.google.common.collect.AbstractMapEntry                                      : loaded 2 times (x 79B)
Class com.google.common.collect.ImmutableList$Builder                                 : loaded 2 times (x 75B)
Class com.google.common.base.CharMatcher$Negated                                      : loaded 2 times (x 111B)
Class com.google.common.cache.CacheLoader$1                                           : loaded 2 times (x 73B)
Class com.google.common.util.concurrent.AbstractFuture$TrustedFuture                  : loaded 2 times (x 95B)
Class com.google.common.collect.Sets                                                  : loaded 2 times (x 69B)
Class com.google.common.collect.ImmutableSet$Builder                                  : loaded 2 times (x 83B)
Class com.google.common.base.CharMatcher$ForPredicate                                 : loaded 2 times (x 110B)
Class com.google.common.collect.ImmutableMap$MapViewOfValuesAsSingletonSets           : loaded 2 times (x 123B)
Class com.google.common.base.MoreObjects                                              : loaded 2 times (x 69B)
Class com.google.common.collect.SortedMapDifference                                   : loaded 2 times (x 68B)
Class org.objectweb.asm.SymbolTable                                                   : loaded 2 times (x 70B)
Class [Lorg.objectweb.asm.AnnotationVisitor;                                          : loaded 2 times (x 67B)
Class com.google.common.cache.CacheStats                                              : loaded 2 times (x 69B)
Class org.objectweb.asm.Attribute                                                     : loaded 2 times (x 75B)
Class org.gradle.internal.classloader.VisitableURLClassLoader                         : loaded 2 times (x 115B)
Class com.google.common.cache.LocalCache$LocalLoadingCache                            : loaded 2 times (x 132B)
Class com.google.common.base.Supplier                                                 : loaded 2 times (x 68B)
Class com.google.common.util.concurrent.AbstractFuture$AtomicHelper                   : loaded 2 times (x 76B)
Class com.google.common.collect.ImmutableBiMap                                        : loaded 2 times (x 141B)
Class org.gradle.internal.Cast                                                        : loaded 2 times (x 69B)
Class Build_gradle                                                                    : loaded 2 times (x 128B)
Class org.gradle.api.internal.ClassPathRegistry                                       : loaded 2 times (x 68B)
Class com.google.common.cache.LocalCache$EntryFactory                                 : loaded 2 times (x 81B)
Class com.google.common.util.concurrent.UncheckedExecutionException                   : loaded 2 times (x 80B)
Class com.google.common.collect.ImmutableSet                                          : loaded 2 times (x 143B)
Class org.gradle.internal.classloader.VisitableURLClassLoader$InstrumentingVisitableURLClassLoader: loaded 2 times (x 121B)
Class org.gradle.internal.classloader.ClassLoaderHierarchy                            : loaded 2 times (x 68B)
Class NativePluginLoader$getPlugins                                                   : loaded 2 times (x 150B)
Class [Lorg.objectweb.asm.Type;                                                       : loaded 2 times (x 67B)
Class com.google.common.base.AbstractIterator$State                                   : loaded 2 times (x 77B)
Class com.google.common.cache.Weigher                                                 : loaded 2 times (x 68B)
Class com.google.common.base.CharMatcher$NamedFastMatcher                             : loaded 2 times (x 110B)
Class org.gradle.internal.InternalTransformer                                         : loaded 2 times (x 68B)
Class org.gradle.internal.service.ServiceLocator                                      : loaded 2 times (x 68B)
Class com.google.common.util.concurrent.SettableFuture                                : loaded 2 times (x 95B)
Class com.google.common.collect.ImmutableMapEntry                                     : loaded 2 times (x 83B)
Class com.google.common.base.CharMatcher$Invisible                                    : loaded 2 times (x 110B)
Class com.google.common.base.Joiner$1                                                 : loaded 2 times (x 78B)
Class com.google.common.base.Joiner$2                                                 : loaded 2 times (x 77B)
Class com.google.common.base.CharMatcher$FastMatcher                                  : loaded 2 times (x 109B)
Class [Lorg.jetbrains.kotlin.config.LanguageVersion;                                  : loaded 2 times (x 67B)
Class org.gradle.internal.classpath.DefaultClassPath$ImmutableUniqueList              : loaded 2 times (x 159B)
Class com.google.common.base.CharMatcher$JavaLetter                                   : loaded 2 times (x 109B)
Class org.gradle.internal.classpath.TransformedClassPath                              : loaded 2 times (x 94B)
Class com.google.common.collect.MapDifference                                         : loaded 2 times (x 68B)
Class com.google.common.collect.Sets$1                                                : loaded 2 times (x 137B)
Class com.google.common.collect.Sets$2                                                : loaded 2 times (x 137B)
Class com.google.common.util.concurrent.AbstractFuture$Trusted                        : loaded 2 times (x 68B)
Class com.google.common.collect.Sets$3                                                : loaded 2 times (x 137B)
Class com.google.common.collect.Sets$4                                                : loaded 2 times (x 137B)
Class org.objectweb.asm.MethodWriter                                                  : loaded 2 times (x 103B)
Class com.google.common.collect.Platform                                              : loaded 2 times (x 69B)
Class com.google.common.collect.ImmutableAsList                                       : loaded 2 times (x 169B)
Class com.google.common.util.concurrent.ExecutionError                                : loaded 2 times (x 80B)
Class com.google.common.base.Equivalence$Identity                                     : loaded 2 times (x 80B)
Class com.google.common.base.CharMatcher$AnyOf                                        : loaded 2 times (x 110B)
Class com.google.common.base.CharMatcher$IsEither                                     : loaded 2 times (x 109B)
Class com.google.common.cache.LocalCache                                              : loaded 2 times (x 185B)
Class com.google.common.collect.RegularImmutableList                                  : loaded 2 times (x 172B)
Class com.google.common.util.concurrent.AbstractFuture$UnsafeAtomicHelper$1           : loaded 2 times (x 74B)
Class com.google.common.base.CharMatcher$JavaUpperCase                                : loaded 2 times (x 109B)
Class com.google.common.collect.Multiset                                              : loaded 2 times (x 68B)
Class com.google.common.collect.ImmutableSet$CachingAsList                            : loaded 2 times (x 145B)
Class org.objectweb.asm.MethodVisitor                                                 : loaded 2 times (x 102B)
Class com.google.common.collect.ImmutableMapEntry$NonTerminalImmutableMapEntry        : loaded 2 times (x 83B)
Class com.google.common.collect.AbstractMapBasedMultimap                              : loaded 2 times (x 137B)


---------------  S Y S T E M  ---------------

OS:
 Windows 10 , 64 bit Build 19041 (10.0.19041.5198)
OS uptime: 0 days 7:16 hours

CPU: total 4 (initial active 4) (2 cores per cpu, 2 threads per core) family 6 model 61 stepping 4 microcode 0x2f, cx8, cmov, fxsr, ht, mmx, 3dnowpref, sse, sse2, sse3, ssse3, sse4.1, sse4.2, popcnt, lzcnt, tsc, tscinvbit, avx, avx2, aes, erms, clmul, bmi1, bmi2, rtm, adx, fma, vzeroupper, clflush
Processor Information for all 4 processors :
  Max Mhz: 1801, Current Mhz: 1801, Mhz Limit: 1801

Memory: 4k page, system-wide physical 8094M (1968M free)
TotalPageFile size 13062M (AvailPageFile size 17M)
current process WorkingSet (physical memory assigned to process): 385M, peak: 385M
current process commit charge ("private bytes"): 412M, peak: 429M

vm_info: OpenJDK 64-Bit Server VM (17.0.11+0--11852314) for windows-amd64 JRE (17.0.11+0--11852314), built on May 16 2024 21:29:20 by "androidbuild" with MS VC++ 16.10 / 16.11 (VS2019)

END.
