#
# There is insufficient memory for the Java Runtime Environment to continue.
# Native memory allocation (mmap) failed to map 134217728 bytes. Error detail: G1 virtual space
# Possible reasons:
#   The system is out of physical RAM or swap space
#   This process is running with CompressedOops enabled, and the Java Heap may be blocking the growth of the native heap
# Possible solutions:
#   Reduce memory load on the system
#   Increase physical memory or swap space
#   Check if swap backing store is full
#   Decrease Java heap size (-Xmx/-Xms)
#   Decrease number of Java threads
#   Decrease Java thread stack sizes (-Xss)
#   Set larger code cache with -XX:ReservedCodeCacheSize=
#   JVM is running with Unscaled Compressed Oops mode in which the Java heap is
#     placed in the first 4GB address space. The Java Heap base address is the
#     maximum limit for the native heap growth. Please use -XX:HeapBaseMinAddress
#     to set the Java Heap base and to place the Java Heap above 4GB virtual address.
# This output file may be truncated or incomplete.
#
#  Out of Memory Error (os_windows.cpp:3825), pid=14216, tid=2900
#
# JRE version:  (17.0.11) (build )
# Java VM: OpenJDK 64-Bit Server VM (17.0.11+0--11852314, mixed mode, sharing, tiered, compressed oops, compressed class ptrs, g1 gc, windows-amd64)
# No core dump will be written. Minidumps are not enabled by default on client versions of Windows
#

---------------  S U M M A R Y ------------

Command Line: -Dorg.gradle.appname=gradlew org.gradle.wrapper.GradleWrapperMain -q -Ptarget-platform=android-arm64 -Ptarget=D:\Flutter_block_version_one\trend_bloc\trend\lib\main.dart -Pbase-application-name=android.app.Application -Pdart-defines=Zmx1dHRlci5pbnNwZWN0b3Iuc3RydWN0dXJlZEVycm9ycz10cnVl -Pdart-obfuscation=false -Ptrack-widget-creation=true -Ptree-shake-icons=false -Pfilesystem-scheme=org-dartlang-root assembleDebug

Host: Intel(R) Core(TM) i5-5350U CPU @ 1.80GHz, 4 cores, 7G,  Windows 10 , 64 bit Build 19041 (10.0.19041.5198)
Time: Mon Feb  3 12:50:34 2025 Egypt Standard Time elapsed time: 0.017396 seconds (0d 0h 0m 0s)

---------------  T H R E A D  ---------------

Current thread (0x0000016776a2af90):  JavaThread "Unknown thread" [_thread_in_vm, id=2900, stack(0x0000005302b00000,0x0000005302c00000)]

Stack: [0x0000005302b00000,0x0000005302c00000]
Native frames: (J=compiled Java code, j=interpreted, Vv=VM code, C=native code)
V  [jvm.dll+0x687bb9]
V  [jvm.dll+0x84142a]
V  [jvm.dll+0x8430ae]
V  [jvm.dll+0x843713]
V  [jvm.dll+0x24a35f]
V  [jvm.dll+0x684989]
V  [jvm.dll+0x67923a]
V  [jvm.dll+0x30af0b]
V  [jvm.dll+0x3123b6]
V  [jvm.dll+0x361dfe]
V  [jvm.dll+0x36202f]
V  [jvm.dll+0x2e0d38]
V  [jvm.dll+0x2e1ca4]
V  [jvm.dll+0x811f21]
V  [jvm.dll+0x36fb68]
V  [jvm.dll+0x7f0896]
V  [jvm.dll+0x3f3d2f]
V  [jvm.dll+0x3f58e1]
C  [jli.dll+0x528f]
C  [ucrtbase.dll+0x21bb2]
C  [KERNEL32.DLL+0x17374]
C  [ntdll.dll+0x4cc91]


---------------  P R O C E S S  ---------------

Threads class SMR info:
_java_thread_list=0x00007ffe53beefd8, length=0, elements={
}

Java Threads: ( => current thread )

Other Threads:
  0x0000016778b6e0e0 GCTaskThread "GC Thread#0" [stack: 0x0000005302c00000,0x0000005302d00000] [id=3832]
  0x0000016778b7ec40 ConcurrentGCThread "G1 Main Marker" [stack: 0x0000005302d00000,0x0000005302e00000] [id=12688]
  0x0000016778b7fd10 ConcurrentGCThread "G1 Conc#0" [stack: 0x0000005302e00000,0x0000005302f00000] [id=14992]

[error occurred during error reporting (printing all threads), id 0xc0000005, EXCEPTION_ACCESS_VIOLATION (0xc0000005) at pc=0x00007ffe533a1907]

VM state: not at safepoint (not fully initialized)

VM Mutex/Monitor currently owned by a thread:  ([mutex/lock_event])
[0x0000016778b14f80] Heap_lock - owner thread: 0x0000016776a2af90

Heap address: 0x0000000081800000, size: 2024 MB, Compressed Oops mode: 32-bit

CDS archive(s) mapped at: [0x0000000000000000-0x0000000000000000-0x0000000000000000), size 0, SharedBaseAddress: 0x0000000800000000, ArchiveRelocationMode: 1.
Narrow klass base: 0x0000000000000000, Narrow klass shift: 0, Narrow klass range: 0x0

GC Precious Log:
<Empty>

Heap:
 garbage-first heap   total 0K, used 0K [0x0000000081800000, 0x0000000100000000)
  region size 1024K, 0 young (0K), 0 survivors (0K)
 Metaspace       used 0K, committed 0K, reserved 0K
  class space    used 0K, committed 0K, reserved 0K

Heap Regions: E=young(eden), S=young(survivor), O=old, HS=humongous(starts), HC=humongous(continues), CS=collection set, F=free, OA=open archive, CA=closed archive, TAMS=top-at-mark-start (previous, next)

Card table byte_map: [0x000001677c3f0000,0x000001677c7f0000] _byte_map_base: 0x000001677bfe4000

Marking Bits (Prev, Next): (CMBitMap*) 0x0000016778b6e610, (CMBitMap*) 0x0000016778b6e650
 Prev Bits: [0x000001677cbf0000, 0x000001677eb90000)
 Next Bits: [0x000001670f000000, 0x0000016710fa0000)

GC Heap History (0 events):
No events

Dll operation events (1 events):
Event: 0.012 Loaded shared library C:\Program Files\Android\Android Studio\jbr\bin\java.dll

Deoptimization events (0 events):
No events

Classes unloaded (0 events):
No events

Classes redefined (0 events):
No events

Internal exceptions (0 events):
No events

VM Operations (0 events):
No events

Events (0 events):
No events


Dynamic libraries:
0x00007ff7282d0000 - 0x00007ff7282da000 	C:\Program Files\Android\Android Studio\jbr\bin\java.exe
0x00007ffe7ab50000 - 0x00007ffe7ad48000 	C:\Windows\SYSTEM32\ntdll.dll
0x00007ffe7a4e0000 - 0x00007ffe7a5a2000 	C:\Windows\System32\KERNEL32.DLL
0x00007ffe783e0000 - 0x00007ffe786df000 	C:\Windows\System32\KERNELBASE.dll
0x00007ffe786e0000 - 0x00007ffe787e0000 	C:\Windows\System32\ucrtbase.dll
0x00007ffe6a8b0000 - 0x00007ffe6a8c7000 	C:\Program Files\Android\Android Studio\jbr\bin\jli.dll
0x00007ffe792c0000 - 0x00007ffe7945d000 	C:\Windows\System32\USER32.dll
0x00007ffe78940000 - 0x00007ffe78962000 	C:\Windows\System32\win32u.dll
0x00007ffe7a610000 - 0x00007ffe7a63b000 	C:\Windows\System32\GDI32.dll
0x00007ffe78290000 - 0x00007ffe783a7000 	C:\Windows\System32\gdi32full.dll
0x00007ffe78a70000 - 0x00007ffe78b0d000 	C:\Windows\System32\msvcp_win.dll
0x00007ffe67f00000 - 0x00007ffe67f1b000 	C:\Program Files\Android\Android Studio\jbr\bin\VCRUNTIME140.dll
0x00007ffe64280000 - 0x00007ffe6451a000 	C:\Windows\WinSxS\amd64_microsoft.windows.common-controls_6595b64144ccf1df_6.0.19041.4355_none_60b8b9eb71f62e16\COMCTL32.dll
0x00007ffe7aa10000 - 0x00007ffe7aaae000 	C:\Windows\System32\msvcrt.dll
0x00007ffe78b60000 - 0x00007ffe78b8f000 	C:\Windows\System32\IMM32.DLL
0x00007ffe6a890000 - 0x00007ffe6a89c000 	C:\Program Files\Android\Android Studio\jbr\bin\vcruntime140_1.dll
0x00007ffe16f50000 - 0x00007ffe16fdd000 	C:\Program Files\Android\Android Studio\jbr\bin\msvcp140.dll
0x00007ffe530b0000 - 0x00007ffe53d33000 	C:\Program Files\Android\Android Studio\jbr\bin\server\jvm.dll
0x00007ffe7a050000 - 0x00007ffe7a101000 	C:\Windows\System32\ADVAPI32.dll
0x00007ffe7a8e0000 - 0x00007ffe7a97f000 	C:\Windows\System32\sechost.dll
0x00007ffe78e10000 - 0x00007ffe78f33000 	C:\Windows\System32\RPCRT4.dll
0x00007ffe783b0000 - 0x00007ffe783d7000 	C:\Windows\System32\bcrypt.dll
0x00007ffe73390000 - 0x00007ffe73399000 	C:\Windows\SYSTEM32\WSOCK32.dll
0x00007ffe7a110000 - 0x00007ffe7a17b000 	C:\Windows\System32\WS2_32.dll
0x00007ffe78040000 - 0x00007ffe7808b000 	C:\Windows\SYSTEM32\POWRPROF.dll
0x00007ffe66df0000 - 0x00007ffe66e17000 	C:\Windows\SYSTEM32\WINMM.dll
0x00007ffe6b060000 - 0x00007ffe6b06a000 	C:\Windows\SYSTEM32\VERSION.dll
0x00007ffe78020000 - 0x00007ffe78032000 	C:\Windows\SYSTEM32\UMPDC.dll
0x00007ffe769e0000 - 0x00007ffe769f2000 	C:\Windows\SYSTEM32\kernel.appcore.dll
0x00007ffe71500000 - 0x00007ffe7150a000 	C:\Program Files\Android\Android Studio\jbr\bin\jimage.dll
0x00007ffe75810000 - 0x00007ffe759f4000 	C:\Windows\SYSTEM32\DBGHELP.DLL
0x00007ffe66ce0000 - 0x00007ffe66d14000 	C:\Windows\SYSTEM32\dbgcore.DLL
0x00007ffe78970000 - 0x00007ffe789f2000 	C:\Windows\System32\bcryptPrimitives.dll
0x00007ffe70fa0000 - 0x00007ffe70fc5000 	C:\Program Files\Android\Android Studio\jbr\bin\java.dll

dbghelp: loaded successfully - version: 4.0.5 - missing functions: none
symbol engine: initialized successfully - sym options: 0x614 - pdb path: .;C:\Program Files\Android\Android Studio\jbr\bin;C:\Windows\SYSTEM32;C:\Windows\WinSxS\amd64_microsoft.windows.common-controls_6595b64144ccf1df_6.0.19041.4355_none_60b8b9eb71f62e16;C:\Program Files\Android\Android Studio\jbr\bin\server

VM Arguments:
jvm_args: -Dorg.gradle.appname=gradlew 
java_command: org.gradle.wrapper.GradleWrapperMain -q -Ptarget-platform=android-arm64 -Ptarget=D:\Flutter_block_version_one\trend_bloc\trend\lib\main.dart -Pbase-application-name=android.app.Application -Pdart-defines=Zmx1dHRlci5pbnNwZWN0b3Iuc3RydWN0dXJlZEVycm9ycz10cnVl -Pdart-obfuscation=false -Ptrack-widget-creation=true -Ptree-shake-icons=false -Pfilesystem-scheme=org-dartlang-root assembleDebug
java_class_path (initial): D:\Flutter_block_version_one\trend_bloc\trend\android\\gradle\wrapper\gradle-wrapper.jar
Launcher Type: SUN_STANDARD

[Global flags]
     intx CICompilerCount                          = 3                                         {product} {ergonomic}
     uint ConcGCThreads                            = 1                                         {product} {ergonomic}
     uint G1ConcRefinementThreads                  = 4                                         {product} {ergonomic}
   size_t G1HeapRegionSize                         = 1048576                                   {product} {ergonomic}
    uintx GCDrainStackTargetSize                   = 64                                        {product} {ergonomic}
   size_t InitialHeapSize                          = 134217728                                 {product} {ergonomic}
   size_t MarkStackSize                            = 4194304                                   {product} {ergonomic}
   size_t MaxHeapSize                              = 2122317824                                {product} {ergonomic}
   size_t MinHeapDeltaBytes                        = 1048576                                   {product} {ergonomic}
   size_t MinHeapSize                              = 8388608                                   {product} {ergonomic}
    uintx NonNMethodCodeHeapSize                   = 5832780                                {pd product} {ergonomic}
    uintx NonProfiledCodeHeapSize                  = 122912730                              {pd product} {ergonomic}
    uintx ProfiledCodeHeapSize                     = 122912730                              {pd product} {ergonomic}
    uintx ReservedCodeCacheSize                    = 251658240                              {pd product} {ergonomic}
     bool SegmentedCodeCache                       = true                                      {product} {ergonomic}
   size_t SoftMaxHeapSize                          = 2122317824                             {manageable} {ergonomic}
     bool UseCompressedClassPointers               = true                           {product lp64_product} {ergonomic}
     bool UseCompressedOops                        = true                           {product lp64_product} {ergonomic}
     bool UseG1GC                                  = true                                      {product} {ergonomic}
     bool UseLargePagesIndividualAllocation        = false                                  {pd product} {ergonomic}

Logging:
Log output configuration:
 #0: stdout all=warning uptime,level,tags
 #1: stderr all=off uptime,level,tags

Environment Variables:
JAVA_HOME=C:\Program Files\Android\Android Studio\jbr
CLASSPATH=D:\Flutter_block_version_one\trend_bloc\trend\android\\gradle\wrapper\gradle-wrapper.jar
PATH=C:\Program Files\Android\Android Studio\jbr\bin;C:\Program Files\Microsoft SDKs\Azure\CLI2\wbin;C:\Program Files\Python312\Scripts\;C:\Program Files\Python312\;C:\Program Files\Common Files\Oracle\Java\javapath;C:\Windows\system32;C:\Windows;C:\Windows\System32\Wbem;C:\Windows\System32\WindowsPowerShell\v1.0\;C:\Windows\System32\OpenSSH\;C:\src\flutter\bin;C:\Program Files\scarpy\scrcpy-win64-v2.3.1;C:\Program Files\node js\;C:\New folder\Scripts;C:\Program Files\MySQL\MySQL Shell 8.0\bin\mysql.exe;C:\Program Files\MySQL\MySQL Server 8.0\bin;C:\Users\Mohamed Yasser\AppData\Local\Pub\Cache\bin\flutterfire;C:\Users\Mohamed Yasser\AppData\Local\Pub\Cache\bi;C:\Users\Mohamed Yasser\AppData\Roaming\npm;C:\MinGW\bin;C:\Program Files\Git\cmd;C:\Program Files\dart-sdk\bin;C:\Program Files\Microsoft SDKs\Azure\CLI2\wbin;C:\Program Files\Python312\Scripts\;C:\Program Files\Python312\;C:\Program Files\Common Files\Oracle\Java\javapath;C:\Windows\system32;C:\Windows;C:\Windows\System32\Wbem;C:\Windows\System32\WindowsPowerShell\v1.0\;C:\Windows\System32\OpenSSH\;C:\src\flutter\bin;C:\Program Files\Git\cmd;C:\Program Files\scarpy\scrcpy-win64-v2.3.1;C:\Program Files\node js\;C:\New folder\Scripts;C:\Program Files\Docker\Docker\resources\bin;C:\Program Files\MySQL\MySQL Shell 8.0\bin\mysql.exe;C:\Program Files\MySQL\MySQL Server 8.0\bin;C:\Program Files\MySQL\MySQL Shell 8.0\bin\;C:\New folder;C:\New folder\Library\mingw-w64\bin;C:\New folder\Library\usr\bin;C:\New folder\Library\bin;C:\New folder\Scripts;C:\Users\Mohamed Yasser\AppData\Local\Microsoft\WindowsApps;C:\Users\Mohamed Yasser\AppData\Local\Programs\Microsoft VS Code\bin;C:\Program Files\dart-sdk\bin;C:\src\flutter\bin;C:\src\Android\Sdk;D:\Programming_languages\Flutter\My_project\android\gradle;D:\Programming_languages\F;C:\Users\Mohamed Yasser\AppData\Local\Pub\Cache\bin\flutterfire;C:\Users\Mohamed Yasser\AppData\Local\Pub\Cache\bin;C:\MinGW\bin;C:\Program Files\dart-sdk\bin;C:\src\dart-sdk\bin;C:\src\flutter\bin;
USERNAME=Mohamed Yasser
OS=Windows_NT
PROCESSOR_IDENTIFIER=Intel64 Family 6 Model 61 Stepping 4, GenuineIntel
TMP=C:\Users\MOHAME~1\AppData\Local\Temp
TEMP=C:\Users\MOHAME~1\AppData\Local\Temp



Periodic native trim disabled

JNI global refs:
JNI global refs: 0, weak refs: 0

JNI global refs memory usage: 0, weak refs: 0

Process memory usage:
Resident Set Size: 10784K (0% of 8288700K total physical memory with 382936K free physical memory)

OOME stack traces (most recent first):
Classloader memory used:


---------------  S Y S T E M  ---------------

OS:
 Windows 10 , 64 bit Build 19041 (10.0.19041.5198)
OS uptime: 0 days 4:19 hours

CPU: total 4 (initial active 4) (2 cores per cpu, 2 threads per core) family 6 model 61 stepping 4 microcode 0x2f, cx8, cmov, fxsr, ht, mmx, 3dnowpref, sse, sse2, sse3, ssse3, sse4.1, sse4.2, popcnt, lzcnt, tsc, tscinvbit, avx, avx2, aes, erms, clmul, bmi1, bmi2, rtm, adx, fma, vzeroupper, clflush
Processor Information for all 4 processors :
  Max Mhz: 1801, Current Mhz: 1801, Mhz Limit: 1801

Memory: 4k page, system-wide physical 8094M (373M free)
TotalPageFile size 13062M (AvailPageFile size 79M)
current process WorkingSet (physical memory assigned to process): 10M, peak: 10M
current process commit charge ("private bytes"): 51M, peak: 179M

vm_info: OpenJDK 64-Bit Server VM (17.0.11+0--11852314) for windows-amd64 JRE (17.0.11+0--11852314), built on May 16 2024 21:29:20 by "androidbuild" with MS VC++ 16.10 / 16.11 (VS2019)

END.
