#
# There is insufficient memory for the Java Runtime Environment to continue.
# Native memory allocation (malloc) failed to allocate 32744 bytes. Error detail: ChunkPool::allocate
# Possible reasons:
#   The system is out of physical RAM or swap space
#   This process is running with CompressedOops enabled, and the Java Heap may be blocking the growth of the native heap
# Possible solutions:
#   Reduce memory load on the system
#   Increase physical memory or swap space
#   Check if swap backing store is full
#   Decrease Java heap size (-Xmx/-Xms)
#   Decrease number of Java threads
#   Decrease Java thread stack sizes (-Xss)
#   Set larger code cache with -XX:ReservedCodeCacheSize=
#   JVM is running with Unscaled Compressed Oops mode in which the Java heap is
#     placed in the first 4GB address space. The Java Heap base address is the
#     maximum limit for the native heap growth. Please use -XX:HeapBaseMinAddress
#     to set the Java Heap base and to place the Java Heap above 4GB virtual address.
# This output file may be truncated or incomplete.
#
#  Out of Memory Error (arena.cpp:79), pid=9828, tid=6776
#
# JRE version: OpenJDK Runtime Environment (17.0.11) (build 17.0.11+0--11852314)
# Java VM: OpenJDK 64-Bit Server VM (17.0.11+0--11852314, mixed mode, tiered, compressed oops, compressed class ptrs, g1 gc, windows-amd64)
# No core dump will be written. Minidumps are not enabled by default on client versions of Windows
#

---------------  S U M M A R Y ------------

Command Line: -Dorg.gradle.appname=gradlew org.gradle.wrapper.GradleWrapperMain -q -Ptarget-platform=android-arm64 -Ptarget=D:\Flutter_block_version_one\trend_bloc\trend\lib\main.dart -Pbase-application-name=android.app.Application -Pdart-defines=Zmx1dHRlci5pbnNwZWN0b3Iuc3RydWN0dXJlZEVycm9ycz10cnVl -Pdart-obfuscation=false -Ptrack-widget-creation=true -Ptree-shake-icons=false -Pfilesystem-scheme=org-dartlang-root assembleDebug

Host: Intel(R) Core(TM) i5-5350U CPU @ 1.80GHz, 4 cores, 7G,  Windows 10 , 64 bit Build 19041 (10.0.19041.5198)
Time: Sun Feb  2 22:55:01 2025 Egypt Standard Time elapsed time: 43.736270 seconds (0d 0h 0m 43s)

---------------  T H R E A D  ---------------

Current thread (0x000001caf8d7e0d0):  JavaThread "C2 CompilerThread0" daemon [_thread_in_native, id=6776, stack(0x0000008098100000,0x0000008098200000)]


Current CompileTask:
C2:  43736 1532       4       org.gradle.internal.logging.text.AbstractLineChoppingStyledTextOutput$1::execute (9 bytes)

Stack: [0x0000008098100000,0x0000008098200000]
Native frames: (J=compiled Java code, j=interpreted, Vv=VM code, C=native code)
V  [jvm.dll+0x687bb9]
V  [jvm.dll+0x84142a]
V  [jvm.dll+0x8430ae]
V  [jvm.dll+0x843713]
V  [jvm.dll+0x24a35f]
V  [jvm.dll+0xac741]
V  [jvm.dll+0xacb8c]
V  [jvm.dll+0x2b19a5]
V  [jvm.dll+0x58eba7]
V  [jvm.dll+0x2247e2]
V  [jvm.dll+0x21d99f]
V  [jvm.dll+0x21b201]
V  [jvm.dll+0x1a63ed]
V  [jvm.dll+0x22b1ee]
V  [jvm.dll+0x229375]
V  [jvm.dll+0x7f5647]
V  [jvm.dll+0x7efa4a]
V  [jvm.dll+0x686a35]
C  [ucrtbase.dll+0x21bb2]
C  [KERNEL32.DLL+0x17374]
C  [ntdll.dll+0x4cc91]


---------------  P R O C E S S  ---------------

Threads class SMR info:
_java_thread_list=0x000001cafdf27e50, length=14, elements={
0x000001caee836080, 0x000001caf8d77610, 0x000001caf8d78ee0, 0x000001caf8d65510,
0x000001caf8d7c330, 0x000001caf8d7cc00, 0x000001caf8d7d4d0, 0x000001caf8d7e0d0,
0x000001cafd02e330, 0x000001cafd0b4ce0, 0x000001cafd1b2f50, 0x000001cafd1c9420,
0x000001cafdef1290, 0x000001cafd4a73d0
}

Java Threads: ( => current thread )
  0x000001caee836080 JavaThread "main" [_thread_blocked, id=6192, stack(0x0000008097400000,0x0000008097500000)]
  0x000001caf8d77610 JavaThread "Reference Handler" daemon [_thread_blocked, id=2764, stack(0x0000008097b00000,0x0000008097c00000)]
  0x000001caf8d78ee0 JavaThread "Finalizer" daemon [_thread_blocked, id=10280, stack(0x0000008097c00000,0x0000008097d00000)]
  0x000001caf8d65510 JavaThread "Signal Dispatcher" daemon [_thread_blocked, id=10180, stack(0x0000008097d00000,0x0000008097e00000)]
  0x000001caf8d7c330 JavaThread "Attach Listener" daemon [_thread_blocked, id=10696, stack(0x0000008097e00000,0x0000008097f00000)]
  0x000001caf8d7cc00 JavaThread "Service Thread" daemon [_thread_blocked, id=584, stack(0x0000008097f00000,0x0000008098000000)]
  0x000001caf8d7d4d0 JavaThread "Monitor Deflation Thread" daemon [_thread_blocked, id=7320, stack(0x0000008098000000,0x0000008098100000)]
=>0x000001caf8d7e0d0 JavaThread "C2 CompilerThread0" daemon [_thread_in_native, id=6776, stack(0x0000008098100000,0x0000008098200000)]
  0x000001cafd02e330 JavaThread "C1 CompilerThread0" daemon [_thread_blocked, id=11024, stack(0x0000008098200000,0x0000008098300000)]
  0x000001cafd0b4ce0 JavaThread "Sweeper thread" daemon [_thread_blocked, id=3720, stack(0x0000008098300000,0x0000008098400000)]
  0x000001cafd1b2f50 JavaThread "Notification Thread" daemon [_thread_blocked, id=12760, stack(0x0000008098400000,0x0000008098500000)]
  0x000001cafd1c9420 JavaThread "Common-Cleaner" daemon [_thread_blocked, id=13884, stack(0x0000008098600000,0x0000008098700000)]
  0x000001cafdef1290 JavaThread "DisconnectableInputStream source reader" daemon [_thread_in_native, id=10324, stack(0x0000008098c00000,0x0000008098d00000)]
  0x000001cafd4a73d0 JavaThread "Logging-Cleaner" [_thread_new, id=4088, stack(0x0000000000000000,0x0000000000000000)]

Other Threads:
  0x000001caf8d557f0 VMThread "VM Thread" [stack: 0x0000008097a00000,0x0000008097b00000] [id=2480]
  0x000001cafd1b3840 WatcherThread [stack: 0x0000008098500000,0x0000008098600000] [id=14040]
  0x000001caee88fa10 GCTaskThread "GC Thread#0" [stack: 0x0000008097500000,0x0000008097600000] [id=5768]
  0x000001cafd5e0680 GCTaskThread "GC Thread#1" [stack: 0x0000008098700000,0x0000008098800000] [id=3896]
  0x000001cafd5e0940 GCTaskThread "GC Thread#2" [stack: 0x0000008098800000,0x0000008098900000] [id=12348]
  0x000001cafd445b70 GCTaskThread "GC Thread#3" [stack: 0x0000008098900000,0x0000008098a00000] [id=5308]
  0x000001caee8a0570 ConcurrentGCThread "G1 Main Marker" [stack: 0x0000008097600000,0x0000008097700000] [id=2968]
  0x000001caee8a0ea0 ConcurrentGCThread "G1 Conc#0" [stack: 0x0000008097700000,0x0000008097800000] [id=6020]
  0x000001caee8eded0 ConcurrentGCThread "G1 Refine#0" [stack: 0x0000008097800000,0x0000008097900000] [id=10472]
  0x000001caee8ee810 ConcurrentGCThread "G1 Service" [stack: 0x0000008097900000,0x0000008097a00000] [id=5032]

Threads with active compile tasks:
C2 CompilerThread0    43771 1532       4       org.gradle.internal.logging.text.AbstractLineChoppingStyledTextOutput$1::execute (9 bytes)

VM state: not at safepoint (normal execution)

VM Mutex/Monitor currently owned by a thread: None

Heap address: 0x0000000081800000, size: 2024 MB, Compressed Oops mode: 32-bit

CDS archive(s) not mapped
Compressed class space mapped at: 0x0000000100000000-0x0000000140000000, reserved size: 1073741824
Narrow klass base: 0x0000000000000000, Narrow klass shift: 3, Narrow klass range: 0x140000000

GC Precious Log:
 CPUs: 4 total, 4 available
 Memory: 8094M
 Large Page Support: Disabled
 NUMA Support: Disabled
 Compressed Oops: Enabled (32-bit)
 Heap Region Size: 1M
 Heap Min Capacity: 8M
 Heap Initial Capacity: 128M
 Heap Max Capacity: 2024M
 Pre-touch: Disabled
 Parallel Workers: 4
 Concurrent Workers: 1
 Concurrent Refinement Workers: 4
 Periodic GC: Disabled

Heap:
 garbage-first heap   total 131072K, used 27454K [0x0000000081800000, 0x0000000100000000)
  region size 1024K, 20 young (20480K), 3 survivors (3072K)
 Metaspace       used 18149K, committed 18304K, reserved 1114112K
  class space    used 2101K, committed 2176K, reserved 1048576K

Heap Regions: E=young(eden), S=young(survivor), O=old, HS=humongous(starts), HC=humongous(continues), CS=collection set, F=free, OA=open archive, CA=closed archive, TAMS=top-at-mark-start (previous, next)
|   0|0x0000000081800000, 0x0000000081900000, 0x0000000081900000|100%| O|  |TAMS 0x0000000081800000, 0x0000000081800000| Untracked 
|   1|0x0000000081900000, 0x0000000081a00000, 0x0000000081a00000|100%|HS|  |TAMS 0x0000000081900000, 0x0000000081900000| Complete 
|   2|0x0000000081a00000, 0x0000000081b00000, 0x0000000081b00000|100%|HC|  |TAMS 0x0000000081a00000, 0x0000000081a00000| Complete 
|   3|0x0000000081b00000, 0x0000000081c00000, 0x0000000081c00000|100%|HC|  |TAMS 0x0000000081b00000, 0x0000000081b00000| Complete 
|   4|0x0000000081c00000, 0x0000000081d00000, 0x0000000081d00000|100%|HC|  |TAMS 0x0000000081c00000, 0x0000000081c00000| Complete 
|   5|0x0000000081d00000, 0x0000000081e00000, 0x0000000081e00000|100%| O|  |TAMS 0x0000000081d00000, 0x0000000081d00000| Untracked 
|   6|0x0000000081e00000, 0x0000000081f00000, 0x0000000081f00000|100%| O|  |TAMS 0x0000000081e00000, 0x0000000081e00000| Untracked 
|   7|0x0000000081f00000, 0x0000000081fcf800, 0x0000000082000000| 81%| O|  |TAMS 0x0000000081f00000, 0x0000000081f00000| Untracked 
|   8|0x0000000082000000, 0x0000000082000000, 0x0000000082100000|  0%| F|  |TAMS 0x0000000082000000, 0x0000000082000000| Untracked 
|   9|0x0000000082100000, 0x0000000082100000, 0x0000000082200000|  0%| F|  |TAMS 0x0000000082100000, 0x0000000082100000| Untracked 
|  10|0x0000000082200000, 0x0000000082200000, 0x0000000082300000|  0%| F|  |TAMS 0x0000000082200000, 0x0000000082200000| Untracked 
|  11|0x0000000082300000, 0x0000000082300000, 0x0000000082400000|  0%| F|  |TAMS 0x0000000082300000, 0x0000000082300000| Untracked 
|  12|0x0000000082400000, 0x0000000082400000, 0x0000000082500000|  0%| F|  |TAMS 0x0000000082400000, 0x0000000082400000| Untracked 
|  13|0x0000000082500000, 0x0000000082500000, 0x0000000082600000|  0%| F|  |TAMS 0x0000000082500000, 0x0000000082500000| Untracked 
|  14|0x0000000082600000, 0x0000000082600000, 0x0000000082700000|  0%| F|  |TAMS 0x0000000082600000, 0x0000000082600000| Untracked 
|  15|0x0000000082700000, 0x0000000082700000, 0x0000000082800000|  0%| F|  |TAMS 0x0000000082700000, 0x0000000082700000| Untracked 
|  16|0x0000000082800000, 0x0000000082800000, 0x0000000082900000|  0%| F|  |TAMS 0x0000000082800000, 0x0000000082800000| Untracked 
|  17|0x0000000082900000, 0x0000000082900000, 0x0000000082a00000|  0%| F|  |TAMS 0x0000000082900000, 0x0000000082900000| Untracked 
|  18|0x0000000082a00000, 0x0000000082a00000, 0x0000000082b00000|  0%| F|  |TAMS 0x0000000082a00000, 0x0000000082a00000| Untracked 
|  19|0x0000000082b00000, 0x0000000082b00000, 0x0000000082c00000|  0%| F|  |TAMS 0x0000000082b00000, 0x0000000082b00000| Untracked 
|  20|0x0000000082c00000, 0x0000000082c00000, 0x0000000082d00000|  0%| F|  |TAMS 0x0000000082c00000, 0x0000000082c00000| Untracked 
|  21|0x0000000082d00000, 0x0000000082d00000, 0x0000000082e00000|  0%| F|  |TAMS 0x0000000082d00000, 0x0000000082d00000| Untracked 
|  22|0x0000000082e00000, 0x0000000082e00000, 0x0000000082f00000|  0%| F|  |TAMS 0x0000000082e00000, 0x0000000082e00000| Untracked 
|  23|0x0000000082f00000, 0x0000000082f00000, 0x0000000083000000|  0%| F|  |TAMS 0x0000000082f00000, 0x0000000082f00000| Untracked 
|  24|0x0000000083000000, 0x0000000083000000, 0x0000000083100000|  0%| F|  |TAMS 0x0000000083000000, 0x0000000083000000| Untracked 
|  25|0x0000000083100000, 0x0000000083100000, 0x0000000083200000|  0%| F|  |TAMS 0x0000000083100000, 0x0000000083100000| Untracked 
|  26|0x0000000083200000, 0x0000000083200000, 0x0000000083300000|  0%| F|  |TAMS 0x0000000083200000, 0x0000000083200000| Untracked 
|  27|0x0000000083300000, 0x0000000083300000, 0x0000000083400000|  0%| F|  |TAMS 0x0000000083300000, 0x0000000083300000| Untracked 
|  28|0x0000000083400000, 0x0000000083400000, 0x0000000083500000|  0%| F|  |TAMS 0x0000000083400000, 0x0000000083400000| Untracked 
|  29|0x0000000083500000, 0x0000000083500000, 0x0000000083600000|  0%| F|  |TAMS 0x0000000083500000, 0x0000000083500000| Untracked 
|  30|0x0000000083600000, 0x0000000083600000, 0x0000000083700000|  0%| F|  |TAMS 0x0000000083600000, 0x0000000083600000| Untracked 
|  31|0x0000000083700000, 0x0000000083700000, 0x0000000083800000|  0%| F|  |TAMS 0x0000000083700000, 0x0000000083700000| Untracked 
|  32|0x0000000083800000, 0x0000000083800000, 0x0000000083900000|  0%| F|  |TAMS 0x0000000083800000, 0x0000000083800000| Untracked 
|  33|0x0000000083900000, 0x0000000083900000, 0x0000000083a00000|  0%| F|  |TAMS 0x0000000083900000, 0x0000000083900000| Untracked 
|  34|0x0000000083a00000, 0x0000000083a00000, 0x0000000083b00000|  0%| F|  |TAMS 0x0000000083a00000, 0x0000000083a00000| Untracked 
|  35|0x0000000083b00000, 0x0000000083b00000, 0x0000000083c00000|  0%| F|  |TAMS 0x0000000083b00000, 0x0000000083b00000| Untracked 
|  36|0x0000000083c00000, 0x0000000083c00000, 0x0000000083d00000|  0%| F|  |TAMS 0x0000000083c00000, 0x0000000083c00000| Untracked 
|  37|0x0000000083d00000, 0x0000000083d00000, 0x0000000083e00000|  0%| F|  |TAMS 0x0000000083d00000, 0x0000000083d00000| Untracked 
|  38|0x0000000083e00000, 0x0000000083e00000, 0x0000000083f00000|  0%| F|  |TAMS 0x0000000083e00000, 0x0000000083e00000| Untracked 
|  39|0x0000000083f00000, 0x0000000083f00000, 0x0000000084000000|  0%| F|  |TAMS 0x0000000083f00000, 0x0000000083f00000| Untracked 
|  40|0x0000000084000000, 0x0000000084000000, 0x0000000084100000|  0%| F|  |TAMS 0x0000000084000000, 0x0000000084000000| Untracked 
|  41|0x0000000084100000, 0x0000000084100000, 0x0000000084200000|  0%| F|  |TAMS 0x0000000084100000, 0x0000000084100000| Untracked 
|  42|0x0000000084200000, 0x0000000084200000, 0x0000000084300000|  0%| F|  |TAMS 0x0000000084200000, 0x0000000084200000| Untracked 
|  43|0x0000000084300000, 0x0000000084300000, 0x0000000084400000|  0%| F|  |TAMS 0x0000000084300000, 0x0000000084300000| Untracked 
|  44|0x0000000084400000, 0x0000000084400000, 0x0000000084500000|  0%| F|  |TAMS 0x0000000084400000, 0x0000000084400000| Untracked 
|  45|0x0000000084500000, 0x0000000084500000, 0x0000000084600000|  0%| F|  |TAMS 0x0000000084500000, 0x0000000084500000| Untracked 
|  46|0x0000000084600000, 0x0000000084600000, 0x0000000084700000|  0%| F|  |TAMS 0x0000000084600000, 0x0000000084600000| Untracked 
|  47|0x0000000084700000, 0x0000000084700000, 0x0000000084800000|  0%| F|  |TAMS 0x0000000084700000, 0x0000000084700000| Untracked 
|  48|0x0000000084800000, 0x0000000084800000, 0x0000000084900000|  0%| F|  |TAMS 0x0000000084800000, 0x0000000084800000| Untracked 
|  49|0x0000000084900000, 0x0000000084900000, 0x0000000084a00000|  0%| F|  |TAMS 0x0000000084900000, 0x0000000084900000| Untracked 
|  50|0x0000000084a00000, 0x0000000084a00000, 0x0000000084b00000|  0%| F|  |TAMS 0x0000000084a00000, 0x0000000084a00000| Untracked 
|  51|0x0000000084b00000, 0x0000000084b00000, 0x0000000084c00000|  0%| F|  |TAMS 0x0000000084b00000, 0x0000000084b00000| Untracked 
|  52|0x0000000084c00000, 0x0000000084c00000, 0x0000000084d00000|  0%| F|  |TAMS 0x0000000084c00000, 0x0000000084c00000| Untracked 
|  53|0x0000000084d00000, 0x0000000084d00000, 0x0000000084e00000|  0%| F|  |TAMS 0x0000000084d00000, 0x0000000084d00000| Untracked 
|  54|0x0000000084e00000, 0x0000000084e00000, 0x0000000084f00000|  0%| F|  |TAMS 0x0000000084e00000, 0x0000000084e00000| Untracked 
|  55|0x0000000084f00000, 0x0000000084f00000, 0x0000000085000000|  0%| F|  |TAMS 0x0000000084f00000, 0x0000000084f00000| Untracked 
|  56|0x0000000085000000, 0x0000000085000000, 0x0000000085100000|  0%| F|  |TAMS 0x0000000085000000, 0x0000000085000000| Untracked 
|  57|0x0000000085100000, 0x0000000085100000, 0x0000000085200000|  0%| F|  |TAMS 0x0000000085100000, 0x0000000085100000| Untracked 
|  58|0x0000000085200000, 0x0000000085200000, 0x0000000085300000|  0%| F|  |TAMS 0x0000000085200000, 0x0000000085200000| Untracked 
|  59|0x0000000085300000, 0x0000000085300000, 0x0000000085400000|  0%| F|  |TAMS 0x0000000085300000, 0x0000000085300000| Untracked 
|  60|0x0000000085400000, 0x0000000085400000, 0x0000000085500000|  0%| F|  |TAMS 0x0000000085400000, 0x0000000085400000| Untracked 
|  61|0x0000000085500000, 0x0000000085500000, 0x0000000085600000|  0%| F|  |TAMS 0x0000000085500000, 0x0000000085500000| Untracked 
|  62|0x0000000085600000, 0x0000000085600000, 0x0000000085700000|  0%| F|  |TAMS 0x0000000085600000, 0x0000000085600000| Untracked 
|  63|0x0000000085700000, 0x0000000085700000, 0x0000000085800000|  0%| F|  |TAMS 0x0000000085700000, 0x0000000085700000| Untracked 
|  64|0x0000000085800000, 0x0000000085800000, 0x0000000085900000|  0%| F|  |TAMS 0x0000000085800000, 0x0000000085800000| Untracked 
|  65|0x0000000085900000, 0x0000000085900000, 0x0000000085a00000|  0%| F|  |TAMS 0x0000000085900000, 0x0000000085900000| Untracked 
|  66|0x0000000085a00000, 0x0000000085a00000, 0x0000000085b00000|  0%| F|  |TAMS 0x0000000085a00000, 0x0000000085a00000| Untracked 
|  67|0x0000000085b00000, 0x0000000085b00000, 0x0000000085c00000|  0%| F|  |TAMS 0x0000000085b00000, 0x0000000085b00000| Untracked 
|  68|0x0000000085c00000, 0x0000000085c00000, 0x0000000085d00000|  0%| F|  |TAMS 0x0000000085c00000, 0x0000000085c00000| Untracked 
|  69|0x0000000085d00000, 0x0000000085d00000, 0x0000000085e00000|  0%| F|  |TAMS 0x0000000085d00000, 0x0000000085d00000| Untracked 
|  70|0x0000000085e00000, 0x0000000085e00000, 0x0000000085f00000|  0%| F|  |TAMS 0x0000000085e00000, 0x0000000085e00000| Untracked 
|  71|0x0000000085f00000, 0x0000000085f00000, 0x0000000086000000|  0%| F|  |TAMS 0x0000000085f00000, 0x0000000085f00000| Untracked 
|  72|0x0000000086000000, 0x0000000086000000, 0x0000000086100000|  0%| F|  |TAMS 0x0000000086000000, 0x0000000086000000| Untracked 
|  73|0x0000000086100000, 0x0000000086100000, 0x0000000086200000|  0%| F|  |TAMS 0x0000000086100000, 0x0000000086100000| Untracked 
|  74|0x0000000086200000, 0x0000000086200000, 0x0000000086300000|  0%| F|  |TAMS 0x0000000086200000, 0x0000000086200000| Untracked 
|  75|0x0000000086300000, 0x0000000086300000, 0x0000000086400000|  0%| F|  |TAMS 0x0000000086300000, 0x0000000086300000| Untracked 
|  76|0x0000000086400000, 0x0000000086400000, 0x0000000086500000|  0%| F|  |TAMS 0x0000000086400000, 0x0000000086400000| Untracked 
|  77|0x0000000086500000, 0x0000000086500000, 0x0000000086600000|  0%| F|  |TAMS 0x0000000086500000, 0x0000000086500000| Untracked 
|  78|0x0000000086600000, 0x0000000086600000, 0x0000000086700000|  0%| F|  |TAMS 0x0000000086600000, 0x0000000086600000| Untracked 
|  79|0x0000000086700000, 0x0000000086700000, 0x0000000086800000|  0%| F|  |TAMS 0x0000000086700000, 0x0000000086700000| Untracked 
|  80|0x0000000086800000, 0x0000000086800000, 0x0000000086900000|  0%| F|  |TAMS 0x0000000086800000, 0x0000000086800000| Untracked 
|  81|0x0000000086900000, 0x0000000086900000, 0x0000000086a00000|  0%| F|  |TAMS 0x0000000086900000, 0x0000000086900000| Untracked 
|  82|0x0000000086a00000, 0x0000000086a00000, 0x0000000086b00000|  0%| F|  |TAMS 0x0000000086a00000, 0x0000000086a00000| Untracked 
|  83|0x0000000086b00000, 0x0000000086b00000, 0x0000000086c00000|  0%| F|  |TAMS 0x0000000086b00000, 0x0000000086b00000| Untracked 
|  84|0x0000000086c00000, 0x0000000086c00000, 0x0000000086d00000|  0%| F|  |TAMS 0x0000000086c00000, 0x0000000086c00000| Untracked 
|  85|0x0000000086d00000, 0x0000000086d00000, 0x0000000086e00000|  0%| F|  |TAMS 0x0000000086d00000, 0x0000000086d00000| Untracked 
|  86|0x0000000086e00000, 0x0000000086e00000, 0x0000000086f00000|  0%| F|  |TAMS 0x0000000086e00000, 0x0000000086e00000| Untracked 
|  87|0x0000000086f00000, 0x0000000086f00000, 0x0000000087000000|  0%| F|  |TAMS 0x0000000086f00000, 0x0000000086f00000| Untracked 
|  88|0x0000000087000000, 0x0000000087000000, 0x0000000087100000|  0%| F|  |TAMS 0x0000000087000000, 0x0000000087000000| Untracked 
|  89|0x0000000087100000, 0x0000000087100000, 0x0000000087200000|  0%| F|  |TAMS 0x0000000087100000, 0x0000000087100000| Untracked 
|  90|0x0000000087200000, 0x0000000087200000, 0x0000000087300000|  0%| F|  |TAMS 0x0000000087200000, 0x0000000087200000| Untracked 
|  91|0x0000000087300000, 0x0000000087300000, 0x0000000087400000|  0%| F|  |TAMS 0x0000000087300000, 0x0000000087300000| Untracked 
|  92|0x0000000087400000, 0x0000000087400000, 0x0000000087500000|  0%| F|  |TAMS 0x0000000087400000, 0x0000000087400000| Untracked 
|  93|0x0000000087500000, 0x0000000087500000, 0x0000000087600000|  0%| F|  |TAMS 0x0000000087500000, 0x0000000087500000| Untracked 
|  94|0x0000000087600000, 0x0000000087600000, 0x0000000087700000|  0%| F|  |TAMS 0x0000000087600000, 0x0000000087600000| Untracked 
|  95|0x0000000087700000, 0x0000000087700000, 0x0000000087800000|  0%| F|  |TAMS 0x0000000087700000, 0x0000000087700000| Untracked 
|  96|0x0000000087800000, 0x0000000087800000, 0x0000000087900000|  0%| F|  |TAMS 0x0000000087800000, 0x0000000087800000| Untracked 
|  97|0x0000000087900000, 0x0000000087900000, 0x0000000087a00000|  0%| F|  |TAMS 0x0000000087900000, 0x0000000087900000| Untracked 
|  98|0x0000000087a00000, 0x0000000087a00000, 0x0000000087b00000|  0%| F|  |TAMS 0x0000000087a00000, 0x0000000087a00000| Untracked 
|  99|0x0000000087b00000, 0x0000000087b00000, 0x0000000087c00000|  0%| F|  |TAMS 0x0000000087b00000, 0x0000000087b00000| Untracked 
| 100|0x0000000087c00000, 0x0000000087c00000, 0x0000000087d00000|  0%| F|  |TAMS 0x0000000087c00000, 0x0000000087c00000| Untracked 
| 101|0x0000000087d00000, 0x0000000087d00000, 0x0000000087e00000|  0%| F|  |TAMS 0x0000000087d00000, 0x0000000087d00000| Untracked 
| 102|0x0000000087e00000, 0x0000000087e00000, 0x0000000087f00000|  0%| F|  |TAMS 0x0000000087e00000, 0x0000000087e00000| Untracked 
| 103|0x0000000087f00000, 0x0000000087f00000, 0x0000000088000000|  0%| F|  |TAMS 0x0000000087f00000, 0x0000000087f00000| Untracked 
| 104|0x0000000088000000, 0x0000000088000000, 0x0000000088100000|  0%| F|  |TAMS 0x0000000088000000, 0x0000000088000000| Untracked 
| 105|0x0000000088100000, 0x0000000088100000, 0x0000000088200000|  0%| F|  |TAMS 0x0000000088100000, 0x0000000088100000| Untracked 
| 106|0x0000000088200000, 0x0000000088200000, 0x0000000088300000|  0%| F|  |TAMS 0x0000000088200000, 0x0000000088200000| Untracked 
| 107|0x0000000088300000, 0x0000000088400000, 0x0000000088400000|100%| S|CS|TAMS 0x0000000088300000, 0x0000000088300000| Complete 
| 108|0x0000000088400000, 0x0000000088500000, 0x0000000088500000|100%| S|CS|TAMS 0x0000000088400000, 0x0000000088400000| Complete 
| 109|0x0000000088500000, 0x0000000088600000, 0x0000000088600000|100%| S|CS|TAMS 0x0000000088500000, 0x0000000088500000| Complete 
| 110|0x0000000088600000, 0x0000000088600000, 0x0000000088700000|  0%| F|  |TAMS 0x0000000088600000, 0x0000000088600000| Untracked 
| 111|0x0000000088700000, 0x000000008876f838, 0x0000000088800000| 43%| E|  |TAMS 0x0000000088700000, 0x0000000088700000| Complete 
| 112|0x0000000088800000, 0x0000000088900000, 0x0000000088900000|100%| E|CS|TAMS 0x0000000088800000, 0x0000000088800000| Complete 
| 113|0x0000000088900000, 0x0000000088a00000, 0x0000000088a00000|100%| E|CS|TAMS 0x0000000088900000, 0x0000000088900000| Complete 
| 114|0x0000000088a00000, 0x0000000088b00000, 0x0000000088b00000|100%| E|CS|TAMS 0x0000000088a00000, 0x0000000088a00000| Complete 
| 115|0x0000000088b00000, 0x0000000088c00000, 0x0000000088c00000|100%| E|CS|TAMS 0x0000000088b00000, 0x0000000088b00000| Complete 
| 116|0x0000000088c00000, 0x0000000088d00000, 0x0000000088d00000|100%| E|CS|TAMS 0x0000000088c00000, 0x0000000088c00000| Complete 
| 117|0x0000000088d00000, 0x0000000088e00000, 0x0000000088e00000|100%| E|CS|TAMS 0x0000000088d00000, 0x0000000088d00000| Complete 
| 118|0x0000000088e00000, 0x0000000088f00000, 0x0000000088f00000|100%| E|CS|TAMS 0x0000000088e00000, 0x0000000088e00000| Complete 
| 119|0x0000000088f00000, 0x0000000089000000, 0x0000000089000000|100%| E|CS|TAMS 0x0000000088f00000, 0x0000000088f00000| Complete 
| 120|0x0000000089000000, 0x0000000089100000, 0x0000000089100000|100%| E|CS|TAMS 0x0000000089000000, 0x0000000089000000| Complete 
| 121|0x0000000089100000, 0x0000000089200000, 0x0000000089200000|100%| E|CS|TAMS 0x0000000089100000, 0x0000000089100000| Complete 
| 122|0x0000000089200000, 0x0000000089300000, 0x0000000089300000|100%| E|CS|TAMS 0x0000000089200000, 0x0000000089200000| Complete 
| 123|0x0000000089300000, 0x0000000089400000, 0x0000000089400000|100%| E|CS|TAMS 0x0000000089300000, 0x0000000089300000| Complete 
| 124|0x0000000089400000, 0x0000000089500000, 0x0000000089500000|100%| E|CS|TAMS 0x0000000089400000, 0x0000000089400000| Complete 
| 125|0x0000000089500000, 0x0000000089600000, 0x0000000089600000|100%| E|CS|TAMS 0x0000000089500000, 0x0000000089500000| Complete 
| 126|0x0000000089600000, 0x0000000089700000, 0x0000000089700000|100%| E|CS|TAMS 0x0000000089600000, 0x0000000089600000| Complete 
| 127|0x0000000089700000, 0x0000000089800000, 0x0000000089800000|100%| E|CS|TAMS 0x0000000089700000, 0x0000000089700000| Complete 

Card table byte_map: [0x000001caf2110000,0x000001caf2510000] _byte_map_base: 0x000001caf1d04000

Marking Bits (Prev, Next): (CMBitMap*) 0x000001caee88ff40, (CMBitMap*) 0x000001caee88ff80
 Prev Bits: [0x000001caf2910000, 0x000001caf48b0000)
 Next Bits: [0x000001caf48b0000, 0x000001caf6850000)

Polling page: 0x000001caec790000

Metaspace:

Usage:
  Non-class:     15.67 MB used.
      Class:      2.05 MB used.
       Both:     17.72 MB used.

Virtual space:
  Non-class space:       64.00 MB reserved,      15.75 MB ( 25%) committed,  1 nodes.
      Class space:        1.00 GB reserved,       2.12 MB ( <1%) committed,  1 nodes.
             Both:        1.06 GB reserved,      17.88 MB (  2%) committed. 

Chunk freelists:
   Non-Class:  14.00 KB
       Class:  13.70 MB
        Both:  13.72 MB

MaxMetaspaceSize: unlimited
CompressedClassSpaceSize: 1.00 GB
Initial GC threshold: 21.00 MB
Current GC threshold: 21.00 MB
CDS: off
MetaspaceReclaimPolicy: balanced
 - commit_granule_bytes: 65536.
 - commit_granule_words: 8192.
 - virtual_space_node_default_size: 8388608.
 - enlarge_chunks_in_place: 1.
 - new_chunks_are_fully_committed: 0.
 - uncommit_free_chunks: 1.
 - use_allocation_guard: 0.
 - handle_deallocations: 1.


Internal statistics:

num_allocs_failed_limit: 0.
num_arena_births: 92.
num_arena_deaths: 0.
num_vsnodes_births: 2.
num_vsnodes_deaths: 0.
num_space_committed: 286.
num_space_uncommitted: 0.
num_chunks_returned_to_freelist: 0.
num_chunks_taken_from_freelist: 358.
num_chunk_merges: 0.
num_chunk_splits: 233.
num_chunks_enlarged: 195.
num_inconsistent_stats: 0.

CodeHeap 'non-profiled nmethods': size=120000Kb used=555Kb max_used=555Kb free=119444Kb
 bounds [0x000001ca87ad0000, 0x000001ca87d40000, 0x000001ca8f000000]
CodeHeap 'profiled nmethods': size=120000Kb used=3009Kb max_used=3009Kb free=116990Kb
 bounds [0x000001ca80000000, 0x000001ca80300000, 0x000001ca87530000]
CodeHeap 'non-nmethods': size=5760Kb used=1178Kb max_used=1194Kb free=4581Kb
 bounds [0x000001ca87530000, 0x000001ca877a0000, 0x000001ca87ad0000]
 total_blobs=2013 nmethods=1538 adapters=388
 compilation: enabled
              stopped_count=0, restarted_count=0
 full_count=0

Compilation events (20 events):
Event: 43.665 Thread 0x000001cafd02e330 nmethod 1524 0x000001ca802e9f90 code [0x000001ca802ea260, 0x000001ca802eafc8]
Event: 43.665 Thread 0x000001cafd02e330 1520       3       org.gradle.internal.logging.text.AbstractLineChoppingStyledTextOutput$SeenFromEol::all (18 bytes)
Event: 43.665 Thread 0x000001cafd02e330 nmethod 1520 0x000001ca802eb590 code [0x000001ca802eb720, 0x000001ca802eb898]
Event: 43.665 Thread 0x000001cafd02e330 1521       3       org.gradle.internal.logging.text.AbstractLineChoppingStyledTextOutput$SeenFromEol::none (13 bytes)
Event: 43.665 Thread 0x000001cafd02e330 nmethod 1521 0x000001ca802eb990 code [0x000001ca802ebb20, 0x000001ca802ebc98]
Event: 43.665 Thread 0x000001cafd02e330 1525       3       org.gradle.internal.logging.text.AbstractLineChoppingStyledTextOutput::access$900 (4 bytes)
Event: 43.665 Thread 0x000001cafd02e330 nmethod 1525 0x000001ca802ebd10 code [0x000001ca802ebea0, 0x000001ca802ebf98]
Event: 43.665 Thread 0x000001cafd02e330 1526       3       org.gradle.internal.logging.text.AbstractLineChoppingStyledTextOutput$StateContext::next (11 bytes)
Event: 43.665 Thread 0x000001cafd02e330 nmethod 1526 0x000001ca802ec010 code [0x000001ca802ec1a0, 0x000001ca802ec2b8]
Event: 43.682 Thread 0x000001caf8d7e0d0 1527       4       java.lang.String::toString (2 bytes)
Event: 43.683 Thread 0x000001cafd02e330 1528       3       java.nio.ByteBuffer::hasArray (20 bytes)
Event: 43.683 Thread 0x000001caf8d7e0d0 nmethod 1527 0x000001ca87b5a210 code [0x000001ca87b5a380, 0x000001ca87b5a3f8]
Event: 43.683 Thread 0x000001cafd02e330 nmethod 1528 0x000001ca802ec390 code [0x000001ca802ec520, 0x000001ca802ec6d8]
Event: 43.686 Thread 0x000001caf8d7e0d0 1529       4       org.gradle.internal.logging.text.AbstractLineChoppingStyledTextOutput$StateContext::isCurrentCharEquals (70 bytes)
Event: 43.688 Thread 0x000001caf8d7e0d0 nmethod 1529 0x000001ca87b5a510 code [0x000001ca87b5a6a0, 0x000001ca87b5a7e8]
Event: 43.690 Thread 0x000001cafd02e330 1530       3       java.nio.CharBuffer::hasArray (20 bytes)
Event: 43.690 Thread 0x000001caf8d7e0d0 1531       4       org.gradle.internal.logging.text.AbstractLineChoppingStyledTextOutput$StateContext::hasChar (25 bytes)
Event: 43.690 Thread 0x000001cafd02e330 nmethod 1530 0x000001ca802ec790 code [0x000001ca802ec920, 0x000001ca802ecad8]
Event: 43.691 Thread 0x000001caf8d7e0d0 nmethod 1531 0x000001ca87b5a990 code [0x000001ca87b5ab00, 0x000001ca87b5abb8]
Event: 43.727 Thread 0x000001caf8d7e0d0 1532       4       org.gradle.internal.logging.text.AbstractLineChoppingStyledTextOutput$1::execute (9 bytes)

GC Heap History (4 events):
Event: 0.847 GC heap before
{Heap before GC invocations=0 (full 0):
 garbage-first heap   total 131072K, used 12288K [0x0000000081800000, 0x0000000100000000)
  region size 1024K, 13 young (13312K), 0 survivors (0K)
 Metaspace       used 8468K, committed 8576K, reserved 1114112K
  class space    used 745K, committed 768K, reserved 1048576K
}
Event: 0.851 GC heap after
{Heap after GC invocations=1 (full 0):
 garbage-first heap   total 131072K, used 2925K [0x0000000081800000, 0x0000000100000000)
  region size 1024K, 2 young (2048K), 2 survivors (2048K)
 Metaspace       used 8468K, committed 8576K, reserved 1114112K
  class space    used 745K, committed 768K, reserved 1048576K
}
Event: 1.655 GC heap before
{Heap before GC invocations=1 (full 0):
 garbage-first heap   total 131072K, used 22381K [0x0000000081800000, 0x0000000100000000)
  region size 1024K, 18 young (18432K), 2 survivors (2048K)
 Metaspace       used 12773K, committed 12992K, reserved 1114112K
  class space    used 1410K, committed 1536K, reserved 1048576K
}
Event: 1.660 GC heap after
{Heap after GC invocations=2 (full 0):
 garbage-first heap   total 131072K, used 11070K [0x0000000081800000, 0x0000000100000000)
  region size 1024K, 3 young (3072K), 3 survivors (3072K)
 Metaspace       used 12773K, committed 12992K, reserved 1114112K
  class space    used 1410K, committed 1536K, reserved 1048576K
}

Dll operation events (2 events):
Event: 0.009 Loaded shared library C:\Program Files\Android\Android Studio\jbr\bin\java.dll
Event: 0.190 Loaded shared library C:\Program Files\Android\Android Studio\jbr\bin\verify.dll

Deoptimization events (20 events):
Event: 2.517 Thread 0x000001cafde346a0 Uncommon trap: trap_request=0xffffff45 fr.pc=0x000001ca87b05d4c relative=0x000000000000012c
Event: 2.517 Thread 0x000001cafde346a0 Uncommon trap: reason=unstable_if action=reinterpret pc=0x000001ca87b05d4c method=java.lang.AbstractStringBuilder.putStringAt(ILjava/lang/String;II)V @ 8 c2
Event: 2.517 Thread 0x000001cafde346a0 DEOPT PACKING pc=0x000001ca87b05d4c sp=0x0000008098bfef10
Event: 2.517 Thread 0x000001cafde346a0 DEOPT UNPACKING pc=0x000001ca875869a3 sp=0x0000008098bfee40 mode 2
Event: 2.517 Thread 0x000001cafde346a0 Uncommon trap: trap_request=0xffffff45 fr.pc=0x000001ca87b33874 relative=0x00000000000003d4
Event: 2.517 Thread 0x000001cafde346a0 Uncommon trap: reason=unstable_if action=reinterpret pc=0x000001ca87b33874 method=java.lang.AbstractStringBuilder.isLatin1()Z @ 10 c2
Event: 2.517 Thread 0x000001cafde346a0 DEOPT PACKING pc=0x000001ca87b33874 sp=0x0000008098bfefd0
Event: 2.517 Thread 0x000001cafde346a0 DEOPT UNPACKING pc=0x000001ca875869a3 sp=0x0000008098bfef50 mode 2
Event: 43.648 Thread 0x000001caee836080 Uncommon trap: trap_request=0xffffffc6 fr.pc=0x000001ca87b2c2c4 relative=0x0000000000000564
Event: 43.648 Thread 0x000001caee836080 Uncommon trap: reason=bimorphic_or_optimized_type_check action=maybe_recompile pc=0x000001ca87b2c2c4 method=java.util.concurrent.ConcurrentHashMap.get(Ljava/lang/Object;)Ljava/lang/Object; @ 149 c2
Event: 43.648 Thread 0x000001caee836080 DEOPT PACKING pc=0x000001ca87b2c2c4 sp=0x00000080974fbd90
Event: 43.648 Thread 0x000001caee836080 DEOPT UNPACKING pc=0x000001ca875869a3 sp=0x00000080974fbd30 mode 2
Event: 43.652 Thread 0x000001caee836080 Uncommon trap: trap_request=0xffffff45 fr.pc=0x000001ca87b3eb74 relative=0x00000000000001d4
Event: 43.652 Thread 0x000001caee836080 Uncommon trap: reason=unstable_if action=reinterpret pc=0x000001ca87b3eb74 method=java.net.URI$Parser.scan(IILjava/lang/String;)I @ 26 c2
Event: 43.652 Thread 0x000001caee836080 DEOPT PACKING pc=0x000001ca87b3eb74 sp=0x00000080974fc950
Event: 43.652 Thread 0x000001caee836080 DEOPT UNPACKING pc=0x000001ca875869a3 sp=0x00000080974fc8e0 mode 2
Event: 43.727 Thread 0x000001caee836080 Uncommon trap: trap_request=0xffffff45 fr.pc=0x000001ca87b5ab68 relative=0x0000000000000068
Event: 43.727 Thread 0x000001caee836080 Uncommon trap: reason=unstable_if action=reinterpret pc=0x000001ca87b5ab68 method=org.gradle.internal.logging.text.AbstractLineChoppingStyledTextOutput$StateContext.hasChar()Z @ 16 c2
Event: 43.727 Thread 0x000001caee836080 DEOPT PACKING pc=0x000001ca87b5ab68 sp=0x00000080974fc940
Event: 43.727 Thread 0x000001caee836080 DEOPT UNPACKING pc=0x000001ca875869a3 sp=0x00000080974fc8d8 mode 2

Classes unloaded (0 events):
No events

Classes redefined (0 events):
No events

Internal exceptions (20 events):
Event: 1.448 Thread 0x000001caee836080 Exception <a 'java/lang/NoSuchMethodError'{0x0000000088c0e1d8}: 'int java.lang.invoke.DirectMethodHandle$Holder.invokeSpecial(java.lang.Object, java.lang.Object, java.lang.Object)'> (0x0000000088c0e1d8) 
thrown [s\src\hotspot\share\interpreter\linkResolver.cpp, line 771]
Event: 1.453 Thread 0x000001caee836080 Exception <a 'java/lang/NoSuchMethodError'{0x0000000088c21390}: 'java.lang.Object java.lang.invoke.Invokers$Holder.invokeExact_MT(java.lang.Object, java.lang.Object, java.lang.Object, java.lang.Object)'> (0x0000000088c21390) 
thrown [s\src\hotspot\share\interpreter\linkResolver.cpp, line 771]
Event: 1.683 Thread 0x000001caee836080 Exception <a 'java/lang/NoSuchMethodError'{0x0000000089777000}: 'void java.lang.invoke.DirectMethodHandle$Holder.invokeSpecial(java.lang.Object, java.lang.Object, java.lang.Object)'> (0x0000000089777000) 
thrown [s\src\hotspot\share\interpreter\linkResolver.cpp, line 771]
Event: 1.698 Thread 0x000001caee836080 Implicit null exception at 0x000001ca87b2430c to 0x000001ca87b24850
Event: 1.698 Thread 0x000001caee836080 Implicit null exception at 0x000001ca87b0ef8f to 0x000001ca87b0f4d4
Event: 1.698 Thread 0x000001caee836080 Implicit null exception at 0x000001ca87b29a8f to 0x000001ca87b29b05
Event: 1.727 Thread 0x000001caee836080 Exception <a 'java/lang/NoSuchMethodError'{0x000000008950d0b8}: 'java.lang.Object java.lang.invoke.DirectMethodHandle$Holder.invokeStaticInit(java.lang.Object)'> (0x000000008950d0b8) 
thrown [s\src\hotspot\share\interpreter\linkResolver.cpp, line 771]
Event: 1.875 Thread 0x000001caee836080 Exception <a 'java/lang/NoSuchMethodError'{0x00000000892cc470}: 'java.lang.Object java.lang.invoke.DirectMethodHandle$Holder.invokeStaticInit(java.lang.Object, int, int, int, int)'> (0x00000000892cc470) 
thrown [s\src\hotspot\share\interpreter\linkResolver.cpp, line 771]
Event: 1.946 Thread 0x000001caee836080 Exception <a 'java/lang/NoSuchMethodError'{0x00000000892f3fa8}: 'java.lang.Object java.lang.invoke.DirectMethodHandle$Holder.invokeStaticInit(java.lang.Object, java.lang.Object, int, int, int, int)'> (0x00000000892f3fa8) 
thrown [s\src\hotspot\share\interpreter\linkResolver.cpp, line 771]
Event: 2.160 Thread 0x000001caee836080 Exception <a 'java/lang/NoSuchMethodError'{0x0000000089123358}: 'void java.lang.invoke.DirectMethodHandle$Holder.invokeStatic(java.lang.Object, java.lang.Object, java.lang.Object)'> (0x0000000089123358) 
thrown [s\src\hotspot\share\interpreter\linkResolver.cpp, line 771]
Event: 2.191 Thread 0x000001caee836080 Implicit null exception at 0x000001ca87b0d072 to 0x000001ca87b0d648
Event: 2.191 Thread 0x000001caee836080 Implicit null exception at 0x000001ca87b03172 to 0x000001ca87b03758
Event: 2.434 Thread 0x000001cafde346a0 Exception <a 'java/lang/NoSuchMethodError'{0x0000000088b0df48}: 'void java.lang.invoke.DirectMethodHandle$Holder.invokeStatic(java.lang.Object, long)'> (0x0000000088b0df48) 
thrown [s\src\hotspot\share\interpreter\linkResolver.cpp, line 771]
Event: 2.435 Thread 0x000001cafde346a0 Exception <a 'java/lang/NoSuchMethodError'{0x0000000088b138a0}: 'java.lang.Object java.lang.invoke.DirectMethodHandle$Holder.newInvokeSpecial(java.lang.Object, long)'> (0x0000000088b138a0) 
thrown [s\src\hotspot\share\interpreter\linkResolver.cpp, line 771]
Event: 2.439 Thread 0x000001cafde346a0 Exception <a 'java/lang/NoSuchMethodError'{0x0000000088b1e448}: 'java.lang.Object java.lang.invoke.DirectMethodHandle$Holder.invokeStaticInit(java.lang.Object, java.lang.Object, long, java.lang.Object)'> (0x0000000088b1e448) 
thrown [s\src\hotspot\share\interpreter\linkResolver.cpp, line 771]
Event: 2.441 Thread 0x000001cafde346a0 Exception <a 'java/lang/NoSuchMethodError'{0x0000000088b24ad0}: 'java.lang.Object java.lang.invoke.DirectMethodHandle$Holder.newInvokeSpecial(java.lang.Object, java.lang.Object, long)'> (0x0000000088b24ad0) 
thrown [s\src\hotspot\share\interpreter\linkResolver.cpp, line 771]
Event: 2.443 Thread 0x000001cafde346a0 Exception <a 'java/lang/NoSuchMethodError'{0x0000000088b28dc0}: 'java.lang.Object java.lang.invoke.Invokers$Holder.linkToTargetMethod(java.lang.Object, long, java.lang.Object)'> (0x0000000088b28dc0) 
thrown [s\src\hotspot\share\interpreter\linkResolver.cpp, line 771]
Event: 43.638 Thread 0x000001caee836080 Exception <a 'sun/net/ConnectionResetException'{0x00000000888b04c8}: Connection reset> (0x00000000888b04c8) 
thrown [s\src\hotspot\share\prims\jni.cpp, line 550]
Event: 43.649 Thread 0x000001caee836080 Exception <a 'java/lang/NoSuchMethodError'{0x00000000888ed8c8}: 'int java.lang.invoke.DirectMethodHandle$Holder.invokeVirtual(java.lang.Object, java.lang.Object)'> (0x00000000888ed8c8) 
thrown [s\src\hotspot\share\interpreter\linkResolver.cpp, line 771]
Event: 43.653 Thread 0x000001cafdc8fd90 Exception <a 'java/io/IOException'{0x00000000888720d0}: Connection reset by peer> (0x00000000888720d0) 
thrown [s\src\hotspot\share\prims\jni.cpp, line 550]

VM Operations (20 events):
Event: 3.512 Executing VM operation: Cleanup
Event: 3.512 Executing VM operation: Cleanup done
Event: 6.533 Executing VM operation: Cleanup
Event: 6.534 Executing VM operation: Cleanup done
Event: 6.567 Executing VM operation: HandshakeAllThreads
Event: 6.567 Executing VM operation: HandshakeAllThreads done
Event: 7.581 Executing VM operation: Cleanup
Event: 7.581 Executing VM operation: Cleanup done
Event: 21.662 Executing VM operation: Cleanup
Event: 21.662 Executing VM operation: Cleanup done
Event: 26.714 Executing VM operation: Cleanup
Event: 26.714 Executing VM operation: Cleanup done
Event: 27.725 Executing VM operation: Cleanup
Event: 27.725 Executing VM operation: Cleanup done
Event: 41.829 Executing VM operation: Cleanup
Event: 41.829 Executing VM operation: Cleanup done
Event: 43.730 Executing VM operation: HandshakeAllThreads
Event: 43.730 Executing VM operation: HandshakeAllThreads done
Event: 43.730 Executing VM operation: Cleanup
Event: 43.730 Executing VM operation: Cleanup done

Events (20 events):
Event: 14.930 loading class jdk/internal/reflect/ByteVectorImpl done
Event: 14.930 loading class jdk/internal/reflect/ClassFileAssembler
Event: 14.930 loading class jdk/internal/reflect/ClassFileAssembler done
Event: 14.930 loading class jdk/internal/reflect/UTF8
Event: 14.930 loading class jdk/internal/reflect/UTF8 done
Event: 14.931 loading class jdk/internal/reflect/Label
Event: 14.931 loading class jdk/internal/reflect/Label done
Event: 14.931 loading class jdk/internal/reflect/Label$PatchInfo
Event: 14.932 loading class jdk/internal/reflect/Label$PatchInfo done
Event: 14.932 loading class jdk/internal/reflect/MethodAccessorGenerator$1
Event: 14.932 loading class jdk/internal/reflect/MethodAccessorGenerator$1 done
Event: 14.932 loading class jdk/internal/reflect/ClassDefiner
Event: 14.932 loading class jdk/internal/reflect/ClassDefiner done
Event: 14.932 loading class jdk/internal/reflect/ClassDefiner$1
Event: 14.932 loading class jdk/internal/reflect/ClassDefiner$1 done
Event: 43.638 loading class sun/net/ConnectionResetException
Event: 43.638 loading class sun/net/ConnectionResetException done
Event: 43.653 Thread 0x000001cafdc8fd90 Thread exited: 0x000001cafdc8fd90
Event: 43.655 loading class java/util/concurrent/ConcurrentLinkedQueue$Itr
Event: 43.655 loading class java/util/concurrent/ConcurrentLinkedQueue$Itr done


Dynamic libraries:
0x00007ff6e2320000 - 0x00007ff6e232a000 	C:\Program Files\Android\Android Studio\jbr\bin\java.exe
0x00007ffdf17f0000 - 0x00007ffdf19e8000 	C:\Windows\SYSTEM32\ntdll.dll
0x00007ffdefc50000 - 0x00007ffdefd12000 	C:\Windows\System32\KERNEL32.DLL
0x00007ffdef490000 - 0x00007ffdef78f000 	C:\Windows\System32\KERNELBASE.dll
0x00007ffdef000000 - 0x00007ffdef100000 	C:\Windows\System32\ucrtbase.dll
0x00007ffdcdfd0000 - 0x00007ffdcdfe7000 	C:\Program Files\Android\Android Studio\jbr\bin\jli.dll
0x00007ffdf0280000 - 0x00007ffdf041d000 	C:\Windows\System32\USER32.dll
0x00007ffdeefd0000 - 0x00007ffdeeff2000 	C:\Windows\System32\win32u.dll
0x00007ffdf0430000 - 0x00007ffdf045b000 	C:\Windows\System32\GDI32.dll
0x00007ffdeeeb0000 - 0x00007ffdeefc7000 	C:\Windows\System32\gdi32full.dll
0x00007ffdef340000 - 0x00007ffdef3dd000 	C:\Windows\System32\msvcp_win.dll
0x00007ffde6910000 - 0x00007ffde692b000 	C:\Program Files\Android\Android Studio\jbr\bin\VCRUNTIME140.dll
0x00007ffdd76c0000 - 0x00007ffdd795a000 	C:\Windows\WinSxS\amd64_microsoft.windows.common-controls_6595b64144ccf1df_6.0.19041.4355_none_60b8b9eb71f62e16\COMCTL32.dll
0x00007ffdefb50000 - 0x00007ffdefbee000 	C:\Windows\System32\msvcrt.dll
0x00007ffdf12d0000 - 0x00007ffdf12ff000 	C:\Windows\System32\IMM32.DLL
0x00007ffde6a80000 - 0x00007ffde6a8c000 	C:\Program Files\Android\Android Studio\jbr\bin\vcruntime140_1.dll
0x00007ffdcb700000 - 0x00007ffdcb78d000 	C:\Program Files\Android\Android Studio\jbr\bin\msvcp140.dll
0x00007ffdb5700000 - 0x00007ffdb6383000 	C:\Program Files\Android\Android Studio\jbr\bin\server\jvm.dll
0x00007ffdf13a0000 - 0x00007ffdf1451000 	C:\Windows\System32\ADVAPI32.dll
0x00007ffdf1300000 - 0x00007ffdf139f000 	C:\Windows\System32\sechost.dll
0x00007ffdf15f0000 - 0x00007ffdf1713000 	C:\Windows\System32\RPCRT4.dll
0x00007ffdeee80000 - 0x00007ffdeeea7000 	C:\Windows\System32\bcrypt.dll
0x00007ffdeece0000 - 0x00007ffdeed2b000 	C:\Windows\SYSTEM32\POWRPROF.dll
0x00007ffdea0c0000 - 0x00007ffdea0c9000 	C:\Windows\SYSTEM32\WSOCK32.dll
0x00007ffdf1580000 - 0x00007ffdf15eb000 	C:\Windows\System32\WS2_32.dll
0x00007ffddbd60000 - 0x00007ffddbd87000 	C:\Windows\SYSTEM32\WINMM.dll
0x00007ffde29f0000 - 0x00007ffde29fa000 	C:\Windows\SYSTEM32\VERSION.dll
0x00007ffdeecc0000 - 0x00007ffdeecd2000 	C:\Windows\SYSTEM32\UMPDC.dll
0x00007ffded680000 - 0x00007ffded692000 	C:\Windows\SYSTEM32\kernel.appcore.dll
0x00007ffde7720000 - 0x00007ffde772a000 	C:\Program Files\Android\Android Studio\jbr\bin\jimage.dll
0x00007ffdec4b0000 - 0x00007ffdec694000 	C:\Windows\SYSTEM32\DBGHELP.DLL
0x00007ffde3c40000 - 0x00007ffde3c74000 	C:\Windows\SYSTEM32\dbgcore.DLL
0x00007ffdef150000 - 0x00007ffdef1d2000 	C:\Windows\System32\bcryptPrimitives.dll
0x00007ffdddc00000 - 0x00007ffdddc25000 	C:\Program Files\Android\Android Studio\jbr\bin\java.dll
0x00007ffde70f0000 - 0x00007ffde7108000 	C:\Program Files\Android\Android Studio\jbr\bin\zip.dll
0x00007ffdf0540000 - 0x00007ffdf0cae000 	C:\Windows\System32\SHELL32.dll
0x00007ffdecda0000 - 0x00007ffded544000 	C:\Windows\SYSTEM32\windows.storage.dll
0x00007ffdeff00000 - 0x00007ffdf0255000 	C:\Windows\System32\combase.dll
0x00007ffdee7e0000 - 0x00007ffdee80f000 	C:\Windows\SYSTEM32\Wldp.dll
0x00007ffdefd20000 - 0x00007ffdefded000 	C:\Windows\System32\OLEAUT32.dll
0x00007ffdefdf0000 - 0x00007ffdefe9d000 	C:\Windows\System32\SHCORE.dll
0x00007ffdefea0000 - 0x00007ffdefef5000 	C:\Windows\System32\shlwapi.dll
0x00007ffdeedb0000 - 0x00007ffdeedd4000 	C:\Windows\SYSTEM32\profapi.dll
0x00007ffdddbe0000 - 0x00007ffdddbf9000 	C:\Program Files\Android\Android Studio\jbr\bin\net.dll
0x00007ffde4f40000 - 0x00007ffde504d000 	C:\Windows\SYSTEM32\WINHTTP.dll
0x00007ffdee540000 - 0x00007ffdee5aa000 	C:\Windows\system32\mswsock.dll
0x00007ffdddbc0000 - 0x00007ffdddbd6000 	C:\Program Files\Android\Android Studio\jbr\bin\nio.dll
0x00007ffdddba0000 - 0x00007ffdddbb0000 	C:\Program Files\Android\Android Studio\jbr\bin\verify.dll
0x00007ffde68e0000 - 0x00007ffde6907000 	C:\Users\Mohamed Yasser\.gradle\native\68d5fa5c4cc2d200863cafc0d521ce42e7d3e7ee720ec0a83991735586a16f82\windows-amd64\native-platform.dll
0x00007ffde04e0000 - 0x00007ffde04e9000 	C:\Program Files\Android\Android Studio\jbr\bin\management.dll
0x00007ffdddbb0000 - 0x00007ffdddbbb000 	C:\Program Files\Android\Android Studio\jbr\bin\management_ext.dll
0x00007ffdef930000 - 0x00007ffdef938000 	C:\Windows\System32\PSAPI.DLL
0x00007ffdee730000 - 0x00007ffdee748000 	C:\Windows\SYSTEM32\CRYPTSP.dll
0x00007ffdede60000 - 0x00007ffdede94000 	C:\Windows\system32\rsaenh.dll
0x00007ffdeed70000 - 0x00007ffdeed9e000 	C:\Windows\SYSTEM32\USERENV.dll
0x00007ffdee750000 - 0x00007ffdee75c000 	C:\Windows\SYSTEM32\CRYPTBASE.dll
0x00007ffdee220000 - 0x00007ffdee25b000 	C:\Windows\SYSTEM32\IPHLPAPI.DLL
0x00007ffdf0cb0000 - 0x00007ffdf0cb8000 	C:\Windows\System32\NSI.dll
0x00007ffde6ea0000 - 0x00007ffde6eb7000 	C:\Windows\SYSTEM32\dhcpcsvc6.DLL
0x00007ffde6ca0000 - 0x00007ffde6cbd000 	C:\Windows\SYSTEM32\dhcpcsvc.DLL
0x00007ffdee2b0000 - 0x00007ffdee37a000 	C:\Windows\SYSTEM32\DNSAPI.dll
0x00007ffde12e0000 - 0x00007ffde12e9000 	C:\Program Files\Android\Android Studio\jbr\bin\extnet.dll
0x00007ffde7710000 - 0x00007ffde7717000 	C:\Windows\system32\wshunix.dll

dbghelp: loaded successfully - version: 4.0.5 - missing functions: none
symbol engine: initialized successfully - sym options: 0x614 - pdb path: .;C:\Program Files\Android\Android Studio\jbr\bin;C:\Windows\SYSTEM32;C:\Windows\WinSxS\amd64_microsoft.windows.common-controls_6595b64144ccf1df_6.0.19041.4355_none_60b8b9eb71f62e16;C:\Program Files\Android\Android Studio\jbr\bin\server;C:\Users\Mohamed Yasser\.gradle\native\68d5fa5c4cc2d200863cafc0d521ce42e7d3e7ee720ec0a83991735586a16f82\windows-amd64

VM Arguments:
jvm_args: -Dorg.gradle.appname=gradlew 
java_command: org.gradle.wrapper.GradleWrapperMain -q -Ptarget-platform=android-arm64 -Ptarget=D:\Flutter_block_version_one\trend_bloc\trend\lib\main.dart -Pbase-application-name=android.app.Application -Pdart-defines=Zmx1dHRlci5pbnNwZWN0b3Iuc3RydWN0dXJlZEVycm9ycz10cnVl -Pdart-obfuscation=false -Ptrack-widget-creation=true -Ptree-shake-icons=false -Pfilesystem-scheme=org-dartlang-root assembleDebug
java_class_path (initial): D:\Flutter_block_version_one\trend_bloc\trend\android\\gradle\wrapper\gradle-wrapper.jar
Launcher Type: SUN_STANDARD

[Global flags]
     intx CICompilerCount                          = 3                                         {product} {ergonomic}
     uint ConcGCThreads                            = 1                                         {product} {ergonomic}
     uint G1ConcRefinementThreads                  = 4                                         {product} {ergonomic}
   size_t G1HeapRegionSize                         = 1048576                                   {product} {ergonomic}
    uintx GCDrainStackTargetSize                   = 64                                        {product} {ergonomic}
   size_t InitialHeapSize                          = 134217728                                 {product} {ergonomic}
   size_t MarkStackSize                            = 4194304                                   {product} {ergonomic}
   size_t MaxHeapSize                              = 2122317824                                {product} {ergonomic}
   size_t MaxNewSize                               = 1272971264                                {product} {ergonomic}
   size_t MinHeapDeltaBytes                        = 1048576                                   {product} {ergonomic}
   size_t MinHeapSize                              = 8388608                                   {product} {ergonomic}
    uintx NonNMethodCodeHeapSize                   = 5832780                                {pd product} {ergonomic}
    uintx NonProfiledCodeHeapSize                  = 122912730                              {pd product} {ergonomic}
    uintx ProfiledCodeHeapSize                     = 122912730                              {pd product} {ergonomic}
    uintx ReservedCodeCacheSize                    = 251658240                              {pd product} {ergonomic}
     bool SegmentedCodeCache                       = true                                      {product} {ergonomic}
   size_t SoftMaxHeapSize                          = 2122317824                             {manageable} {ergonomic}
     bool UseCompressedClassPointers               = true                           {product lp64_product} {ergonomic}
     bool UseCompressedOops                        = true                           {product lp64_product} {ergonomic}
     bool UseG1GC                                  = true                                      {product} {ergonomic}
     bool UseLargePagesIndividualAllocation        = false                                  {pd product} {ergonomic}

Logging:
Log output configuration:
 #0: stdout all=warning uptime,level,tags
 #1: stderr all=off uptime,level,tags

Environment Variables:
JAVA_HOME=C:\Program Files\Android\Android Studio\jbr
CLASSPATH=D:\Flutter_block_version_one\trend_bloc\trend\android\\gradle\wrapper\gradle-wrapper.jar
PATH=C:\Program Files\Android\Android Studio\jbr\bin;C:\Program Files\Microsoft SDKs\Azure\CLI2\wbin;C:\Program Files\Python312\Scripts\;C:\Program Files\Python312\;C:\Program Files\Common Files\Oracle\Java\javapath;C:\Windows\system32;C:\Windows;C:\Windows\System32\Wbem;C:\Windows\System32\WindowsPowerShell\v1.0\;C:\Windows\System32\OpenSSH\;C:\src\flutter\bin;C:\Program Files\scarpy\scrcpy-win64-v2.3.1;C:\Program Files\node js\;C:\New folder\Scripts;C:\Program Files\MySQL\MySQL Shell 8.0\bin\mysql.exe;C:\Program Files\MySQL\MySQL Server 8.0\bin;C:\Users\Mohamed Yasser\AppData\Local\Pub\Cache\bin\flutterfire;C:\Users\Mohamed Yasser\AppData\Local\Pub\Cache\bi;C:\Users\Mohamed Yasser\AppData\Roaming\npm;C:\MinGW\bin;C:\Program Files\Git\cmd;C:\Program Files\dart-sdk\bin;C:\Program Files\Microsoft SDKs\Azure\CLI2\wbin;C:\Program Files\Python312\Scripts\;C:\Program Files\Python312\;C:\Program Files\Common Files\Oracle\Java\javapath;C:\Windows\system32;C:\Windows;C:\Windows\System32\Wbem;C:\Windows\System32\WindowsPowerShell\v1.0\;C:\Windows\System32\OpenSSH\;C:\src\flutter\bin;C:\Program Files\Git\cmd;C:\Program Files\scarpy\scrcpy-win64-v2.3.1;C:\Program Files\node js\;C:\New folder\Scripts;C:\Program Files\Docker\Docker\resources\bin;C:\Program Files\MySQL\MySQL Shell 8.0\bin\mysql.exe;C:\Program Files\MySQL\MySQL Server 8.0\bin;C:\Program Files\MySQL\MySQL Shell 8.0\bin\;C:\New folder;C:\New folder\Library\mingw-w64\bin;C:\New folder\Library\usr\bin;C:\New folder\Library\bin;C:\New folder\Scripts;C:\Users\Mohamed Yasser\AppData\Local\Microsoft\WindowsApps;C:\Users\Mohamed Yasser\AppData\Local\Programs\Microsoft VS Code\bin;C:\Program Files\dart-sdk\bin;C:\src\flutter\bin;C:\src\Android\Sdk;D:\Programming_languages\Flutter\My_project\android\gradle;D:\Programming_languages\F;C:\Users\Mohamed Yasser\AppData\Local\Pub\Cache\bin\flutterfire;C:\Users\Mohamed Yasser\AppData\Local\Pub\Cache\bin;C:\MinGW\bin;C:\Program Files\dart-sdk\bin;C:\src\dart-sdk\bin;C:\src\flutter\bin;
USERNAME=Mohamed Yasser
OS=Windows_NT
PROCESSOR_IDENTIFIER=Intel64 Family 6 Model 61 Stepping 4, GenuineIntel
TMP=C:\Users\MOHAME~1\AppData\Local\Temp
TEMP=C:\Users\MOHAME~1\AppData\Local\Temp



Periodic native trim disabled

JNI global refs:
JNI global refs: 19, weak refs: 3

JNI global refs memory usage: 843, weak refs: 841

Process memory usage:
Resident Set Size: 91932K (1% of 8288700K total physical memory with 549296K free physical memory)

OOME stack traces (most recent first):
Classloader memory used:
Loader bootstrap                                                                       : 1629K
Loader org.gradle.internal.classloader.VisitableURLClassLoader                         : 579K
Loader java.net.URLClassLoader                                                         : 28201B
Loader jdk.internal.loader.ClassLoaders$AppClassLoader                                 : 18431B
Loader jdk.internal.loader.ClassLoaders$PlatformClassLoader                            : 14400B
Loader jdk.internal.reflect.DelegatingClassLoader                                      : 439B

Classes loaded by more than one classloader:
Class org.gradle.internal.installation.GradleInstallation                             : loaded 2 times (x 73B)
Class org.gradle.cli.ParsedCommandLine                                                : loaded 2 times (x 78B)
Class org.gradle.internal.classpath.ClassPath                                         : loaded 2 times (x 68B)
Class org.gradle.api.internal.classpath.DefaultModuleRegistry                         : loaded 2 times (x 84B)
Class org.gradle.api.Action                                                           : loaded 2 times (x 68B)
Class org.gradle.cli.CommandLineParser$OptionString                                   : loaded 2 times (x 71B)
Class org.gradle.internal.installation.GradleInstallation$1                           : loaded 2 times (x 73B)
Class org.gradle.cli.CommandLineParser$AfterOptions                                   : loaded 2 times (x 75B)
Class org.gradle.internal.classpath.DefaultClassPath$ImmutableUniqueList$Builder      : loaded 2 times (x 73B)
Class org.gradle.cli.CommandLineParser$AfterFirstSubCommand                           : loaded 2 times (x 75B)
Class org.gradle.internal.classloader.ClassLoaderVisitor                              : loaded 2 times (x 74B)
Class org.gradle.internal.service.UnknownServiceException                             : loaded 2 times (x 81B)
Class org.gradle.api.GradleException                                                  : loaded 2 times (x 80B)
Class org.gradle.api.internal.classpath.ModuleRegistry                                : loaded 2 times (x 68B)
Class org.gradle.cli.CommandLineParser$KnownOptionParserState                         : loaded 2 times (x 74B)
Class org.gradle.internal.classloader.ClasspathUtil$1                                 : loaded 2 times (x 74B)
Class org.gradle.cli.AbstractPropertiesCommandLineConverter                           : loaded 2 times (x 81B)
Class org.gradle.api.internal.classpath.ManifestUtil                                  : loaded 2 times (x 69B)
Class org.gradle.api.specs.Spec                                                       : loaded 2 times (x 68B)
Class org.gradle.cli.SystemPropertiesCommandLineConverter                             : loaded 2 times (x 81B)
Class org.gradle.internal.IoActions                                                   : loaded 2 times (x 69B)
Class org.gradle.api.internal.classpath.EffectiveClassPath                            : loaded 2 times (x 88B)
Class org.gradle.internal.installation.CurrentGradleInstallation                      : loaded 2 times (x 71B)
Class org.gradle.internal.installation.CurrentGradleInstallationLocator               : loaded 2 times (x 69B)
Class org.gradle.api.internal.classpath.Module                                        : loaded 2 times (x 68B)
Class org.gradle.internal.classpath.DefaultClassPath                                  : loaded 2 times (x 88B)
Class org.gradle.cli.CommandLineParser                                                : loaded 2 times (x 77B)
Class org.gradle.cli.CommandLineParser$BeforeFirstSubCommand                          : loaded 2 times (x 75B)
Class org.gradle.internal.classloader.SystemClassLoaderSpec                           : loaded 2 times (x 69B)
Class org.gradle.cli.CommandLineOption                                                : loaded 2 times (x 84B)
Class org.gradle.cli.CommandLineParser$ParserState                                    : loaded 2 times (x 74B)
Class org.gradle.cli.CommandLineParser$MissingOptionArgState                          : loaded 2 times (x 75B)
Class org.gradle.api.UncheckedIOException                                             : loaded 2 times (x 80B)
Class org.gradle.cli.ParsedCommandLineOption                                          : loaded 2 times (x 74B)
Class org.gradle.internal.classloader.ClasspathUtil                                   : loaded 2 times (x 69B)
Class org.gradle.api.internal.classpath.DefaultModuleRegistry$DefaultModule           : loaded 2 times (x 84B)
Class org.gradle.cli.CommandLineParser$UnknownOptionParserState                       : loaded 2 times (x 74B)
Class org.gradle.api.internal.classpath.UnknownModuleException                        : loaded 2 times (x 80B)
Class org.gradle.internal.service.ServiceLookupException                              : loaded 2 times (x 80B)
Class org.gradle.cache.GlobalCache                                                    : loaded 2 times (x 68B)
Class org.gradle.util.internal.GUtil                                                  : loaded 2 times (x 69B)
Class org.gradle.internal.classloader.ClassLoaderSpec                                 : loaded 2 times (x 69B)
Class org.gradle.cli.CommandLineParser$OptionAwareParserState                         : loaded 2 times (x 75B)
Class org.gradle.cli.CommandLineParser$OptionParserState                              : loaded 2 times (x 73B)
Class org.gradle.internal.Cast                                                        : loaded 2 times (x 69B)
Class org.gradle.internal.classloader.ClassLoaderHierarchy                            : loaded 2 times (x 68B)
Class org.gradle.cli.CommandLineConverter                                             : loaded 2 times (x 68B)
Class org.gradle.internal.InternalTransformer                                         : loaded 2 times (x 68B)
Class org.gradle.internal.classpath.DefaultClassPath$ImmutableUniqueList              : loaded 2 times (x 159B)
Class org.gradle.cli.AbstractCommandLineConverter                                     : loaded 2 times (x 77B)
Class org.gradle.cli.CommandLineArgumentException                                     : loaded 2 times (x 80B)


---------------  S Y S T E M  ---------------

OS:
 Windows 10 , 64 bit Build 19041 (10.0.19041.5198)
OS uptime: 0 days 7:14 hours

CPU: total 4 (initial active 4) (2 cores per cpu, 2 threads per core) family 6 model 61 stepping 4 microcode 0x2f, cx8, cmov, fxsr, ht, mmx, 3dnowpref, sse, sse2, sse3, ssse3, sse4.1, sse4.2, popcnt, lzcnt, tsc, tscinvbit, avx, avx2, aes, erms, clmul, bmi1, bmi2, rtm, adx, fma, vzeroupper, clflush
Processor Information for all 4 processors :
  Max Mhz: 1801, Current Mhz: 1801, Mhz Limit: 1801

Memory: 4k page, system-wide physical 8094M (563M free)
TotalPageFile size 13062M (AvailPageFile size 489M)
current process WorkingSet (physical memory assigned to process): 89M, peak: 91M
current process commit charge ("private bytes"): 221M, peak: 224M

vm_info: OpenJDK 64-Bit Server VM (17.0.11+0--11852314) for windows-amd64 JRE (17.0.11+0--11852314), built on May 16 2024 21:29:20 by "androidbuild" with MS VC++ 16.10 / 16.11 (VS2019)

END.
